[01:25:37] [ShulkerFix] TALBOT999 sold 92870x items [54x SHULKER_BOX, 92816x LEAD] from shulker boxes and earned 761,301 (multiplier: 1.5, uses: 24)
[01:25:42] [ShulkerFix] TALBOT999 sold 92588x items [6x WHITE_WOOL, 54x SHULKER_BOX, 92528x LEAD] from shulker boxes and earned 759,033.99 (multiplier: 1.5, uses: 23)
[01:26:01] [ShulkerFix] TALBOT999 sold 93366x items [54x SHULKER_BOX, 93312x LEAD] from shulker boxes and earned 765,207 (multiplier: 1.5, uses: 22)
[01:26:05] [ShulkerFix] TALBOT999 sold 93366x items [54x SHULKER_BOX, 93312x CRIMSON_ROOTS] from shulker boxes and earned 198,336.6 (multiplier: 1.5, uses: 21)
[01:26:06] [ShulkerFix] TALBOT999 sold 93366x items [54x SHULKER_BOX, 93312x CRIMSON_ROOTS] from shulker boxes and earned 198,336.6 (multiplier: 1.5, uses: 20)
[01:26:10] [ShulkerFix] TALBOT999 sold 93366x items [54x SHULKER_BOX, 93312x CRIMSON_ROOTS] from shulker boxes and earned 198,336.6 (multiplier: 1.5, uses: 19)
[01:26:10] [ShulkerFix] TALBOT999 sold 93366x items [54x SHULKER_BOX, 93312x CRIMSON_ROOTS] from shulker boxes and earned 198,336.6 (multiplier: 1.5, uses: 18)
[01:26:11] [ShulkerFix] TALBOT999 sold 93366x items [54x SHULKER_BOX, 93312x CRIMSON_ROOTS] from shulker boxes and earned 198,336.6 (multiplier: 1.5, uses: 17)
[01:26:11] [ShulkerFix] TALBOT999 sold 93366x items [54x SHULKER_BOX, 93312x CRIMSON_ROOTS] from shulker boxes and earned 198,336.6 (multiplier: 1.5, uses: 16)
[01:26:21] [ShulkerFix] TALBOT999 sold 93366x items [54x SHULKER_BOX, 93312x CRIMSON_ROOTS] from shulker boxes and earned 198,336.6 (multiplier: 1.5, uses: 15)
[01:26:22] [ShulkerFix] TALBOT999 sold 93366x items [54x SHULKER_BOX, 93312x CRIMSON_ROOTS] from shulker boxes and earned 198,336.6 (multiplier: 1.5, uses: 14)
[01:58:43] nichloper sold 1405x items [32x APPLE, 1022x COOKED_MUTTON, 39x SOUL_SAND, 64x CHORUS_FRUIT, 248x COOKED_COD] and earned 1306.7 (multiplier: 1.0, uses: 19)
[01:58:47] [ShulkerFix] nichloper sold 3881x items [5x BLACK_SHULKER_BOX, 3872x ENDER_PEARL, 4x SHULKER_BOX] from shulker boxes and earned 10,151 (multiplier: 1.0)
[01:58:48] nichloper sold 91x items [91x ENDER_PEARL] and earned 159.25 (multiplier: 1.0, uses: 18)
[02:03:53] nichloper sold 2944x items [2944x BAMBOO] and earned 4798.72 (multiplier: 1.0, uses: 17)
[02:03:58] nichloper sold 2752x items [2752x BAMBOO] and earned 4485.760000000001 (multiplier: 1.0, uses: 16)
[02:06:24] [ShulkerFix] nichloper sold 2x items [2x SHULKER_BOX] from shulker boxes and earned 750 (multiplier: 1.0, uses: 15)
[02:06:35] nichloper sold 679x items [336x COOKED_CHICKEN, 343x COOKED_COD] and earned 595.0 (multiplier: 1.0, uses: 14)
[02:17:30] [ShulkerFix] nichloper sold 3459x items [3456x GHAST_TEAR, 3x SHULKER_BOX] from shulker boxes and earned 53,527.5 (multiplier: 1.5)
[02:17:30] nichloper sold 3264x items [3264x GHAST_TEAR] and earned 48960.0 (multiplier: 1.5, uses: 16)
[05:09:01] [ShulkerFix] jomami24 sold 93366x items [54x SHULKER_BOX, 93312x LEAD] from shulker boxes and earned 765,207 (multiplier: 1.5, uses: 24)
[05:09:04] [ShulkerFix] jomami24 sold 93366x items [54x SHULKER_BOX, 93312x LEAD] from shulker boxes and earned 765,207 (multiplier: 1.5, uses: 23)
[05:09:06] [ShulkerFix] jomami24 sold 93366x items [54x SHULKER_BOX, 93312x LEAD] from shulker boxes and earned 765,207 (multiplier: 1.5, uses: 22)
[05:09:08] [ShulkerFix] jomami24 sold 93366x items [54x SHULKER_BOX, 93312x LEAD] from shulker boxes and earned 765,207 (multiplier: 1.5, uses: 21)
[05:09:12] [ShulkerFix] jomami24 sold 93366x items [54x SHULKER_BOX, 93312x LEAD] from shulker boxes and earned 765,207 (multiplier: 1.5, uses: 20)
[05:09:22] [ShulkerFix] jomami24 sold 93366x items [54x SHULKER_BOX, 93312x CRIMSON_ROOTS] from shulker boxes and earned 198,336.6 (multiplier: 1.5, uses: 19)
[05:09:23] [ShulkerFix] jomami24 sold 93366x items [54x SHULKER_BOX, 93312x CRIMSON_ROOTS] from shulker boxes and earned 198,336.6 (multiplier: 1.5, uses: 18)
[05:09:23] [ShulkerFix] jomami24 sold 93366x items [54x SHULKER_BOX, 93312x CRIMSON_ROOTS] from shulker boxes and earned 198,336.6 (multiplier: 1.5, uses: 17)
[05:09:24] [ShulkerFix] jomami24 sold 93366x items [54x SHULKER_BOX, 93312x CRIMSON_ROOTS] from shulker boxes and earned 198,336.6 (multiplier: 1.5, uses: 16)
[05:09:25] [ShulkerFix] jomami24 sold 93366x items [54x SHULKER_BOX, 93312x CRIMSON_ROOTS] from shulker boxes and earned 198,336.6 (multiplier: 1.5, uses: 15)
[05:09:25] [ShulkerFix] jomami24 sold 93366x items [54x SHULKER_BOX, 93312x CRIMSON_ROOTS] from shulker boxes and earned 198,336.6 (multiplier: 1.5, uses: 14)
[05:09:29] [ShulkerFix] jomami24 sold 93366x items [54x SHULKER_BOX, 93312x CRIMSON_ROOTS] from shulker boxes and earned 198,336.6 (multiplier: 1.5, uses: 13)
[05:09:29] [ShulkerFix] jomami24 sold 93366x items [54x SHULKER_BOX, 93312x CRIMSON_ROOTS] from shulker boxes and earned 198,336.6 (multiplier: 1.5, uses: 12)
[05:09:30] [ShulkerFix] jomami24 sold 93366x items [54x SHULKER_BOX, 93312x CRIMSON_ROOTS] from shulker boxes and earned 198,336.6 (multiplier: 1.5, uses: 11)
[05:09:36] [ShulkerFix] jomami24 sold 93366x items [54x SHULKER_BOX, 93312x CRIMSON_ROOTS] from shulker boxes and earned 198,336.6 (multiplier: 1.5, uses: 10)
[05:10:05] [ShulkerFix] jomami24 sold 93366x items [54x SHULKER_BOX, 93312x CRIMSON_ROOTS] from shulker boxes and earned 198,336.6 (multiplier: 1.5, uses: 9)
[05:10:08] [ShulkerFix] jomami24 sold 93366x items [54x SHULKER_BOX, 93312x CRIMSON_ROOTS] from shulker boxes and earned 198,336.6 (multiplier: 1.5, uses: 8)
[05:10:11] [ShulkerFix] jomami24 sold 93366x items [54x SHULKER_BOX, 93312x CRIMSON_ROOTS] from shulker boxes and earned 198,336.6 (multiplier: 1.5, uses: 7)
[05:10:13] [ShulkerFix] jomami24 sold 93366x items [54x SHULKER_BOX, 93312x CRIMSON_ROOTS] from shulker boxes and earned 198,336.6 (multiplier: 1.5, uses: 6)
[05:10:13] [ShulkerFix] jomami24 sold 91637x items [53x SHULKER_BOX, 91584x CRIMSON_ROOTS] from shulker boxes and earned 194,663.7 (multiplier: 1.5, uses: 5)
[05:10:21] [ShulkerFix] jomami24 sold 93366x items [54x SHULKER_BOX, 93312x CRIMSON_ROOTS] from shulker boxes and earned 198,336.6 (multiplier: 1.5, uses: 4)
[05:10:46] [ShulkerFix] jomami24 sold 93366x items [54x SHULKER_BOX, 93312x LEAD] from shulker boxes and earned 765,207 (multiplier: 1.5, uses: 3)
[05:15:36] [ShulkerFix] Galmadan sold 93366x items [54x SHULKER_BOX, 93312x COMPASS] from shulker boxes and earned 6,572,340 (multiplier: 2.0, uses: 15)
[07:07:17] [ShulkerFix] jomami24 sold 93366x items [54x SHULKER_BOX, 93312x LEAD] from shulker boxes and earned 765,207 (multiplier: 1.5, uses: 21)
[07:07:17] [ShulkerFix] jomami24 sold 93366x items [54x SHULKER_BOX, 93312x LEAD] from shulker boxes and earned 765,207 (multiplier: 1.5, uses: 20)
[07:07:26] [ShulkerFix] jomami24 sold 93366x items [54x SHULKER_BOX, 93312x CRIMSON_ROOTS] from shulker boxes and earned 198,336.6 (multiplier: 1.5, uses: 19)
[07:07:27] [ShulkerFix] jomami24 sold 93366x items [54x SHULKER_BOX, 93312x CRIMSON_ROOTS] from shulker boxes and earned 198,336.6 (multiplier: 1.5, uses: 18)
[07:07:29] [ShulkerFix] jomami24 sold 93366x items [54x SHULKER_BOX, 93312x CRIMSON_ROOTS] from shulker boxes and earned 198,336.6 (multiplier: 1.5, uses: 17)
[07:07:30] [ShulkerFix] jomami24 sold 93366x items [54x SHULKER_BOX, 93312x CRIMSON_ROOTS] from shulker boxes and earned 198,336.6 (multiplier: 1.5, uses: 16)
[07:07:30] [ShulkerFix] jomami24 sold 93366x items [54x SHULKER_BOX, 93312x CRIMSON_ROOTS] from shulker boxes and earned 198,336.6 (multiplier: 1.5, uses: 15)
[07:07:30] [ShulkerFix] jomami24 sold 93366x items [54x SHULKER_BOX, 93312x CRIMSON_ROOTS] from shulker boxes and earned 198,336.6 (multiplier: 1.5, uses: 14)
[07:08:48] [ShulkerFix] jomami24 sold 93366x items [54x SHULKER_BOX, 93312x CRIMSON_ROOTS] from shulker boxes and earned 198,336.6 (multiplier: 1.5, uses: 13)
[07:08:48] [ShulkerFix] jomami24 sold 93366x items [54x SHULKER_BOX, 93312x CRIMSON_ROOTS] from shulker boxes and earned 198,336.6 (multiplier: 1.5, uses: 12)
[07:08:51] [ShulkerFix] jomami24 sold 93366x items [54x SHULKER_BOX, 93312x CRIMSON_ROOTS] from shulker boxes and earned 198,336.6 (multiplier: 1.5, uses: 11)
[11:08:55] [ShulkerFix] TALBOT999 sold 93366x items [54x SHULKER_BOX, 93312x LEAD] from shulker boxes and earned 765,207 (multiplier: 1.5, uses: 24)
[11:08:56] [ShulkerFix] TALBOT999 sold 93366x items [54x SHULKER_BOX, 93312x LEAD] from shulker boxes and earned 765,207 (multiplier: 1.5, uses: 23)
[11:08:57] [ShulkerFix] TALBOT999 sold 93366x items [54x SHULKER_BOX, 93312x LEAD] from shulker boxes and earned 765,207 (multiplier: 1.5, uses: 22)
[11:08:58] [ShulkerFix] TALBOT999 sold 93366x items [54x SHULKER_BOX, 93312x LEAD] from shulker boxes and earned 765,207 (multiplier: 1.5, uses: 21)
[11:08:59] [ShulkerFix] TALBOT999 sold 93366x items [54x SHULKER_BOX, 93312x LEAD] from shulker boxes and earned 765,207 (multiplier: 1.5, uses: 20)
[11:09:00] [ShulkerFix] TALBOT999 sold 93366x items [54x SHULKER_BOX, 93312x LEAD] from shulker boxes and earned 765,207 (multiplier: 1.5, uses: 19)
[11:09:12] [ShulkerFix] TALBOT999 sold 93366x items [54x SHULKER_BOX, 93312x CRIMSON_ROOTS] from shulker boxes and earned 198,336.6 (multiplier: 1.5, uses: 18)
[11:09:13] [ShulkerFix] TALBOT999 sold 93366x items [54x SHULKER_BOX, 93312x CRIMSON_ROOTS] from shulker boxes and earned 198,336.6 (multiplier: 1.5, uses: 17)
[11:09:16] [ShulkerFix] TALBOT999 sold 93366x items [54x SHULKER_BOX, 93312x CRIMSON_ROOTS] from shulker boxes and earned 198,336.6 (multiplier: 1.5, uses: 16)
[11:09:25] [ShulkerFix] TALBOT999 sold 84721x items [49x SHULKER_BOX, 84672x CRIMSON_ROOTS] from shulker boxes and earned 179,972.1 (multiplier: 1.5, uses: 15)
[17:06:37] [ShulkerFix] jomami24 sold 93366x items [54x SHULKER_BOX, 93312x LEAD] from shulker boxes and earned 765,207 (multiplier: 1.5, uses: 10)
[17:06:37] [ShulkerFix] jomami24 sold 93366x items [54x SHULKER_BOX, 93312x LEAD] from shulker boxes and earned 765,207 (multiplier: 1.5, uses: 9)
[17:06:38] [ShulkerFix] jomami24 sold 93366x items [54x SHULKER_BOX, 93312x LEAD] from shulker boxes and earned 765,207 (multiplier: 1.5, uses: 8)
[17:06:38] [ShulkerFix] jomami24 sold 93366x items [54x SHULKER_BOX, 93312x LEAD] from shulker boxes and earned 765,207 (multiplier: 1.5, uses: 7)
[17:18:44] [ShulkerFix] jomami24 sold 93366x items [54x SHULKER_BOX, 93312x LEAD] from shulker boxes and earned 765,207 (multiplier: 1.5, uses: 6)
[17:18:44] [ShulkerFix] jomami24 sold 93366x items [54x SHULKER_BOX, 93312x LEAD] from shulker boxes and earned 765,207 (multiplier: 1.5, uses: 5)
[17:18:45] [ShulkerFix] jomami24 sold 93366x items [54x SHULKER_BOX, 93312x LEAD] from shulker boxes and earned 765,207 (multiplier: 1.5, uses: 4)
[17:18:45] [ShulkerFix] jomami24 sold 93366x items [54x SHULKER_BOX, 93312x LEAD] from shulker boxes and earned 765,207 (multiplier: 1.5, uses: 3)
[17:18:48] [ShulkerFix] jomami24 sold 93366x items [54x SHULKER_BOX, 93312x LEAD] from shulker boxes and earned 765,207 (multiplier: 1.5, uses: 2)
[17:18:48] [ShulkerFix] jomami24 sold 93366x items [54x SHULKER_BOX, 93312x LEAD] from shulker boxes and earned 765,207 (multiplier: 1.5, uses: 1)
[18:33:23] [ShulkerFix] jomami24 sold 93366x items [54x SHULKER_BOX, 93312x LEAD] from shulker boxes and earned 765,207 (multiplier: 1.5, uses: 0)
[18:43:15] [ShulkerFix] Galmadan sold 93366x items [54x SHULKER_BOX, 93312x COMPASS] from shulker boxes and earned 6,572,340 (multiplier: 2.0, uses: 14)
[19:15:06] [ShulkerFix] jomami24 sold 93366x items [54x SHULKER_BOX, 93312x LEAD] from shulker boxes and earned 765,207 (multiplier: 1.5, uses: 2)
[19:15:07] [ShulkerFix] jomami24 sold 93366x items [54x SHULKER_BOX, 93312x LEAD] from shulker boxes and earned 765,207 (multiplier: 1.5, uses: 1)
[19:17:05] [ShulkerFix] jomami24 sold 93366x items [54x SHULKER_BOX, 93312x CRIMSON_ROOTS] from shulker boxes and earned 171,891.71 (multiplier: 1.3, uses: 24)
[19:17:05] [ShulkerFix] jomami24 sold 91637x items [53x SHULKER_BOX, 91584x CRIMSON_ROOTS] from shulker boxes and earned 168,708.53 (multiplier: 1.3)
[19:17:06] [ShulkerFix] jomami24 sold 91637x items [53x SHULKER_BOX, 91584x CRIMSON_ROOTS] from shulker boxes and earned 168,708.53 (multiplier: 1.3)
[19:17:06] [ShulkerFix] jomami24 sold 91637x items [53x SHULKER_BOX, 91584x CRIMSON_ROOTS] from shulker boxes and earned 168,708.53 (multiplier: 1.3)
[19:17:06] [ShulkerFix] jomami24 sold 93366x items [54x SHULKER_BOX, 93312x CRIMSON_ROOTS] from shulker boxes and earned 171,891.71 (multiplier: 1.3, uses: 23)
[19:17:11] [ShulkerFix] jomami24 sold 93366x items [54x SHULKER_BOX, 93312x CRIMSON_ROOTS] from shulker boxes and earned 171,891.71 (multiplier: 1.3, uses: 22)
[19:17:12] [ShulkerFix] jomami24 sold 93366x items [54x SHULKER_BOX, 93312x CRIMSON_ROOTS] from shulker boxes and earned 171,891.71 (multiplier: 1.3, uses: 21)
[19:17:12] [ShulkerFix] jomami24 sold 93366x items [54x SHULKER_BOX, 93312x CRIMSON_ROOTS] from shulker boxes and earned 171,891.71 (multiplier: 1.3, uses: 20)
[19:17:13] [ShulkerFix] jomami24 sold 93366x items [54x SHULKER_BOX, 93312x CRIMSON_ROOTS] from shulker boxes and earned 171,891.71 (multiplier: 1.3, uses: 19)
[19:17:13] [ShulkerFix] jomami24 sold 93366x items [54x SHULKER_BOX, 93312x CRIMSON_ROOTS] from shulker boxes and earned 171,891.71 (multiplier: 1.3, uses: 18)
[19:17:14] [ShulkerFix] jomami24 sold 93366x items [54x SHULKER_BOX, 93312x CRIMSON_ROOTS] from shulker boxes and earned 171,891.71 (multiplier: 1.3, uses: 17)
[19:17:14] [ShulkerFix] jomami24 sold 93366x items [54x SHULKER_BOX, 93312x CRIMSON_ROOTS] from shulker boxes and earned 171,891.71 (multiplier: 1.3, uses: 16)
[19:17:17] [ShulkerFix] jomami24 sold 91637x items [53x SHULKER_BOX, 91584x CRIMSON_ROOTS] from shulker boxes and earned 168,708.53 (multiplier: 1.3, uses: 15)
[19:17:20] [ShulkerFix] jomami24 sold 93366x items [54x SHULKER_BOX, 93312x CRIMSON_ROOTS] from shulker boxes and earned 171,891.71 (multiplier: 1.3, uses: 14)
[20:09:25] fourmy666 sold 751x items [1x WHITE_WOOL, 2x FLINT, 1x CHEST, 3x MAGENTA_STAINED_GLASS, 204x STRING, 11x GUNPOWDER, 10x ARMOR_STAND, 3x BONE_MEAL, 1x COMPOSTER, 48x ENDER_PEARL, 1x WATER_BUCKET, 4x DIAMOND, 4x ROTTEN_FLESH, 2x COBBLED_DEEPSLATE, 1x DEEPSLATE_BRICKS, 2x DEEPSLATE, 4x COOKED_PORKCHOP, 97x DIRT, 21x ACACIA_PLANKS, 3x GOLDEN_CARROT, 3x WHEAT_SEEDS, 15x BLACKSTONE, 96x REDSTONE, 46x NETHERRACK, 101x SOUL_SAND, 64x BLAZE_POWDER, 3x COBBLESTONE] and earned 713.4380154633523 (multiplier: 1.1, uses: 4)
[20:10:00] fourmy666 sold 146x items [2x END_ROD, 64x SOUL_SAND, 34x WHITE_STAINED_GLASS, 1x SHULKER_SHELL, 45x SMOOTH_STONE] and earned 89.30900193572043 (multiplier: 1.1, uses: 3)
[20:14:11] fourmy666 sold 399x items [12x APPLE, 130x STRING, 9x DEEPSLATE, 2x GUNPOWDER, 4x BONE_MEAL, 4x GOLD_INGOT, 1x NETHERITE_SCRAP, 10x NETHERRACK, 31x DIAMOND, 1x ROTTEN_FLESH, 127x COBBLESTONE, 64x COD, 4x COBBLED_DEEPSLATE] and earned 666.3360144424439 (multiplier: 1.1, uses: 2)
[20:16:40] [ShulkerFix] fourmy666 sold 6x items [1x GREEN_SHULKER_BOX, 5x SHULKER_BOX] from shulker boxes and earned 2,475 (multiplier: 1.1, uses: 1)
[21:15:15] .Vlad093429 sold 3456x items [704x PRISMARINE_CRYSTALS, 2112x PRISMARINE_SHARD, 640x COD] and earned 31504.00068283081 (multiplier: 1.1, uses: 20)
[21:15:21] .Vlad093429 sold 3421x items [685x PRISMARINE_CRYSTALS, 2048x PRISMARINE_SHARD, 688x COD] and earned 30630.600663900375 (multiplier: 1.1, uses: 19)
