[00:20:29] 21_THOMAS sold 3392x items [3392x BLAZE_ROD] and earned 6614.399757385254 (multiplier: 1.3, uses: 19)
[00:20:34] 21_THOMAS sold 1203x items [1203x PUFFERFISH] and earned 1172.9249569773674 (multiplier: 1.3, uses: 18)
[00:20:40] 21_THOMAS sold 1452x items [1452x STRING] and earned 1887.5999307632446 (multiplier: 1.3, uses: 17)
[00:20:46] 21_THOMAS sold 576x items [512x NETHERRACK, 64x SUGAR_CANE] and earned 257.9199905395508 (multiplier: 1.3, uses: 16)
[00:20:52] 21_THOMAS sold 2548x items [124x FLINT, 64x DEEPSLATE, 138x REDSTONE, 1x GUNPOWDER, 64x LAPIS_LAZULI, 58x DIAMOND, 29x RAW_IRON, 28x RAW_GOLD, 4x GRAVEL, 2038x COBBLED_DEEPSLATE] and earned 2181.035920000076 (multiplier: 1.3, uses: 15)
[00:20:57] 21_THOMAS sold 1588x items [1x FLINT, 60x DEEPSLATE, 18x DIRT, 2x COAST_ARMOR_TRIM_SMITHING_TEMPLATE, 2x FURNACE, 14x BONE_MEAL, 448x SUGAR_CANE, 1x WHEAT_SEEDS, 64x SAND, 2x DUNE_ARMOR_TRIM_SMITHING_TEMPLATE, 64x LEATHER, 128x NETHERRACK, 320x SLIME_BALL, 63x PUFFERFISH, 145x COBBLED_DEEPSLATE, 256x MAGMA_CREAM] and earned 3103.944886147976 (multiplier: 1.3, uses: 14)
[00:21:08] 21_THOMAS sold 2278x items [101x STONE, 64x REDSTONE, 64x COBBLESTONE, 2048x SUGAR_CANE, 1x COBBLED_DEEPSLATE] and earned 7312.109731793404 (multiplier: 1.3, uses: 13)
[00:21:13] 21_THOMAS sold 1878x items [448x REDSTONE, 320x OAK_LOG, 2x POLISHED_BLACKSTONE, 448x SUGAR_CANE, 20x BONE, 640x PAPER] and earned 2916.0298930406575 (multiplier: 1.3, uses: 12)
[00:21:19] 21_THOMAS sold 1520x items [64x BAMBOO, 192x STRING, 45x DIRT, 105x COPPER_BLOCK, 9x POLISHED_BLACKSTONE, 11x CHORUS_FRUIT, 64x STONE, 3x BEETROOT_SEEDS, 64x QUARTZ, 5x LAPIS_LAZULI, 219x LEATHER, 66x NETHERRACK, 22x YELLOW_TERRACOTTA, 192x SLIME_BALL, 48x TERRACOTTA, 1x BEETROOT, 32x COBBLESTONE, 64x RESIN_BRICK, 48x PUFFERFISH, 64x COBBLED_DEEPSLATE, 66x PAPER, 136x MAGMA_CREAM] and earned 2916.7968930125235 (multiplier: 1.3, uses: 11)
[00:21:24] 21_THOMAS sold 1682x items [64x SPIDER_EYE, 64x BAMBOO, 192x STRING, 2x DANDELION, 64x LEAD, 6x DIORITE, 16x WHEAT, 1x COMPOSTER, 30x COOKIE, 55x SUGAR_CANE, 5x SAND, 64x QUARTZ, 65x LEATHER, 64x NETHERRACK, 1x MELON_SEEDS, 64x SLIME_BALL, 7x CALCITE, 1x DEEPSLATE_DIAMOND_ORE, 250x COBBLESTONE, 192x PUFFERFISH, 27x COBBLED_DEEPSLATE, 384x PAPER, 64x MAGMA_CREAM] and earned 2225.9899183511734 (multiplier: 1.3, uses: 10)
[00:21:29] 21_THOMAS sold 955x items [256x BAMBOO, 58x SAND, 14x DEEPSLATE, 192x STRING, 192x ROTTEN_FLESH, 6x CARROT, 40x PUFFERFISH, 64x PAPER, 4x POTATO, 128x MAGMA_CREAM, 1x BLAZE_ROD] and earned 1310.6599519252777 (multiplier: 1.3, uses: 9)
[00:21:34] 21_THOMAS sold 1550x items [1x FLINT, 36x DEEPSLATE_BRICKS, 120x SPIDER_EYE, 7x BAMBOO, 23x DEEPSLATE, 77x STRING, 6x ARROW, 53x DIRT, 1x GRINDSTONE, 4x SUGAR_CANE, 128x BLAZE_ROD, 64x LEATHER, 4x DIAMOND, 4x DEEPSLATE_REDSTONE_ORE, 2x DEEPSLATE_DIAMOND_ORE, 493x ROTTEN_FLESH, 1x COBBLESTONE, 64x PUFFERFISH, 128x COBBLED_DEEPSLATE, 16x POTATO, 318x MAGMA_CREAM] and earned 1782.6899346113205 (multiplier: 1.3, uses: 8)
[00:21:45] 21_THOMAS sold 2241x items [3x DEEPSLATE, 576x STRING, 204x IRON_INGOT, 1x SMOKER, 5x STONE, 1x CARTOGRAPHY_TABLE, 1x WHEAT_SEEDS, 64x REDSTONE, 512x SLIME_BALL, 64x ROTTEN_FLESH, 89x BLAZE_POWDER, 170x COBBLESTONE, 37x PUFFERFISH, 2x CLOCK, 512x MAGMA_CREAM] and earned 3247.958880865574 (multiplier: 1.3, uses: 7)
[00:22:23] 21_THOMAS sold 3x items [3x EXPERIENCE_BOTTLE] and earned 19.499999284744263 (multiplier: 1.3, uses: 6)
[00:22:29] 21_THOMAS sold 139x items [64x WHITE_WOOL, 64x DEEPSLATE, 11x POTATO] and earned 43.172998416423795 (multiplier: 1.3, uses: 5)
[00:23:12] 21_THOMAS sold 1409x items [1024x SPIDER_EYE, 384x STRING, 1x COBBLED_DEEPSLATE] and earned 1830.789932847023 (multiplier: 1.3, uses: 4)
[00:23:18] 21_THOMAS sold 1504x items [929x SPIDER_EYE, 574x STRING, 1x CALCITE] and earned 1954.3549283146858 (multiplier: 1.3, uses: 3)
[00:23:23] 21_THOMAS sold 1536x items [3x AZURE_BLUET, 8x SPIDER_EYE, 4x DARK_OAK_PLANKS, 1x BAMBOO, 1x DIRT, 5x IRON_INGOT, 2x POPPY, 1512x MAGMA_CREAM] and earned 1995.889926791191 (multiplier: 1.3, uses: 2)
[00:23:28] 21_THOMAS sold 571x items [571x MAGMA_CREAM] and earned 742.2999727725983 (multiplier: 1.3, uses: 1)
[00:23:36] 21_THOMAS sold 1224x items [1224x STRING] and earned 1591.1999416351318 (multiplier: 1.3, uses: 0)
[01:06:10] LaYrox_RyZe sold 1128x items [2x COOKED_BEEF, 261x COOKED_PORKCHOP, 41x BAKED_POTATO, 10x GOLD_INGOT, 654x COD, 32x POTATO, 128x COOKED_COD] and earned 982.9600213050842 (multiplier: 1.1, uses: 5)
[01:40:28] [ShulkerFix] Vizi2 sold 93366x items [54x SHULKER_BOX, 93312x SEA_PICKLE] from shulker boxes and earned 544,384.8 (multiplier: 2.0, uses: 24)
[15:17:10] [ShulkerFix] jomami24 sold 93302x items [54x SHULKER_BOX, 93248x CRIMSON_ROOTS] from shulker boxes and earned 338,093.4 (multiplier: 1.5, uses: 20)
[15:17:11] [ShulkerFix] jomami24 sold 93366x items [54x SHULKER_BOX, 93312x CRIMSON_ROOTS] from shulker boxes and earned 338,304.6 (multiplier: 1.5, uses: 19)
[15:17:21] [ShulkerFix] jomami24 sold 93366x items [54x SHULKER_BOX, 93312x CRIMSON_ROOTS] from shulker boxes and earned 338,304.6 (multiplier: 1.5, uses: 18)
[15:17:21] [ShulkerFix] jomami24 sold 91637x items [53x SHULKER_BOX, 91584x CRIMSON_ROOTS] from shulker boxes and earned 332,039.7 (multiplier: 1.5)
[15:17:22] [ShulkerFix] jomami24 sold 93366x items [54x SHULKER_BOX, 93312x CRIMSON_ROOTS] from shulker boxes and earned 338,304.6 (multiplier: 1.5, uses: 17)
[15:30:35] R2MR2 sold 446x items [80x SPECTRAL_ARROW, 6x ENDER_PEARL, 23x STRING, 125x BLACKSTONE, 18x QUARTZ, 34x IRON_NUGGET, 5x LEATHER, 34x SOUL_SAND, 121x GRAVEL] and earned 246.81800534963608 (multiplier: 1.1, uses: 3)
[15:30:41] R2MR2 sold 950x items [115x SPECTRAL_ARROW, 9x ENDER_PEARL, 328x BLACKSTONE, 26x STRING, 149x IRON_NUGGET, 20x QUARTZ, 14x LEATHER, 120x SOUL_SAND, 169x GRAVEL] and earned 478.3130103671551 (multiplier: 1.1, uses: 2)
[15:30:52] R2MR2 sold 1230x items [215x SPECTRAL_ARROW, 14x ENDER_PEARL, 272x BLACKSTONE, 34x STRING, 207x IRON_NUGGET, 8x QUARTZ, 24x LEATHER, 143x SOUL_SAND, 313x GRAVEL] and earned 605.264013118744 (multiplier: 1.1, uses: 1)
[15:30:57] R2MR2 sold 843x items [122x SPECTRAL_ARROW, 21x ENDER_PEARL, 176x BLACKSTONE, 31x STRING, 105x IRON_NUGGET, 47x QUARTZ, 46x LEATHER, 64x SOUL_SAND, 230x GRAVEL, 1x GOLD_INGOT] and earned 478.2360103654861 (multiplier: 1.1, uses: 0)
[16:19:21] [ShulkerFix] Xotic2376 sold 47528x items [11686x PRISMARINE_CRYSTALS, 28x SHULKER_BOX, 35814x PRISMARINE_SHARD] from shulker boxes and earned 582,600.02 (multiplier: 1.2, uses: 18)
[17:10:47] ZblaMaou sold 956x items [956x ARROW] and earned 573.6000227928162 (multiplier: 1.2, uses: 13)
[17:14:06] [ShulkerFix] Xotic2376 sold 3458x items [768x PRISMARINE_CRYSTALS, 2x SHULKER_BOX, 2688x PRISMARINE_SHARD] from shulker boxes and earned 42,372 (multiplier: 1.2)
[17:14:06] Xotic2376 sold 2664x items [2664x GHAST_TEAR] and earned 31968.00127029419 (multiplier: 1.2, uses: 17)
[22:55:32] [ShulkerFix] Galmadan sold 93366x items [54x SHULKER_BOX, 93312x COMPASS] from shulker boxes and earned 6,572,340 (multiplier: 2.0, uses: 16)
[23:17:19] Vizi2 sold 20x items [20x LEATHER] and earned 22.5 (multiplier: 1.5, uses: 24)
[23:24:24] [ShulkerFix] Vizi2 sold 93340x items [54x SHULKER_BOX, 93286x LEAD] from shulker boxes and earned 765,002.25 (multiplier: 1.5, uses: 23)
