[02:41:57] [ShulkerFix] jomami24 sold 93366x items [54x SHULKER_BOX, 93312x CRIMSON_ROOTS] from shulker boxes and earned 338,304.6 (multiplier: 1.5, uses: 24)
[02:41:57] [ShulkerFix] jomami24 sold 93366x items [54x SHULKER_BOX, 93312x CRIMSON_ROOTS] from shulker boxes and earned 338,304.6 (multiplier: 1.5, uses: 23)
[02:41:58] [ShulkerFix] jomami24 sold 93366x items [54x SHULKER_BOX, 93312x CRIMSON_ROOTS] from shulker boxes and earned 338,304.6 (multiplier: 1.5, uses: 22)
[02:41:58] [ShulkerFix] jomami24 sold 93366x items [54x SHULKER_BOX, 93312x CRIMSON_ROOTS] from shulker boxes and earned 338,304.6 (multiplier: 1.5, uses: 21)
[02:41:58] [ShulkerFix] jomami24 sold 93366x items [54x SHULKER_BOX, 93312x CRIMSON_ROOTS] from shulker boxes and earned 338,304.6 (multiplier: 1.5, uses: 20)
[02:41:58] [ShulkerFix] jomami24 sold 93366x items [54x SHULKER_BOX, 93312x CRIMSON_ROOTS] from shulker boxes and earned 338,304.6 (multiplier: 1.5, uses: 19)
[02:41:59] [ShulkerFix] jomami24 sold 93366x items [54x SHULKER_BOX, 93312x CRIMSON_ROOTS] from shulker boxes and earned 338,304.6 (multiplier: 1.5, uses: 18)
[02:41:59] [ShulkerFix] jomami24 sold 93366x items [54x SHULKER_BOX, 93312x CRIMSON_ROOTS] from shulker boxes and earned 338,304.6 (multiplier: 1.5, uses: 17)
[02:41:59] [ShulkerFix] jomami24 sold 93366x items [54x SHULKER_BOX, 93312x CRIMSON_ROOTS] from shulker boxes and earned 338,304.6 (multiplier: 1.5, uses: 16)
[02:42:00] [ShulkerFix] jomami24 sold 93366x items [54x SHULKER_BOX, 93312x CRIMSON_ROOTS] from shulker boxes and earned 338,304.6 (multiplier: 1.5, uses: 15)
[02:42:00] [ShulkerFix] jomami24 sold 93366x items [54x SHULKER_BOX, 93312x CRIMSON_ROOTS] from shulker boxes and earned 338,304.6 (multiplier: 1.5, uses: 14)
[02:42:00] [ShulkerFix] jomami24 sold 91637x items [53x SHULKER_BOX, 91584x CRIMSON_ROOTS] from shulker boxes and earned 332,039.7 (multiplier: 1.5, uses: 13)
[02:42:01] [ShulkerFix] jomami24 sold 93366x items [54x SHULKER_BOX, 93312x CRIMSON_ROOTS] from shulker boxes and earned 338,304.6 (multiplier: 1.5, uses: 12)
[02:42:01] [ShulkerFix] jomami24 sold 93366x items [54x SHULKER_BOX, 93312x CRIMSON_ROOTS] from shulker boxes and earned 338,304.6 (multiplier: 1.5, uses: 11)
[02:42:01] [ShulkerFix] jomami24 sold 48412x items [28x SHULKER_BOX, 48384x CRIMSON_ROOTS] from shulker boxes and earned 175,417.2 (multiplier: 1.5, uses: 10)
[02:42:02] [ShulkerFix] jomami24 sold 93366x items [54x SHULKER_BOX, 93312x CRIMSON_ROOTS] from shulker boxes and earned 338,304.6 (multiplier: 1.5, uses: 9)
[02:42:02] [ShulkerFix] jomami24 sold 93366x items [54x SHULKER_BOX, 93312x CRIMSON_ROOTS] from shulker boxes and earned 338,304.6 (multiplier: 1.5, uses: 8)
[02:42:02] [ShulkerFix] jomami24 sold 84721x items [49x SHULKER_BOX, 84672x CRIMSON_ROOTS] from shulker boxes and earned 306,980.1 (multiplier: 1.5, uses: 7)
[03:31:54] .Vlad093429 sold 2836x items [190x SPIDER_EYE, 2112x REDSTONE, 150x SUGAR, 192x GUNPOWDER, 192x GLASS_BOTTLE] and earned 3224.5400698900244 (multiplier: 1.1, uses: 24)
[03:32:06] .Vlad093429 sold 2781x items [192x SPIDER_EYE, 1984x REDSTONE, 211x SUGAR, 185x GUNPOWDER, 209x GLASS_BOTTLE] and earned 3345.2100725054756 (multiplier: 1.1, uses: 23)
[03:32:11] .Vlad093429 sold 12x items [12x REDSTONE] and earned 9.240000200271606 (multiplier: 1.1, uses: 22)
[03:32:20] .Vlad093429 sold 767x items [559x GUNPOWDER, 208x GHAST_TEAR] and earned 4132.70008957386 (multiplier: 1.1, uses: 21)
[03:32:27] .Vlad093429 sold 884x items [168x PRISMARINE_CRYSTALS, 549x PRISMARINE_SHARD, 167x COD] and earned 8024.775173932314 (multiplier: 1.1, uses: 20)
[03:32:39] .Vlad093429 sold 2006x items [422x SPIDER_EYE, 1584x STRING] and earned 2206.600047826767 (multiplier: 1.1, uses: 19)
[03:32:47] .Vlad093429 sold 541x items [541x GUNPOWDER] and earned 1785.3000386953354 (multiplier: 1.1, uses: 18)
[03:33:02] .Vlad093429 sold 658x items [593x ARROW, 65x BONE] and earned 379.77500823140144 (multiplier: 1.1, uses: 17)
[03:34:24] .Vlad093429 sold 2368x items [2368x GUNPOWDER] and earned 7814.400169372559 (multiplier: 1.1, uses: 16)
[03:34:30] .Vlad093429 sold 3456x items [3456x GUNPOWDER] and earned 11404.800247192383 (multiplier: 1.1, uses: 15)
[03:34:54] .Vlad093429 sold 761x items [761x REDSTONE_BLOCK] and earned 5273.73011430502 (multiplier: 1.1, uses: 14)
[03:35:13] .Vlad093429 sold 3456x items [3456x GUNPOWDER] and earned 11404.800247192383 (multiplier: 1.1, uses: 13)
[03:36:40] .Vlad093429 sold 394x items [334x REDSTONE, 24x GUNPOWDER, 6x SUGAR, 30x GLASS_BOTTLE] and earned 391.16000847816457 (multiplier: 1.1, uses: 12)
[04:21:13] .Vlad093429 sold 1949x items [128x SPIDER_EYE, 1408x REDSTONE, 119x GUNPOWDER, 128x SUGAR, 166x GLASS_BOTTLE] and earned 2264.9000490903863 (multiplier: 1.1, uses: 11)
[04:21:20] .Vlad093429 sold 267x items [194x GUNPOWDER, 73x GHAST_TEAR] and earned 1443.2000312805176 (multiplier: 1.1, uses: 10)
[04:21:29] .Vlad093429 sold 276x items [58x PRISMARINE_CRYSTALS, 162x PRISMARINE_SHARD, 56x COD] and earned 2466.2000534534454 (multiplier: 1.1, uses: 9)
[04:21:37] .Vlad093429 sold 442x items [442x BREEZE_ROD] and earned 1458.6000316143036 (multiplier: 1.1, uses: 8)
[05:30:49] [ShulkerFix] jomami24 sold 93366x items [54x SHULKER_BOX, 93312x CRIMSON_ROOTS] from shulker boxes and earned 338,304.6 (multiplier: 1.5, uses: 6)
[05:30:50] [ShulkerFix] jomami24 sold 93366x items [54x SHULKER_BOX, 93312x CRIMSON_ROOTS] from shulker boxes and earned 338,304.6 (multiplier: 1.5, uses: 5)
[05:30:50] [ShulkerFix] jomami24 sold 93366x items [54x SHULKER_BOX, 93312x CRIMSON_ROOTS] from shulker boxes and earned 338,304.6 (multiplier: 1.5, uses: 4)
[05:30:53] [ShulkerFix] jomami24 sold 93366x items [54x SHULKER_BOX, 93312x CRIMSON_ROOTS] from shulker boxes and earned 338,304.6 (multiplier: 1.5, uses: 3)
[05:30:53] [ShulkerFix] jomami24 sold 93366x items [54x SHULKER_BOX, 93312x CRIMSON_ROOTS] from shulker boxes and earned 338,304.6 (multiplier: 1.5, uses: 2)
[05:30:53] [ShulkerFix] jomami24 sold 93366x items [54x SHULKER_BOX, 93312x CRIMSON_ROOTS] from shulker boxes and earned 338,304.6 (multiplier: 1.5, uses: 1)
[05:30:56] [ShulkerFix] jomami24 sold 93366x items [54x SHULKER_BOX, 93312x CRIMSON_ROOTS] from shulker boxes and earned 338,304.6 (multiplier: 1.5, uses: 0)
[05:31:10] [ShulkerFix] jomami24 sold 93366x items [54x SHULKER_BOX, 93312x CRIMSON_ROOTS] from shulker boxes and earned 338,304.6 (multiplier: 1.5, uses: 23)
[05:55:07] .Vlad093429 sold 1619x items [115x SPIDER_EYE, 1152x REDSTONE, 128x SUGAR, 128x GUNPOWDER, 96x GLASS_BOTTLE] and earned 2006.180043482781 (multiplier: 1.1, uses: 7)
[05:55:13] .Vlad093429 sold 2787x items [191x SPIDER_EYE, 2077x REDSTONE, 164x GUNPOWDER, 182x SUGAR, 173x GLASS_BOTTLE] and earned 3201.5500693917293 (multiplier: 1.1, uses: 6)
[05:55:33] .Vlad093429 sold 2017x items [398x SPIDER_EYE, 1619x STRING] and earned 2218.7000480890274 (multiplier: 1.1, uses: 5)
[05:55:39] .Vlad093429 sold 780x items [140x ARROW, 640x BONE] and earned 605.0000131130219 (multiplier: 1.1, uses: 4)
[05:56:14] .Vlad093429 sold 84x items [84x ARROW] and earned 46.20000100135803 (multiplier: 1.1, uses: 3)
[05:56:23] .Vlad093429 sold 695x items [695x GUNPOWDER] and earned 2293.5000497102737 (multiplier: 1.1, uses: 2)
[05:56:29] .Vlad093429 sold 756x items [756x BREEZE_ROD] and earned 2494.8000540733337 (multiplier: 1.1, uses: 1)
[15:26:02] [ShulkerFix] jomami24 sold 93366x items [54x SHULKER_BOX, 93312x CRIMSON_ROOTS] from shulker boxes and earned 338,304.6 (multiplier: 1.5, uses: 16)
[15:26:02] [ShulkerFix] jomami24 sold 93366x items [54x SHULKER_BOX, 93312x CRIMSON_ROOTS] from shulker boxes and earned 338,304.6 (multiplier: 1.5, uses: 15)
[15:26:03] [ShulkerFix] jomami24 sold 93366x items [54x SHULKER_BOX, 93312x CRIMSON_ROOTS] from shulker boxes and earned 338,304.6 (multiplier: 1.5, uses: 14)
[15:26:04] [ShulkerFix] jomami24 sold 93366x items [54x SHULKER_BOX, 93312x CRIMSON_ROOTS] from shulker boxes and earned 338,304.6 (multiplier: 1.5, uses: 13)
[15:26:09] [ShulkerFix] jomami24 sold 93366x items [54x SHULKER_BOX, 93312x CRIMSON_ROOTS] from shulker boxes and earned 338,304.6 (multiplier: 1.5, uses: 12)
[15:26:09] [ShulkerFix] jomami24 sold 93366x items [54x SHULKER_BOX, 93312x CRIMSON_ROOTS] from shulker boxes and earned 338,304.6 (multiplier: 1.5, uses: 11)
[15:26:10] [ShulkerFix] jomami24 sold 93366x items [54x SHULKER_BOX, 93312x CRIMSON_ROOTS] from shulker boxes and earned 338,304.6 (multiplier: 1.5, uses: 10)
[15:26:11] [ShulkerFix] jomami24 sold 93366x items [54x SHULKER_BOX, 93312x CRIMSON_ROOTS] from shulker boxes and earned 338,304.6 (multiplier: 1.5, uses: 9)
[15:26:14] [ShulkerFix] jomami24 sold 93366x items [54x SHULKER_BOX, 93312x CRIMSON_ROOTS] from shulker boxes and earned 338,304.6 (multiplier: 1.5, uses: 8)
[15:26:15] [ShulkerFix] jomami24 sold 93366x items [54x SHULKER_BOX, 93312x CRIMSON_ROOTS] from shulker boxes and earned 338,304.6 (multiplier: 1.5, uses: 7)
[15:26:17] [ShulkerFix] jomami24 sold 93366x items [54x SHULKER_BOX, 93312x CRIMSON_ROOTS] from shulker boxes and earned 338,304.6 (multiplier: 1.5, uses: 6)
[15:26:20] [ShulkerFix] jomami24 sold 93366x items [54x SHULKER_BOX, 93312x CRIMSON_ROOTS] from shulker boxes and earned 338,304.6 (multiplier: 1.5, uses: 5)
[15:26:20] [ShulkerFix] jomami24 sold 93366x items [54x SHULKER_BOX, 93312x CRIMSON_ROOTS] from shulker boxes and earned 338,304.6 (multiplier: 1.5, uses: 4)
[15:26:20] [ShulkerFix] jomami24 sold 93366x items [54x SHULKER_BOX, 93312x CRIMSON_ROOTS] from shulker boxes and earned 338,304.6 (multiplier: 1.5, uses: 3)
[15:26:21] [ShulkerFix] jomami24 sold 93366x items [54x SHULKER_BOX, 93312x CRIMSON_ROOTS] from shulker boxes and earned 338,304.6 (multiplier: 1.5, uses: 2)
[15:26:39] [ShulkerFix] jomami24 sold 74609x items [53x SHULKER_BOX, 74556x LEAD] from shulker boxes and earned 616,941 (multiplier: 1.5)
[15:26:39] jomami24 sold 5x items [5x WHITE_WOOL] and earned 0.8250000000000001 (multiplier: 1.5, uses: 1)
[15:35:11] [ShulkerFix] jomami24 sold 93366x items [54x SHULKER_BOX, 93312x LEAD] from shulker boxes and earned 765,207 (multiplier: 1.5, uses: 0)
[15:41:53] [ShulkerFix] jomami24 sold 93366x items [54x SHULKER_BOX, 93312x LEAD] from shulker boxes and earned 765,207 (multiplier: 1.5, uses: 22)
[20:36:28] .Vlad093429 sold 968x items [64x SPIDER_EYE, 90x GUNPOWDER, 704x REDSTONE, 64x SUGAR, 46x GLASS_BOTTLE] and earned 1192.400025844574 (multiplier: 1.1, uses: 0)
[20:55:19] .Vlad093429 sold 3446x items [704x PRISMARINE_CRYSTALS, 2112x PRISMARINE_SHARD, 630x COD] and earned 31495.750682651997 (multiplier: 1.1, uses: 24)
[20:55:27] .Vlad093429 sold 3181x items [600x PRISMARINE_CRYSTALS, 1986x PRISMARINE_SHARD, 595x COD] and earned 28936.875627189875 (multiplier: 1.1, uses: 23)
[20:55:50] .Vlad093429 sold 904x items [831x REDSTONE, 64x SUGAR, 9x GUNPOWDER] and earned 901.8900195479391 (multiplier: 1.1, uses: 22)
[20:55:56] .Vlad093429 sold 1396x items [1235x REDSTONE, 161x GUNPOWDER] and earned 1482.2500321269035 (multiplier: 1.1, uses: 21)
[22:06:56] [ShulkerFix] Xotic2376 sold 93366x items [12800x PRISMARINE_CRYSTALS, 38016x LEAD, 54x SHULKER_BOX, 42496x PRISMARINE_SHARD] from shulker boxes and earned 927,352.84 (multiplier: 1.2, uses: 16)
