[15:09:29] fourmy666 sold 2504x items [2504x SEA_PICKLE] and earned 7436.880161190028 (multiplier: 1.1, uses: 3)
[15:09:35] fourmy666 sold 1960x items [1960x SEA_PICKLE] and earned 5821.20012617111 (multiplier: 1.1, uses: 2)
[15:09:40] fourmy666 sold 3456x items [3456x SEA_PICKLE] and earned 10264.320222473134 (multiplier: 1.1, uses: 1)
[15:09:45] fourmy666 sold 1522x items [1522x SEA_PICKLE] and earned 4520.340097975732 (multiplier: 1.1, uses: 0)
[15:15:28] R2MR2 sold 1454x items [284x SPECTRAL_ARROW, 4x ENDER_PEARL, 333x BLACKSTONE, 60x STRING, 119x QUARTZ, 195x IRON_NUGGET, 60x LEATHER, 138x SOUL_SAND, 261x GRAVEL] and earned 806.7950174868107 (multiplier: 1.1, uses: 5)
[15:22:44] R2MR2 sold 621x items [104x SPECTRAL_ARROW, 13x ENDER_PEARL, 16x STRING, 117x BLACKSTONE, 90x QUARTZ, 58x IRON_NUGGET, 45x LEATHER, 43x SOUL_SAND, 135x GRAVEL] and earned 389.30100843787193 (multiplier: 1.1, uses: 4)
[19:00:03] [ShulkerFix] Galmadan sold 93366x items [54x SHULKER_BOX, 93312x COMPASS] from shulker boxes and earned 6,572,340 (multiplier: 2.0, uses: 17)
[20:10:12] GOAHBSGO sold 2112x items [2112x SEA_PICKLE] and earned 5702.400000000003 (multiplier: 1.0, uses: 14)
[20:10:18] GOAHBSGO sold 1723x items [1723x SEA_PICKLE] and earned 4652.100000000002 (multiplier: 1.0, uses: 13)
[20:10:47] GOAHBSGO sold 2325x items [2325x SEA_PICKLE] and earned 6277.500000000004 (multiplier: 1.0, uses: 12)
[20:10:53] GOAHBSGO sold 3456x items [3456x SEA_PICKLE] and earned 9331.2 (multiplier: 1.0, uses: 11)
[20:12:34] GOAHBSGO sold 1593x items [1593x SEA_PICKLE] and earned 4301.100000000001 (multiplier: 1.0, uses: 10)
[20:27:08] GOAHBSGO sold 3456x items [3456x SEA_PICKLE] and earned 9331.2 (multiplier: 1.0, uses: 9)
[20:30:47] GOAHBSGO sold 3456x items [3456x SEA_PICKLE] and earned 9331.2 (multiplier: 1.0, uses: 8)
[20:31:01] LaYrox_RyZe sold 3456x items [3456x SEA_PICKLE] and earned 10264.320222473134 (multiplier: 1.1, uses: 9)
[20:31:25] LaYrox_RyZe sold 3456x items [3456x SEA_PICKLE] and earned 10264.320222473134 (multiplier: 1.1, uses: 8)
[20:31:52] LaYrox_RyZe sold 2864x items [2864x SEA_PICKLE] and earned 8506.080184364311 (multiplier: 1.1, uses: 7)
[20:32:26] GOAHBSGO sold 3456x items [3456x SEA_PICKLE] and earned 9331.2 (multiplier: 1.0, uses: 7)
[20:32:31] GOAHBSGO sold 1760x items [1760x SEA_PICKLE] and earned 4752.000000000002 (multiplier: 1.0, uses: 6)
[20:38:15] [ShulkerFix] GOAHBSGO sold 16492x items [10x SHULKER_BOX, 16482x SEA_PICKLE] from shulker boxes and earned 57,901.68 (multiplier: 1.2, uses: 19)
[20:50:35] LaYrox_RyZe sold 21x items [21x LEAD] and earned 121.27500262856483 (multiplier: 1.1, uses: 6)
