[18:10:43] Spicy_Here sold 3456x items [512x PRISMARINE_CRYSTALS, 2944x PRISMARINE_SHARD] and earned 41472.00164794922 (multiplier: 1.2, uses: 19)
[18:11:00] Spicy_Here sold 3456x items [1216x PRISMARINE_CRYSTALS, 2240x PRISMARINE_SHARD] and earned 41472.00164794922 (multiplier: 1.2, uses: 18)
[18:11:07] Spicy_Here sold 3444x items [448x PRISMARINE_CRYSTALS, 2996x PRISMARINE_SHARD] and earned 41328.00164222717 (multiplier: 1.2, uses: 17)
[18:11:13] Spicy_Here sold 3456x items [1216x PRISMARINE_CRYSTALS, 2240x PRISMARINE_SHARD] and earned 41472.00164794922 (multiplier: 1.2, uses: 16)
[18:11:18] Spicy_Here sold 3438x items [494x PRISMARINE_CRYSTALS, 2944x PRISMARINE_SHARD] and earned 41256.00163936615 (multiplier: 1.2, uses: 15)
[18:11:23] Spicy_Here sold 3456x items [1216x PRISMARINE_CRYSTALS, 2240x PRISMARINE_SHARD] and earned 41472.00164794922 (multiplier: 1.2, uses: 14)
[18:11:29] Spicy_Here sold 3402x items [487x PRISMARINE_CRYSTALS, 2915x PRISMARINE_SHARD] and earned 40824.00162220001 (multiplier: 1.2, uses: 13)
[18:11:36] Spicy_Here sold 3456x items [3456x BLAZE_ROD] and earned 5184.0 (multiplier: 1.0, uses: 14)
[18:11:41] Spicy_Here sold 3456x items [3456x BLAZE_ROD] and earned 5184.0 (multiplier: 1.0, uses: 13)
[18:11:47] Spicy_Here sold 3436x items [3436x BLAZE_ROD] and earned 5154.0 (multiplier: 1.0, uses: 12)
[18:11:52] Spicy_Here sold 3456x items [3456x BLAZE_ROD] and earned 5184.0 (multiplier: 1.0, uses: 11)
[18:11:58] Spicy_Here sold 3448x items [3448x BLAZE_ROD] and earned 5172.0 (multiplier: 1.0, uses: 10)
[18:12:03] Spicy_Here sold 3456x items [3456x STRING] and earned 3456.0 (multiplier: 1.0, uses: 9)
[18:12:09] Spicy_Here sold 3456x items [3456x BREEZE_ROD] and earned 10368.0 (multiplier: 1.0, uses: 8)
[18:12:14] Spicy_Here sold 3456x items [3456x BREEZE_ROD] and earned 10368.0 (multiplier: 1.0, uses: 7)
[18:12:19] Spicy_Here sold 3456x items [3456x BREEZE_ROD] and earned 10368.0 (multiplier: 1.0, uses: 6)
[18:12:24] Spicy_Here sold 3456x items [3456x BREEZE_ROD] and earned 10368.0 (multiplier: 1.0, uses: 5)
[18:12:30] Spicy_Here sold 3456x items [3456x BREEZE_ROD] and earned 10368.0 (multiplier: 1.0, uses: 4)
[18:12:35] Spicy_Here sold 864x items [864x ENDER_PEARL] and earned 1512.0 (multiplier: 1.0, uses: 3)
[18:12:41] Spicy_Here sold 3456x items [3456x GUNPOWDER] and earned 10368.0 (multiplier: 1.0, uses: 2)
[22:55:51] Spicy_Here sold 904x items [71x PRISMARINE_CRYSTALS, 833x PRISMARINE_SHARD] and earned 9040.0 (multiplier: 1.0, uses: 1)
[22:55:57] Spicy_Here sold 1008x items [283x PRISMARINE_CRYSTALS, 725x PRISMARINE_SHARD] and earned 10080.0 (multiplier: 1.0, uses: 0)
[22:56:07] Spicy_Here sold 3456x items [3456x STRING] and earned 4147.200164794922 (multiplier: 1.2, uses: 12)
