[00:00:39] Yandere_Ethy sold 118x items [118x DRIED_KELP_BLOCK] and earned 1103.3000239133835 (multiplier: 1.1, uses: 6)
[00:32:48] [ShulkerFix] gyzoxx sold 93366x items [54x SHULKER_BOX, 93312x CRIMSON_ROOTS] from shulker boxes and earned 338,304.6 (multiplier: 1.5, uses: 17)
[00:32:51] [ShulkerFix] gyzoxx sold 93366x items [54x SHULKER_BOX, 93312x CRIMSON_ROOTS] from shulker boxes and earned 338,304.6 (multiplier: 1.5, uses: 16)
[00:38:58] [ShulkerFix] gyzoxx sold 93366x items [54x SHULKER_BOX, 93312x SEA_PICKLE] from shulker boxes and earned 408,288.6 (multiplier: 1.5, uses: 15)
[00:53:40] [ShulkerFix] gyzoxx sold 93366x items [54x SHULKER_BOX, 93312x CRIMSON_ROOTS] from shulker boxes and earned 338,304.6 (multiplier: 1.5, uses: 14)
[00:54:52] [ShulkerFix] gyzoxx sold 93366x items [54x SHULKER_BOX, 93312x LEAD] from shulker boxes and earned 765,207 (multiplier: 1.5, uses: 13)
[03:06:57] [ShulkerFix] qmw8 sold 93366x items [54x SHULKER_BOX, 93312x SEA_PICKLE] from shulker boxes and earned 408,288.6 (multiplier: 1.5, uses: 5)
[03:07:00] [ShulkerFix] qmw8 sold 93366x items [54x SHULKER_BOX, 93312x SEA_PICKLE] from shulker boxes and earned 408,288.6 (multiplier: 1.5, uses: 4)
[03:07:03] [ShulkerFix] qmw8 sold 93366x items [54x SHULKER_BOX, 93312x SEA_PICKLE] from shulker boxes and earned 408,288.6 (multiplier: 1.5, uses: 3)
[03:07:14] [ShulkerFix] qmw8 sold 91743x items [54x SHULKER_BOX, 1x EYE_ARMOR_TRIM_SMITHING_TEMPLATE, 44x SILENCE_ARMOR_TRIM_SMITHING_TEMPLATE, 53x BLAZE_POWDER, 3x DIAMOND, 4x SPIRE_ARMOR_TRIM_SMITHING_TEMPLATE, 91584x SEA_PICKLE] from shulker boxes and earned 408,727.2 (multiplier: 1.5, uses: 2)
[03:07:57] [ShulkerFix] qmw8 sold 93366x items [54x SHULKER_BOX, 93312x SEA_PICKLE] from shulker boxes and earned 408,288.6 (multiplier: 1.5, uses: 1)
[03:08:17] [ShulkerFix] qmw8 sold 93366x items [54x SHULKER_BOX, 93312x SEA_PICKLE] from shulker boxes and earned 408,288.6 (multiplier: 1.5, uses: 0)
[03:08:48] [ShulkerFix] qmw8 sold 93366x items [54x SHULKER_BOX, 93312x SEA_PICKLE] from shulker boxes and earned 408,288.6 (multiplier: 1.5, uses: 24)
[03:08:51] [ShulkerFix] qmw8 sold 93366x items [54x SHULKER_BOX, 93312x SEA_PICKLE] from shulker boxes and earned 408,288.6 (multiplier: 1.5, uses: 23)
[03:08:54] [ShulkerFix] qmw8 sold 93366x items [54x SHULKER_BOX, 93312x SEA_PICKLE] from shulker boxes and earned 408,288.6 (multiplier: 1.5, uses: 22)
[03:08:58] [ShulkerFix] qmw8 sold 93366x items [54x SHULKER_BOX, 93312x SEA_PICKLE] from shulker boxes and earned 408,288.6 (multiplier: 1.5, uses: 21)
[03:09:04] [ShulkerFix] qmw8 sold 93366x items [54x SHULKER_BOX, 93312x SEA_PICKLE] from shulker boxes and earned 408,288.6 (multiplier: 1.5, uses: 20)
[03:09:58] [ShulkerFix] qmw8 sold 93366x items [54x SHULKER_BOX, 93312x SEA_PICKLE] from shulker boxes and earned 408,288.6 (multiplier: 1.5, uses: 19)
[03:22:10] [ShulkerFix] gyzoxx sold 93366x items [54x SHULKER_BOX, 93312x CRIMSON_ROOTS] from shulker boxes and earned 338,304.6 (multiplier: 1.5, uses: 12)
[03:22:10] [ShulkerFix] gyzoxx sold 93366x items [54x SHULKER_BOX, 93312x CRIMSON_ROOTS] from shulker boxes and earned 338,304.6 (multiplier: 1.5, uses: 11)
[03:22:11] [ShulkerFix] gyzoxx sold 93366x items [54x SHULKER_BOX, 93312x CRIMSON_ROOTS] from shulker boxes and earned 338,304.6 (multiplier: 1.5, uses: 10)
[03:22:11] [ShulkerFix] gyzoxx sold 93366x items [54x SHULKER_BOX, 93312x CRIMSON_ROOTS] from shulker boxes and earned 338,304.6 (multiplier: 1.5, uses: 9)
[03:22:19] [ShulkerFix] gyzoxx sold 93366x items [54x SHULKER_BOX, 93312x CRIMSON_ROOTS] from shulker boxes and earned 338,304.6 (multiplier: 1.5, uses: 8)
[03:22:19] [ShulkerFix] gyzoxx sold 93366x items [54x SHULKER_BOX, 93312x CRIMSON_ROOTS] from shulker boxes and earned 338,304.6 (multiplier: 1.5, uses: 7)
[03:22:19] [ShulkerFix] gyzoxx sold 91637x items [53x SHULKER_BOX, 91584x CRIMSON_ROOTS] from shulker boxes and earned 332,039.7 (multiplier: 1.5, uses: 6)
[03:22:20] [ShulkerFix] gyzoxx sold 93366x items [54x SHULKER_BOX, 93312x CRIMSON_ROOTS] from shulker boxes and earned 338,304.6 (multiplier: 1.5, uses: 5)
[03:22:22] [ShulkerFix] gyzoxx sold 93366x items [54x SHULKER_BOX, 93312x CRIMSON_ROOTS] from shulker boxes and earned 338,304.6 (multiplier: 1.5, uses: 4)
[03:22:24] [ShulkerFix] gyzoxx sold 93366x items [54x SHULKER_BOX, 93312x CRIMSON_ROOTS] from shulker boxes and earned 338,304.6 (multiplier: 1.5, uses: 3)
[03:23:51] [ShulkerFix] gyzoxx sold 93366x items [54x SHULKER_BOX, 93312x LEAD] from shulker boxes and earned 765,207 (multiplier: 1.5, uses: 2)
[06:02:05] [ShulkerFix] jomami24 sold 93366x items [54x SHULKER_BOX, 93312x CRIMSON_ROOTS] from shulker boxes and earned 338,304.6 (multiplier: 1.5, uses: 11)
[06:02:11] [ShulkerFix] jomami24 sold 93366x items [54x SHULKER_BOX, 93312x CRIMSON_ROOTS] from shulker boxes and earned 338,304.6 (multiplier: 1.5, uses: 10)
[06:02:13] [ShulkerFix] jomami24 sold 93366x items [54x SHULKER_BOX, 93312x CRIMSON_ROOTS] from shulker boxes and earned 338,304.6 (multiplier: 1.5, uses: 9)
[06:02:14] [ShulkerFix] jomami24 sold 93366x items [54x SHULKER_BOX, 93312x CRIMSON_ROOTS] from shulker boxes and earned 338,304.6 (multiplier: 1.5, uses: 8)
[06:02:19] [ShulkerFix] jomami24 sold 93366x items [54x SHULKER_BOX, 93312x CRIMSON_ROOTS] from shulker boxes and earned 338,304.6 (multiplier: 1.5, uses: 7)
[06:02:23] [ShulkerFix] jomami24 sold 93366x items [54x SHULKER_BOX, 93312x CRIMSON_ROOTS] from shulker boxes and earned 338,304.6 (multiplier: 1.5, uses: 6)
[06:02:24] [ShulkerFix] jomami24 sold 93366x items [54x SHULKER_BOX, 93312x CRIMSON_ROOTS] from shulker boxes and earned 338,304.6 (multiplier: 1.5, uses: 5)
[06:02:26] [ShulkerFix] jomami24 sold 93366x items [54x SHULKER_BOX, 93312x CRIMSON_ROOTS] from shulker boxes and earned 338,304.6 (multiplier: 1.5, uses: 4)
[06:02:27] [ShulkerFix] jomami24 sold 93366x items [54x SHULKER_BOX, 93312x CRIMSON_ROOTS] from shulker boxes and earned 338,304.6 (multiplier: 1.5, uses: 3)
[06:02:39] [ShulkerFix] jomami24 sold 93366x items [54x SHULKER_BOX, 93312x CRIMSON_ROOTS] from shulker boxes and earned 338,304.6 (multiplier: 1.5, uses: 2)
[08:02:57] [ShulkerFix] jomami24 sold 93366x items [54x SHULKER_BOX, 93312x LEAD] from shulker boxes and earned 765,207 (multiplier: 1.5, uses: 5)
[08:02:58] [ShulkerFix] jomami24 sold 93366x items [54x SHULKER_BOX, 93312x LEAD] from shulker boxes and earned 765,207 (multiplier: 1.5, uses: 4)
[08:02:58] [ShulkerFix] jomami24 sold 93366x items [54x SHULKER_BOX, 93312x LEAD] from shulker boxes and earned 765,207 (multiplier: 1.5, uses: 3)
[08:02:59] [ShulkerFix] jomami24 sold 93366x items [54x SHULKER_BOX, 93312x LEAD] from shulker boxes and earned 765,207 (multiplier: 1.5, uses: 2)
[08:02:59] [ShulkerFix] jomami24 sold 93366x items [54x SHULKER_BOX, 93312x LEAD] from shulker boxes and earned 765,207 (multiplier: 1.5, uses: 1)
[08:03:00] [ShulkerFix] jomami24 sold 93366x items [54x SHULKER_BOX, 93312x LEAD] from shulker boxes and earned 765,207 (multiplier: 1.5, uses: 0)
[09:31:12] [ShulkerFix] jomami24 sold 93366x items [54x SHULKER_BOX, 93312x CRIMSON_ROOTS] from shulker boxes and earned 338,304.6 (multiplier: 1.5, uses: 23)
[09:31:12] [ShulkerFix] jomami24 sold 93366x items [54x SHULKER_BOX, 93312x CRIMSON_ROOTS] from shulker boxes and earned 338,304.6 (multiplier: 1.5, uses: 22)
[09:31:12] [ShulkerFix] jomami24 sold 93366x items [54x SHULKER_BOX, 93312x CRIMSON_ROOTS] from shulker boxes and earned 338,304.6 (multiplier: 1.5, uses: 21)
[09:31:13] [ShulkerFix] jomami24 sold 93366x items [54x SHULKER_BOX, 93312x CRIMSON_ROOTS] from shulker boxes and earned 338,304.6 (multiplier: 1.5, uses: 20)
[09:31:13] [ShulkerFix] jomami24 sold 93366x items [54x SHULKER_BOX, 93312x CRIMSON_ROOTS] from shulker boxes and earned 338,304.6 (multiplier: 1.5, uses: 19)
[09:31:13] [ShulkerFix] jomami24 sold 93366x items [54x SHULKER_BOX, 93312x CRIMSON_ROOTS] from shulker boxes and earned 338,304.6 (multiplier: 1.5, uses: 18)
[09:31:14] [ShulkerFix] jomami24 sold 93366x items [54x SHULKER_BOX, 93312x CRIMSON_ROOTS] from shulker boxes and earned 338,304.6 (multiplier: 1.5, uses: 17)
[09:31:14] [ShulkerFix] jomami24 sold 93366x items [54x SHULKER_BOX, 93312x CRIMSON_ROOTS] from shulker boxes and earned 338,304.6 (multiplier: 1.5, uses: 16)
[09:31:15] [ShulkerFix] jomami24 sold 93366x items [54x SHULKER_BOX, 93312x CRIMSON_ROOTS] from shulker boxes and earned 338,304.6 (multiplier: 1.5, uses: 15)
[09:31:15] [ShulkerFix] jomami24 sold 93366x items [54x SHULKER_BOX, 93312x CRIMSON_ROOTS] from shulker boxes and earned 338,304.6 (multiplier: 1.5, uses: 14)
[09:31:16] [ShulkerFix] jomami24 sold 93366x items [54x SHULKER_BOX, 93312x CRIMSON_ROOTS] from shulker boxes and earned 338,304.6 (multiplier: 1.5, uses: 13)
[09:31:16] [ShulkerFix] jomami24 sold 93366x items [54x SHULKER_BOX, 93312x CRIMSON_ROOTS] from shulker boxes and earned 338,304.6 (multiplier: 1.5, uses: 12)
[09:36:46] [ShulkerFix] LEROYCHAT sold 93366x items [54x SHULKER_BOX, 93312x CRIMSON_ROOTS] from shulker boxes and earned 451,072.8 (multiplier: 2.0, uses: 18)
[09:36:51] [ShulkerFix] LEROYCHAT sold 93366x items [54x SHULKER_BOX, 93312x CRIMSON_ROOTS] from shulker boxes and earned 451,072.8 (multiplier: 2.0, uses: 17)
[09:36:53] [ShulkerFix] LEROYCHAT sold 93366x items [54x SHULKER_BOX, 93312x CRIMSON_ROOTS] from shulker boxes and earned 451,072.8 (multiplier: 2.0, uses: 16)
[09:36:57] [ShulkerFix] LEROYCHAT sold 93366x items [54x SHULKER_BOX, 93312x CRIMSON_ROOTS] from shulker boxes and earned 451,072.8 (multiplier: 2.0, uses: 15)
[09:36:59] [ShulkerFix] LEROYCHAT sold 93366x items [54x SHULKER_BOX, 93312x CRIMSON_ROOTS] from shulker boxes and earned 451,072.8 (multiplier: 2.0, uses: 14)
[09:37:03] [ShulkerFix] LEROYCHAT sold 93366x items [54x SHULKER_BOX, 93312x CRIMSON_ROOTS] from shulker boxes and earned 451,072.8 (multiplier: 2.0, uses: 13)
[09:37:05] [ShulkerFix] LEROYCHAT sold 93366x items [54x SHULKER_BOX, 93312x CRIMSON_ROOTS] from shulker boxes and earned 451,072.8 (multiplier: 2.0, uses: 12)
[09:37:07] [ShulkerFix] LEROYCHAT sold 93366x items [54x SHULKER_BOX, 93312x CRIMSON_ROOTS] from shulker boxes and earned 451,072.8 (multiplier: 2.0, uses: 11)
[09:37:09] [ShulkerFix] LEROYCHAT sold 93366x items [54x SHULKER_BOX, 93312x CRIMSON_ROOTS] from shulker boxes and earned 451,072.8 (multiplier: 2.0, uses: 10)
[10:54:36] [ShulkerFix] LEROYCHAT sold 93366x items [54x SHULKER_BOX, 93312x CRIMSON_ROOTS] from shulker boxes and earned 451,072.8 (multiplier: 2.0, uses: 9)
[10:55:46] [ShulkerFix] LEROYCHAT sold 93366x items [54x SHULKER_BOX, 93312x CRIMSON_ROOTS] from shulker boxes and earned 451,072.8 (multiplier: 2.0, uses: 8)
[14:07:38] [ShulkerFix] .SeaAunt97287803 sold 93366x items [54x SHULKER_BOX, 93312x SEA_PICKLE] from shulker boxes and earned 408,288.6 (multiplier: 1.5, uses: 16)
[14:07:45] [ShulkerFix] .SeaAunt97287803 sold 93366x items [54x SHULKER_BOX, 93312x SEA_PICKLE] from shulker boxes and earned 408,288.6 (multiplier: 1.5, uses: 15)
[14:07:58] [ShulkerFix] .SeaAunt97287803 sold 93366x items [54x SHULKER_BOX, 93312x SEA_PICKLE] from shulker boxes and earned 408,288.6 (multiplier: 1.5, uses: 14)
[14:08:03] [ShulkerFix] .SeaAunt97287803 sold 93366x items [54x SHULKER_BOX, 93312x SEA_PICKLE] from shulker boxes and earned 408,288.6 (multiplier: 1.5, uses: 13)
[14:08:07] [ShulkerFix] .SeaAunt97287803 sold 93366x items [54x SHULKER_BOX, 93312x SEA_PICKLE] from shulker boxes and earned 408,288.6 (multiplier: 1.5, uses: 12)
[14:08:10] [ShulkerFix] .SeaAunt97287803 sold 93302x items [54x SHULKER_BOX, 93248x SEA_PICKLE] from shulker boxes and earned 408,029.4 (multiplier: 1.5, uses: 11)
[14:08:17] [ShulkerFix] .SeaAunt97287803 sold 93366x items [54x SHULKER_BOX, 93312x SEA_PICKLE] from shulker boxes and earned 408,288.6 (multiplier: 1.5, uses: 10)
[14:08:45] [ShulkerFix] .SeaAunt97287803 sold 93366x items [54x SHULKER_BOX, 93312x SEA_PICKLE] from shulker boxes and earned 408,288.6 (multiplier: 1.5, uses: 9)
[14:09:24] [ShulkerFix] .SeaAunt97287803 sold 93366x items [54x SHULKER_BOX, 93312x SEA_PICKLE] from shulker boxes and earned 408,288.6 (multiplier: 1.5, uses: 8)
[14:09:35] [ShulkerFix] .SeaAunt97287803 sold 89908x items [52x SHULKER_BOX, 89856x SEA_PICKLE] from shulker boxes and earned 393,166.8 (multiplier: 1.5, uses: 7)
[14:10:25] [ShulkerFix] .SeaAunt97287803 sold 93366x items [54x SHULKER_BOX, 93312x SEA_PICKLE] from shulker boxes and earned 408,288.6 (multiplier: 1.5, uses: 6)
[14:11:15] [ShulkerFix] .SeaAunt97287803 sold 93366x items [54x SHULKER_BOX, 93312x SEA_PICKLE] from shulker boxes and earned 408,288.6 (multiplier: 1.5, uses: 5)
[15:57:22] [ShulkerFix] jomami24 sold 93366x items [54x SHULKER_BOX, 93312x CRIMSON_ROOTS] from shulker boxes and earned 338,304.6 (multiplier: 1.5, uses: 11)
[15:57:22] [ShulkerFix] jomami24 sold 93366x items [54x SHULKER_BOX, 93312x CRIMSON_ROOTS] from shulker boxes and earned 338,304.6 (multiplier: 1.5, uses: 10)
[15:57:22] [ShulkerFix] jomami24 sold 93366x items [54x SHULKER_BOX, 93312x CRIMSON_ROOTS] from shulker boxes and earned 338,304.6 (multiplier: 1.5, uses: 9)
[15:57:23] [ShulkerFix] jomami24 sold 93366x items [54x SHULKER_BOX, 93312x CRIMSON_ROOTS] from shulker boxes and earned 338,304.6 (multiplier: 1.5, uses: 8)
[15:57:23] [ShulkerFix] jomami24 sold 93366x items [54x SHULKER_BOX, 93312x CRIMSON_ROOTS] from shulker boxes and earned 338,304.6 (multiplier: 1.5, uses: 7)
[15:57:24] [ShulkerFix] jomami24 sold 93366x items [54x SHULKER_BOX, 93312x CRIMSON_ROOTS] from shulker boxes and earned 338,304.6 (multiplier: 1.5, uses: 6)
[15:57:25] [ShulkerFix] jomami24 sold 93366x items [54x SHULKER_BOX, 93312x CRIMSON_ROOTS] from shulker boxes and earned 338,304.6 (multiplier: 1.5, uses: 5)
[15:57:26] [ShulkerFix] jomami24 sold 93366x items [54x SHULKER_BOX, 93312x CRIMSON_ROOTS] from shulker boxes and earned 338,304.6 (multiplier: 1.5, uses: 4)
[15:57:26] [ShulkerFix] jomami24 sold 93366x items [54x SHULKER_BOX, 93312x CRIMSON_ROOTS] from shulker boxes and earned 338,304.6 (multiplier: 1.5, uses: 3)
[16:56:53] [ShulkerFix] qmw8 sold 93366x items [54x SHULKER_BOX, 93312x SEA_PICKLE] from shulker boxes and earned 408,288.6 (multiplier: 1.5, uses: 18)
[16:57:05] [ShulkerFix] qmw8 sold 93366x items [54x SHULKER_BOX, 93312x SEA_PICKLE] from shulker boxes and earned 408,288.6 (multiplier: 1.5, uses: 17)
[16:57:07] [ShulkerFix] qmw8 sold 93366x items [54x SHULKER_BOX, 93312x SEA_PICKLE] from shulker boxes and earned 408,288.6 (multiplier: 1.5, uses: 16)
[16:57:50] [ShulkerFix] qmw8 sold 93366x items [54x SHULKER_BOX, 93312x SEA_PICKLE] from shulker boxes and earned 408,288.6 (multiplier: 1.5, uses: 15)
[16:57:52] [ShulkerFix] qmw8 sold 93366x items [54x SHULKER_BOX, 93312x SEA_PICKLE] from shulker boxes and earned 408,288.6 (multiplier: 1.5, uses: 14)
[16:57:58] [ShulkerFix] qmw8 sold 93366x items [54x SHULKER_BOX, 93312x SEA_PICKLE] from shulker boxes and earned 408,288.6 (multiplier: 1.5, uses: 13)
[16:57:59] [ShulkerFix] qmw8 sold 93366x items [54x SHULKER_BOX, 93312x SEA_PICKLE] from shulker boxes and earned 408,288.6 (multiplier: 1.5, uses: 12)
[16:58:02] [ShulkerFix] qmw8 sold 93366x items [54x SHULKER_BOX, 93312x SEA_PICKLE] from shulker boxes and earned 408,288.6 (multiplier: 1.5, uses: 11)
[16:58:04] [ShulkerFix] qmw8 sold 93366x items [54x SHULKER_BOX, 93312x SEA_PICKLE] from shulker boxes and earned 408,288.6 (multiplier: 1.5, uses: 10)
[16:58:06] [ShulkerFix] qmw8 sold 93366x items [54x SHULKER_BOX, 93312x SEA_PICKLE] from shulker boxes and earned 408,288.6 (multiplier: 1.5, uses: 9)
[16:58:09] [ShulkerFix] qmw8 sold 93366x items [54x SHULKER_BOX, 93312x SEA_PICKLE] from shulker boxes and earned 408,288.6 (multiplier: 1.5, uses: 8)
[16:58:14] [ShulkerFix] qmw8 sold 93366x items [54x SHULKER_BOX, 93312x SEA_PICKLE] from shulker boxes and earned 408,288.6 (multiplier: 1.5, uses: 7)
[16:58:17] [ShulkerFix] qmw8 sold 93366x items [54x SHULKER_BOX, 93312x SEA_PICKLE] from shulker boxes and earned 408,288.6 (multiplier: 1.5, uses: 6)
[16:58:17] [ShulkerFix] qmw8 sold 93366x items [54x SHULKER_BOX, 93312x SEA_PICKLE] from shulker boxes and earned 408,288.6 (multiplier: 1.5, uses: 5)
[16:58:18] [ShulkerFix] qmw8 sold 93366x items [54x SHULKER_BOX, 93312x SEA_PICKLE] from shulker boxes and earned 408,288.6 (multiplier: 1.5, uses: 4)
[16:58:18] [ShulkerFix] qmw8 sold 93366x items [54x SHULKER_BOX, 93312x SEA_PICKLE] from shulker boxes and earned 408,288.6 (multiplier: 1.5, uses: 3)
[16:58:32] [ShulkerFix] qmw8 sold 93366x items [54x SHULKER_BOX, 93312x SEA_PICKLE] from shulker boxes and earned 408,288.6 (multiplier: 1.5, uses: 2)
[16:58:35] [ShulkerFix] qmw8 sold 93366x items [54x SHULKER_BOX, 93312x SEA_PICKLE] from shulker boxes and earned 408,288.6 (multiplier: 1.5, uses: 1)
[16:58:39] [ShulkerFix] qmw8 sold 93366x items [54x SHULKER_BOX, 93312x SEA_PICKLE] from shulker boxes and earned 408,288.6 (multiplier: 1.5, uses: 0)
[17:06:00] [ShulkerFix] qmw8 sold 93366x items [54x SHULKER_BOX, 93312x SEA_PICKLE] from shulker boxes and earned 408,288.6 (multiplier: 1.5, uses: 24)
[17:06:13] [ShulkerFix] qmw8 sold 93366x items [54x SHULKER_BOX, 93312x SEA_PICKLE] from shulker boxes and earned 408,288.6 (multiplier: 1.5, uses: 23)
[17:06:15] [ShulkerFix] qmw8 sold 93366x items [54x SHULKER_BOX, 93312x SEA_PICKLE] from shulker boxes and earned 408,288.6 (multiplier: 1.5, uses: 22)
[17:06:18] [ShulkerFix] qmw8 sold 93366x items [54x SHULKER_BOX, 93312x SEA_PICKLE] from shulker boxes and earned 408,288.6 (multiplier: 1.5, uses: 21)
[17:06:20] [ShulkerFix] qmw8 sold 93366x items [54x SHULKER_BOX, 93312x SEA_PICKLE] from shulker boxes and earned 408,288.6 (multiplier: 1.5, uses: 20)
[17:06:22] [ShulkerFix] qmw8 sold 93366x items [54x SHULKER_BOX, 93312x SEA_PICKLE] from shulker boxes and earned 408,288.6 (multiplier: 1.5, uses: 19)
[17:06:26] [ShulkerFix] qmw8 sold 93366x items [54x SHULKER_BOX, 93312x SEA_PICKLE] from shulker boxes and earned 408,288.6 (multiplier: 1.5, uses: 18)
[17:06:37] [ShulkerFix] qmw8 sold 93366x items [54x SHULKER_BOX, 93312x SEA_PICKLE] from shulker boxes and earned 408,288.6 (multiplier: 1.5, uses: 17)
[17:06:38] [ShulkerFix] qmw8 sold 25935x items [15x SHULKER_BOX, 25920x SEA_PICKLE] from shulker boxes and earned 113,413.5 (multiplier: 1.5, uses: 16)
[17:08:42] [ShulkerFix] qmw8 sold 93366x items [54x SHULKER_BOX, 93312x SEA_PICKLE] from shulker boxes and earned 408,288.6 (multiplier: 1.5, uses: 15)
[17:09:02] [ShulkerFix] qmw8 sold 93366x items [54x SHULKER_BOX, 93312x SEA_PICKLE] from shulker boxes and earned 408,288.6 (multiplier: 1.5, uses: 14)
[17:09:05] [ShulkerFix] qmw8 sold 93366x items [54x SHULKER_BOX, 93312x SEA_PICKLE] from shulker boxes and earned 408,288.6 (multiplier: 1.5, uses: 13)
[17:09:08] [ShulkerFix] qmw8 sold 93366x items [54x SHULKER_BOX, 93312x SEA_PICKLE] from shulker boxes and earned 408,288.6 (multiplier: 1.5, uses: 12)
[17:09:09] [ShulkerFix] qmw8 sold 93366x items [54x SHULKER_BOX, 93312x SEA_PICKLE] from shulker boxes and earned 408,288.6 (multiplier: 1.5, uses: 11)
[17:09:10] [ShulkerFix] qmw8 sold 93366x items [54x SHULKER_BOX, 93312x SEA_PICKLE] from shulker boxes and earned 408,288.6 (multiplier: 1.5, uses: 10)
[17:09:10] [ShulkerFix] qmw8 sold 93366x items [54x SHULKER_BOX, 93312x SEA_PICKLE] from shulker boxes and earned 408,288.6 (multiplier: 1.5, uses: 9)
[17:09:16] [ShulkerFix] qmw8 sold 93366x items [54x SHULKER_BOX, 93312x SEA_PICKLE] from shulker boxes and earned 408,288.6 (multiplier: 1.5, uses: 8)
[17:09:16] [ShulkerFix] qmw8 sold 93366x items [54x SHULKER_BOX, 93312x SEA_PICKLE] from shulker boxes and earned 408,288.6 (multiplier: 1.5, uses: 7)
[17:09:16] [ShulkerFix] qmw8 sold 93366x items [54x SHULKER_BOX, 93312x SEA_PICKLE] from shulker boxes and earned 408,288.6 (multiplier: 1.5, uses: 6)
[17:11:02] [ShulkerFix] qmw8 sold 93366x items [54x SHULKER_BOX, 93312x SEA_PICKLE] from shulker boxes and earned 408,288.6 (multiplier: 1.5, uses: 5)
[17:11:26] [ShulkerFix] qmw8 sold 93366x items [54x SHULKER_BOX, 93312x SEA_PICKLE] from shulker boxes and earned 408,288.6 (multiplier: 1.5, uses: 4)
[17:12:01] [ShulkerFix] qmw8 sold 93366x items [54x SHULKER_BOX, 93312x SEA_PICKLE] from shulker boxes and earned 408,288.6 (multiplier: 1.5, uses: 3)
[17:12:38] [ShulkerFix] qmw8 sold 93366x items [54x SHULKER_BOX, 93312x SEA_PICKLE] from shulker boxes and earned 408,288.6 (multiplier: 1.5, uses: 2)
[17:12:55] [ShulkerFix] qmw8 sold 65702x items [38x SHULKER_BOX, 65664x SEA_PICKLE] from shulker boxes and earned 287,314.2 (multiplier: 1.5, uses: 1)
[17:59:36] [ShulkerFix] jomami24 sold 93366x items [54x SHULKER_BOX, 93312x CRIMSON_ROOTS] from shulker boxes and earned 338,304.6 (multiplier: 1.5, uses: 2)
[17:59:36] [ShulkerFix] jomami24 sold 93366x items [54x SHULKER_BOX, 93312x CRIMSON_ROOTS] from shulker boxes and earned 338,304.6 (multiplier: 1.5, uses: 1)
[18:00:00] [ShulkerFix] jomami24 sold 93366x items [54x SHULKER_BOX, 93312x CRIMSON_ROOTS] from shulker boxes and earned 338,304.6 (multiplier: 1.5, uses: 0)
[18:00:20] [ShulkerFix] jomami24 sold 93366x items [54x SHULKER_BOX, 93312x CRIMSON_ROOTS] from shulker boxes and earned 338,304.6 (multiplier: 1.5, uses: 1)
[18:01:00] [ShulkerFix] jomami24 sold 93366x items [54x SHULKER_BOX, 93312x CRIMSON_ROOTS] from shulker boxes and earned 338,304.6 (multiplier: 1.5, uses: 0)
[19:09:26] [ShulkerFix] jomami24 sold 93366x items [54x SHULKER_BOX, 93312x CRIMSON_ROOTS] from shulker boxes and earned 315,750.95 (multiplier: 1.4, uses: 1)
[19:09:26] [ShulkerFix] jomami24 sold 93366x items [54x SHULKER_BOX, 93312x CRIMSON_ROOTS] from shulker boxes and earned 315,750.95 (multiplier: 1.4, uses: 0)
[20:21:34] [ShulkerFix] MMG4L sold 93366x items [54x SHULKER_BOX, 93312x CRIMSON_ROOTS] from shulker boxes and earned 338,304.6 (multiplier: 1.5, uses: 24)
[20:21:36] [ShulkerFix] MMG4L sold 93366x items [54x SHULKER_BOX, 93312x CRIMSON_ROOTS] from shulker boxes and earned 338,304.6 (multiplier: 1.5, uses: 23)
[20:21:38] [ShulkerFix] MMG4L sold 93366x items [54x SHULKER_BOX, 93312x CRIMSON_ROOTS] from shulker boxes and earned 338,304.6 (multiplier: 1.5, uses: 22)
[20:21:40] [ShulkerFix] MMG4L sold 93366x items [54x SHULKER_BOX, 93312x CRIMSON_ROOTS] from shulker boxes and earned 338,304.6 (multiplier: 1.5, uses: 21)
[20:21:42] [ShulkerFix] MMG4L sold 93366x items [54x SHULKER_BOX, 93312x CRIMSON_ROOTS] from shulker boxes and earned 338,304.6 (multiplier: 1.5, uses: 20)
[20:21:43] [ShulkerFix] MMG4L sold 93366x items [54x SHULKER_BOX, 93312x CRIMSON_ROOTS] from shulker boxes and earned 338,304.6 (multiplier: 1.5, uses: 19)
[20:21:45] [ShulkerFix] MMG4L sold 93366x items [54x SHULKER_BOX, 93312x CRIMSON_ROOTS] from shulker boxes and earned 338,304.6 (multiplier: 1.5, uses: 18)
[20:21:53] [ShulkerFix] MMG4L sold 93366x items [54x SHULKER_BOX, 93312x CRIMSON_ROOTS] from shulker boxes and earned 338,304.6 (multiplier: 1.5, uses: 17)
[20:21:54] [ShulkerFix] MMG4L sold 93366x items [54x SHULKER_BOX, 93312x CRIMSON_ROOTS] from shulker boxes and earned 338,304.6 (multiplier: 1.5, uses: 16)
[20:22:14] [ShulkerFix] MMG4L sold 93366x items [54x SHULKER_BOX, 93312x CRIMSON_ROOTS] from shulker boxes and earned 338,304.6 (multiplier: 1.5, uses: 15)
[20:22:16] [ShulkerFix] MMG4L sold 93366x items [54x SHULKER_BOX, 93312x CRIMSON_ROOTS] from shulker boxes and earned 338,304.6 (multiplier: 1.5, uses: 14)
[20:22:17] [ShulkerFix] MMG4L sold 93366x items [54x SHULKER_BOX, 93312x CRIMSON_ROOTS] from shulker boxes and earned 338,304.6 (multiplier: 1.5, uses: 13)
[20:22:20] [ShulkerFix] MMG4L sold 93366x items [54x SHULKER_BOX, 93312x CRIMSON_ROOTS] from shulker boxes and earned 338,304.6 (multiplier: 1.5, uses: 12)
[20:22:21] [ShulkerFix] MMG4L sold 93366x items [54x SHULKER_BOX, 93312x CRIMSON_ROOTS] from shulker boxes and earned 338,304.6 (multiplier: 1.5, uses: 11)
[20:22:29] [ShulkerFix] MMG4L sold 93366x items [54x SHULKER_BOX, 93312x CRIMSON_ROOTS] from shulker boxes and earned 338,304.6 (multiplier: 1.5, uses: 10)
[20:22:31] [ShulkerFix] MMG4L sold 93366x items [54x SHULKER_BOX, 93312x CRIMSON_ROOTS] from shulker boxes and earned 338,304.6 (multiplier: 1.5, uses: 9)
[20:22:35] [ShulkerFix] MMG4L sold 93366x items [54x SHULKER_BOX, 93312x CRIMSON_ROOTS] from shulker boxes and earned 338,304.6 (multiplier: 1.5, uses: 8)
[20:22:37] [ShulkerFix] MMG4L sold 93366x items [54x SHULKER_BOX, 93312x CRIMSON_ROOTS] from shulker boxes and earned 338,304.6 (multiplier: 1.5, uses: 7)
[20:22:45] [ShulkerFix] MMG4L sold 93366x items [54x SHULKER_BOX, 93312x CRIMSON_ROOTS] from shulker boxes and earned 338,304.6 (multiplier: 1.5, uses: 6)
[20:22:50] [ShulkerFix] MMG4L sold 93366x items [54x SHULKER_BOX, 93312x CRIMSON_ROOTS] from shulker boxes and earned 338,304.6 (multiplier: 1.5, uses: 5)
[20:22:55] [ShulkerFix] MMG4L sold 93366x items [54x SHULKER_BOX, 93312x CRIMSON_ROOTS] from shulker boxes and earned 338,304.6 (multiplier: 1.5, uses: 4)
[20:23:01] [ShulkerFix] MMG4L sold 93366x items [54x SHULKER_BOX, 93312x CRIMSON_ROOTS] from shulker boxes and earned 338,304.6 (multiplier: 1.5, uses: 3)
[20:23:03] [ShulkerFix] MMG4L sold 93366x items [54x SHULKER_BOX, 93312x CRIMSON_ROOTS] from shulker boxes and earned 338,304.6 (multiplier: 1.5, uses: 2)
[20:23:04] [ShulkerFix] MMG4L sold 93366x items [54x SHULKER_BOX, 93312x CRIMSON_ROOTS] from shulker boxes and earned 338,304.6 (multiplier: 1.5, uses: 1)
[20:23:05] [ShulkerFix] MMG4L sold 93366x items [54x SHULKER_BOX, 93312x CRIMSON_ROOTS] from shulker boxes and earned 338,304.6 (multiplier: 1.5, uses: 0)
[20:23:43] [ShulkerFix] MMG4L sold 93366x items [54x SHULKER_BOX, 93312x CRIMSON_ROOTS] from shulker boxes and earned 270,643.69 (multiplier: 1.2, uses: 14)
[20:23:52] [ShulkerFix] MMG4L sold 93366x items [54x SHULKER_BOX, 93312x CRIMSON_ROOTS] from shulker boxes and earned 270,643.69 (multiplier: 1.2, uses: 13)
[20:23:58] [ShulkerFix] MMG4L sold 93366x items [54x SHULKER_BOX, 93312x CRIMSON_ROOTS] from shulker boxes and earned 270,643.69 (multiplier: 1.2, uses: 12)
[20:24:02] [ShulkerFix] MMG4L sold 93366x items [54x SHULKER_BOX, 93312x CRIMSON_ROOTS] from shulker boxes and earned 270,643.69 (multiplier: 1.2, uses: 11)
[20:24:07] [ShulkerFix] MMG4L sold 93366x items [54x SHULKER_BOX, 93312x CRIMSON_ROOTS] from shulker boxes and earned 270,643.69 (multiplier: 1.2, uses: 10)
[20:24:08] [ShulkerFix] MMG4L sold 89908x items [52x SHULKER_BOX, 89856x CRIMSON_ROOTS] from shulker boxes and earned 260,619.85 (multiplier: 1.2, uses: 9)
[20:24:13] [ShulkerFix] MMG4L sold 93366x items [54x SHULKER_BOX, 93312x CRIMSON_ROOTS] from shulker boxes and earned 270,643.69 (multiplier: 1.2, uses: 8)
[20:24:15] [ShulkerFix] MMG4L sold 93366x items [54x SHULKER_BOX, 93312x CRIMSON_ROOTS] from shulker boxes and earned 270,643.69 (multiplier: 1.2, uses: 7)
[20:24:18] [ShulkerFix] MMG4L sold 93366x items [54x SHULKER_BOX, 93312x CRIMSON_ROOTS] from shulker boxes and earned 270,643.69 (multiplier: 1.2, uses: 6)
[20:24:58] [ShulkerFix] MMG4L sold 69160x items [40x SHULKER_BOX, 69120x CRIMSON_ROOTS] from shulker boxes and earned 200,476.81 (multiplier: 1.2, uses: 5)
[20:25:05] [ShulkerFix] MMG4L sold 53600x items [32x SHULKER_BOX, 53568x CRIMSON_ROOTS] from shulker boxes and earned 155,819.53 (multiplier: 1.2, uses: 4)
[20:25:39] [ShulkerFix] MMG4L sold 27664x items [16x SHULKER_BOX, 27648x CRIMSON_ROOTS] from shulker boxes and earned 80,190.72 (multiplier: 1.2, uses: 3)
[22:41:09] [ShulkerFix] tacoszombie sold 93366x items [54x SHULKER_BOX, 93312x CRIMSON_ROOTS] from shulker boxes and earned 270,643.69 (multiplier: 1.2, uses: 19)
[22:48:23] [ShulkerFix] Xotic2376 sold 79961x items [3664x PRISMARINE_CRYSTALS, 49x SHULKER_BOX, 192x BONE_MEAL, 12121x SUGAR, 51932x DRIED_KELP_BLOCK, 12003x PRISMARINE_SHARD] from shulker boxes and earned 787,817.19 (multiplier: 1.2, uses: 19)
[23:08:10] [ShulkerFix] tacoszombie sold 19019x items [11x SHULKER_BOX, 19008x CRIMSON_ROOTS] from shulker boxes and earned 55,131.12 (multiplier: 1.2, uses: 18)
