[01:02:13] Yandere_Ethy sold 2847x items [9x WHITE_WOOL, 2838x LEAD] and earned 16390.539355255365 (multiplier: 1.1, uses: 5)
[01:02:18] Yandere_Ethy sold 2854x items [10x WHITE_WOOL, 2844x LEAD] and earned 16425.310356009006 (multiplier: 1.1, uses: 4)
[01:02:24] Yandere_Ethy sold 2977x items [9x WHITE_WOOL, 2968x LEAD] and earned 17141.289371527433 (multiplier: 1.1, uses: 3)
[02:53:19] [ShulkerFix] .SeaAunt97287803 sold 93366x items [93312x SEA_PICKLE, 54x SHULKER_BOX] from shulker boxes and earned 408,288.6 (multiplier: 1.5, uses: 4)
[02:53:21] [ShulkerFix] .SeaAunt97287803 sold 93366x items [93312x SEA_PICKLE, 54x SHULKER_BOX] from shulker boxes and earned 408,288.6 (multiplier: 1.5, uses: 3)
[02:53:28] [ShulkerFix] .SeaAunt97287803 sold 93366x items [93312x SEA_PICKLE, 54x SHULKER_BOX] from shulker boxes and earned 408,288.6 (multiplier: 1.5, uses: 2)
[02:53:29] [ShulkerFix] .SeaAunt97287803 sold 93366x items [93312x SEA_PICKLE, 54x SHULKER_BOX] from shulker boxes and earned 408,288.6 (multiplier: 1.5, uses: 1)
[02:53:33] [ShulkerFix] .SeaAunt97287803 sold 93366x items [93312x SEA_PICKLE, 54x SHULKER_BOX] from shulker boxes and earned 408,288.6 (multiplier: 1.5, uses: 0)
[02:54:04] [ShulkerFix] .SeaAunt97287803 sold 93366x items [93312x SEA_PICKLE, 54x SHULKER_BOX] from shulker boxes and earned 299,411.65 (multiplier: 1.1, uses: 24)
[02:54:49] [ShulkerFix] .SeaAunt97287803 sold 93366x items [93312x SEA_PICKLE, 54x SHULKER_BOX] from shulker boxes and earned 299,411.65 (multiplier: 1.1, uses: 23)
[02:55:14] [ShulkerFix] .SeaAunt97287803 sold 93366x items [93312x SEA_PICKLE, 54x SHULKER_BOX] from shulker boxes and earned 299,411.65 (multiplier: 1.1, uses: 22)
[02:56:09] Yandere_Ethy sold 81x items [81x DRIED_KELP_BLOCK] and earned 757.3500164151192 (multiplier: 1.1, uses: 2)
[06:20:28] [ShulkerFix] .SeaAunt97287803 sold 93366x items [93312x SEA_PICKLE, 54x SHULKER_BOX] from shulker boxes and earned 299,411.65 (multiplier: 1.1, uses: 21)
[06:20:42] [ShulkerFix] .SeaAunt97287803 sold 93366x items [93312x SEA_PICKLE, 54x SHULKER_BOX] from shulker boxes and earned 299,411.65 (multiplier: 1.1, uses: 20)
[06:20:59] [ShulkerFix] .SeaAunt97287803 sold 93366x items [93312x SEA_PICKLE, 54x SHULKER_BOX] from shulker boxes and earned 299,411.65 (multiplier: 1.1, uses: 19)
[06:21:42] [ShulkerFix] .SeaAunt97287803 sold 93366x items [93312x SEA_PICKLE, 54x SHULKER_BOX] from shulker boxes and earned 299,411.65 (multiplier: 1.1, uses: 18)
[06:44:31] [ShulkerFix] .SeaAunt97287803 sold 93366x items [93312x SEA_PICKLE, 54x SHULKER_BOX] from shulker boxes and earned 299,411.65 (multiplier: 1.1, uses: 17)
[06:45:26] [ShulkerFix] .SeaAunt97287803 sold 89786x items [89728x SEA_PICKLE, 52x SHULKER_BOX, 6x WHITE_DYE] from shulker boxes and earned 287,942.56 (multiplier: 1.1, uses: 16)
[06:48:38] [ShulkerFix] .SeaAunt97287803 sold 72504x items [14x BONE_MEAL, 72448x SEA_PICKLE, 42x SHULKER_BOX] from shulker boxes and earned 232,499.42 (multiplier: 1.1, uses: 15)
[13:45:49] [ShulkerFix] .SeaAunt97287803 sold 93366x items [93312x SEA_PICKLE, 54x SHULKER_BOX] from shulker boxes and earned 299,411.65 (multiplier: 1.1, uses: 14)
[13:45:52] [ShulkerFix] .SeaAunt97287803 sold 93366x items [93312x SEA_PICKLE, 54x SHULKER_BOX] from shulker boxes and earned 299,411.65 (multiplier: 1.1, uses: 13)
[13:45:58] [ShulkerFix] .SeaAunt97287803 sold 93366x items [93312x SEA_PICKLE, 54x SHULKER_BOX] from shulker boxes and earned 299,411.65 (multiplier: 1.1, uses: 12)
[13:46:01] [ShulkerFix] .SeaAunt97287803 sold 93366x items [93312x SEA_PICKLE, 54x SHULKER_BOX] from shulker boxes and earned 299,411.65 (multiplier: 1.1, uses: 11)
[13:46:05] [ShulkerFix] .SeaAunt97287803 sold 93366x items [93312x SEA_PICKLE, 54x SHULKER_BOX] from shulker boxes and earned 299,411.65 (multiplier: 1.1, uses: 10)
[13:46:09] [ShulkerFix] .SeaAunt97287803 sold 89908x items [89856x SEA_PICKLE, 52x SHULKER_BOX] from shulker boxes and earned 288,322.33 (multiplier: 1.1, uses: 9)
[13:46:12] [ShulkerFix] .SeaAunt97287803 sold 93366x items [93312x SEA_PICKLE, 54x SHULKER_BOX] from shulker boxes and earned 299,411.65 (multiplier: 1.1, uses: 8)
[13:46:19] [ShulkerFix] .SeaAunt97287803 sold 93366x items [93312x SEA_PICKLE, 54x SHULKER_BOX] from shulker boxes and earned 299,411.65 (multiplier: 1.1, uses: 7)
[13:46:27] [ShulkerFix] .SeaAunt97287803 sold 93366x items [93312x SEA_PICKLE, 54x SHULKER_BOX] from shulker boxes and earned 299,411.65 (multiplier: 1.1, uses: 6)
[13:46:30] [ShulkerFix] .SeaAunt97287803 sold 93366x items [93312x SEA_PICKLE, 54x SHULKER_BOX] from shulker boxes and earned 299,411.65 (multiplier: 1.1, uses: 5)
[14:08:05] Yandere_Ethy sold 3456x items [3456x LEAD] and earned 19958.40043258667 (multiplier: 1.1, uses: 1)
[14:08:10] Yandere_Ethy sold 3456x items [3456x LEAD] and earned 19958.40043258667 (multiplier: 1.1, uses: 0)
[14:08:23] Yandere_Ethy sold 3456x items [3456x LEAD] and earned 19958.40043258667 (multiplier: 1.1, uses: 5)
[14:27:00] [ShulkerFix] qmw8 sold 93366x items [93312x SEA_PICKLE, 54x SHULKER_BOX] from shulker boxes and earned 408,288.6 (multiplier: 1.5, uses: 24)
[14:27:00] [ShulkerFix] qmw8 sold 93366x items [93312x SEA_PICKLE, 54x SHULKER_BOX] from shulker boxes and earned 408,288.6 (multiplier: 1.5, uses: 23)
[14:27:14] [ShulkerFix] qmw8 sold 93366x items [93312x SEA_PICKLE, 54x SHULKER_BOX] from shulker boxes and earned 408,288.6 (multiplier: 1.5, uses: 22)
[14:27:15] [ShulkerFix] qmw8 sold 93366x items [93312x SEA_PICKLE, 54x SHULKER_BOX] from shulker boxes and earned 408,288.6 (multiplier: 1.5, uses: 21)
[14:27:15] [ShulkerFix] qmw8 sold 93366x items [93312x SEA_PICKLE, 54x SHULKER_BOX] from shulker boxes and earned 408,288.6 (multiplier: 1.5, uses: 20)
[14:27:16] [ShulkerFix] qmw8 sold 93366x items [93312x SEA_PICKLE, 54x SHULKER_BOX] from shulker boxes and earned 408,288.6 (multiplier: 1.5, uses: 19)
[14:27:16] [ShulkerFix] qmw8 sold 93366x items [93312x SEA_PICKLE, 54x SHULKER_BOX] from shulker boxes and earned 408,288.6 (multiplier: 1.5, uses: 18)
[14:27:17] [ShulkerFix] qmw8 sold 93366x items [93312x SEA_PICKLE, 54x SHULKER_BOX] from shulker boxes and earned 408,288.6 (multiplier: 1.5, uses: 17)
[14:27:17] [ShulkerFix] qmw8 sold 93366x items [93312x SEA_PICKLE, 54x SHULKER_BOX] from shulker boxes and earned 408,288.6 (multiplier: 1.5, uses: 16)
[14:27:18] [ShulkerFix] qmw8 sold 93366x items [93312x SEA_PICKLE, 54x SHULKER_BOX] from shulker boxes and earned 408,288.6 (multiplier: 1.5, uses: 15)
[14:27:18] [ShulkerFix] qmw8 sold 93366x items [93312x SEA_PICKLE, 54x SHULKER_BOX] from shulker boxes and earned 408,288.6 (multiplier: 1.5, uses: 14)
[14:27:19] [ShulkerFix] qmw8 sold 93366x items [93312x SEA_PICKLE, 54x SHULKER_BOX] from shulker boxes and earned 408,288.6 (multiplier: 1.5, uses: 13)
[14:27:34] [ShulkerFix] qmw8 sold 93366x items [93312x SEA_PICKLE, 54x SHULKER_BOX] from shulker boxes and earned 408,288.6 (multiplier: 1.5, uses: 12)
[14:27:34] [ShulkerFix] qmw8 sold 93366x items [93312x SEA_PICKLE, 54x SHULKER_BOX] from shulker boxes and earned 408,288.6 (multiplier: 1.5, uses: 11)
[14:28:10] [ShulkerFix] qmw8 sold 93366x items [93312x SEA_PICKLE, 54x SHULKER_BOX] from shulker boxes and earned 408,288.6 (multiplier: 1.5, uses: 10)
[14:28:42] [ShulkerFix] qmw8 sold 93366x items [93312x SEA_PICKLE, 54x SHULKER_BOX] from shulker boxes and earned 408,288.6 (multiplier: 1.5, uses: 9)
[14:28:43] [ShulkerFix] qmw8 sold 93366x items [93312x SEA_PICKLE, 54x SHULKER_BOX] from shulker boxes and earned 408,288.6 (multiplier: 1.5, uses: 8)
[14:28:43] [ShulkerFix] qmw8 sold 93366x items [93312x SEA_PICKLE, 54x SHULKER_BOX] from shulker boxes and earned 408,288.6 (multiplier: 1.5, uses: 7)
[14:28:43] [ShulkerFix] qmw8 sold 93366x items [93312x SEA_PICKLE, 54x SHULKER_BOX] from shulker boxes and earned 408,288.6 (multiplier: 1.5, uses: 6)
[14:28:48] [ShulkerFix] qmw8 sold 93366x items [93312x SEA_PICKLE, 54x SHULKER_BOX] from shulker boxes and earned 408,288.6 (multiplier: 1.5, uses: 5)
[14:28:48] [ShulkerFix] qmw8 sold 93366x items [93312x SEA_PICKLE, 54x SHULKER_BOX] from shulker boxes and earned 408,288.6 (multiplier: 1.5, uses: 4)
[14:28:49] [ShulkerFix] qmw8 sold 93366x items [93312x SEA_PICKLE, 54x SHULKER_BOX] from shulker boxes and earned 408,288.6 (multiplier: 1.5, uses: 3)
[14:28:49] [ShulkerFix] qmw8 sold 93366x items [93312x SEA_PICKLE, 54x SHULKER_BOX] from shulker boxes and earned 408,288.6 (multiplier: 1.5, uses: 2)
[14:28:50] [ShulkerFix] qmw8 sold 93366x items [93312x SEA_PICKLE, 54x SHULKER_BOX] from shulker boxes and earned 408,288.6 (multiplier: 1.5, uses: 1)
[14:28:54] [ShulkerFix] qmw8 sold 93366x items [93312x SEA_PICKLE, 54x SHULKER_BOX] from shulker boxes and earned 408,288.6 (multiplier: 1.5, uses: 0)
[14:29:38] [ShulkerFix] .SeaAunt97287803 sold 93366x items [93312x SEA_PICKLE, 54x SHULKER_BOX] from shulker boxes and earned 299,411.65 (multiplier: 1.1, uses: 4)
[14:29:50] [ShulkerFix] .SeaAunt97287803 sold 72618x items [72576x SEA_PICKLE, 42x SHULKER_BOX] from shulker boxes and earned 232,875.73 (multiplier: 1.1, uses: 3)
[14:30:24] [ShulkerFix] .SeaAunt97287803 sold 93366x items [93312x SEA_PICKLE, 54x SHULKER_BOX] from shulker boxes and earned 299,411.65 (multiplier: 1.1, uses: 2)
[14:31:40] .SeaAunt97287803 sold 3456x items [3456x SEA_PICKLE] and earned 10264.320222473134 (multiplier: 1.1, uses: 1)
[14:32:40] [ShulkerFix] .SeaAunt97287803 sold 93366x items [93312x SEA_PICKLE, 54x SHULKER_BOX] from shulker boxes and earned 299,411.65 (multiplier: 1.1, uses: 0)
[14:36:27] [ShulkerFix] .SeaAunt97287803 sold 27780x items [27762x SEA_PICKLE, 18x SHULKER_BOX] from shulker boxes and earned 81,707.4 (multiplier: 1.0)
[14:36:27] .SeaAunt97287803 sold 930x items [930x SEA_PICKLE] and earned 2511.0000000000005 (multiplier: 1.0, uses: 9)
[14:42:09] [ShulkerFix] .SeaAunt97287803 sold 20748x items [20736x SEA_PICKLE, 12x SHULKER_BOX] from shulker boxes and earned 60,487.2 (multiplier: 1.0)
[14:42:09] .SeaAunt97287803 sold 1827x items [1827x SEA_PICKLE] and earned 4932.900000000002 (multiplier: 1.0, uses: 8)
[14:42:17] .SeaAunt97287803 sold 1767x items [1767x SEA_PICKLE] and earned 4770.900000000002 (multiplier: 1.0, uses: 7)
[14:42:22] [ShulkerFix] .SeaAunt97287803 sold 46683x items [46656x SEA_PICKLE, 27x SHULKER_BOX] from shulker boxes and earned 136,096.2 (multiplier: 1.0)
[14:42:22] .SeaAunt97287803 sold 48x items [48x SEA_PICKLE] and earned 129.60000000000002 (multiplier: 1.0, uses: 6)
[14:42:43] [ShulkerFix] .SeaAunt97287803 sold 3458x items [3456x SEA_PICKLE, 2x SHULKER_BOX] from shulker boxes and earned 10,081.2 (multiplier: 1.0)
[14:42:43] .SeaAunt97287803 sold 2395x items [2395x SEA_PICKLE] and earned 6466.500000000004 (multiplier: 1.0, uses: 5)
[14:42:49] .SeaAunt97287803 sold 301x items [301x SEA_PICKLE] and earned 812.7 (multiplier: 1.0, uses: 4)
[14:56:39] [ShulkerFix] .SeaAunt97287803 sold 1729x items [1728x SEA_PICKLE, 1x SHULKER_BOX] from shulker boxes and earned 5,040.6 (multiplier: 1.0)
[14:56:39] .SeaAunt97287803 sold 923x items [923x SEA_PICKLE] and earned 2492.1000000000004 (multiplier: 1.0, uses: 3)
[14:56:52] .SeaAunt97287803 sold 1731x items [1731x SEA_PICKLE] and earned 4673.700000000003 (multiplier: 1.0, uses: 2)
[14:59:41] [ShulkerFix] .SeaAunt97287803 sold 1729x items [1728x SEA_PICKLE, 1x SHULKER_BOX] from shulker boxes and earned 5,040.6 (multiplier: 1.0)
[14:59:41] .SeaAunt97287803 sold 323x items [323x SEA_PICKLE] and earned 872.1 (multiplier: 1.0, uses: 1)
[17:03:32] [ShulkerFix] .SeaAunt97287803 sold 93366x items [93312x SEA_PICKLE, 54x SHULKER_BOX] from shulker boxes and earned 299,411.65 (multiplier: 1.1, uses: 14)
[17:04:09] [ShulkerFix] .SeaAunt97287803 sold 46683x items [46656x SEA_PICKLE, 27x SHULKER_BOX] from shulker boxes and earned 149,705.82 (multiplier: 1.1, uses: 13)
[19:27:47] [ShulkerFix] .SeaAunt97287803 sold 93366x items [93312x SEA_PICKLE, 54x SHULKER_BOX] from shulker boxes and earned 299,411.65 (multiplier: 1.1, uses: 14)
[19:27:58] [ShulkerFix] .SeaAunt97287803 sold 93366x items [93312x SEA_PICKLE, 54x SHULKER_BOX] from shulker boxes and earned 299,411.65 (multiplier: 1.1, uses: 13)
[19:28:18] [ShulkerFix] .SeaAunt97287803 sold 93366x items [93312x SEA_PICKLE, 54x SHULKER_BOX] from shulker boxes and earned 299,411.65 (multiplier: 1.1, uses: 12)
[19:32:37] [ShulkerFix] .SeaAunt97287803 sold 88142x items [27x BONE_MEAL, 88064x SEA_PICKLE, 51x SHULKER_BOX] from shulker boxes and earned 282,595.01 (multiplier: 1.1, uses: 11)
[19:57:49] .Fratagne sold 3456x items [3456x LEAD] and earned 18144.0 (multiplier: 1.0, uses: 14)
[19:57:58] .Fratagne sold 3456x items [3456x LEAD] and earned 18144.0 (multiplier: 1.0, uses: 13)
[19:58:06] .Fratagne sold 3456x items [3456x LEAD] and earned 18144.0 (multiplier: 1.0, uses: 12)
[19:58:18] .Fratagne sold 3456x items [3456x LEAD] and earned 18144.0 (multiplier: 1.0, uses: 11)
[19:58:23] .Fratagne sold 3456x items [3456x LEAD] and earned 18144.0 (multiplier: 1.0, uses: 10)
[19:58:29] .Fratagne sold 3456x items [3456x LEAD] and earned 18144.0 (multiplier: 1.0, uses: 9)
[19:58:35] .Fratagne sold 3456x items [3456x LEAD] and earned 18144.0 (multiplier: 1.0, uses: 8)
[19:58:42] .Fratagne sold 3456x items [3456x LEAD] and earned 18144.0 (multiplier: 1.0, uses: 7)
[19:58:51] .Fratagne sold 24x items [24x LEAD] and earned 126.0 (multiplier: 1.0, uses: 6)
[19:58:57] .Fratagne sold 3456x items [3456x LEAD] and earned 18144.0 (multiplier: 1.0, uses: 5)
[19:59:02] .Fratagne sold 3456x items [3456x LEAD] and earned 18144.0 (multiplier: 1.0, uses: 4)
[19:59:08] .Fratagne sold 3456x items [3456x LEAD] and earned 18144.0 (multiplier: 1.0, uses: 3)
[19:59:13] .Fratagne sold 3456x items [3456x LEAD] and earned 18144.0 (multiplier: 1.0, uses: 2)
[21:20:32] [ShulkerFix] slo_wzy sold 93366x items [54x SHULKER_BOX, 93312x LEAD] from shulker boxes and earned 1,020,276 (multiplier: 2.0, uses: 22)
[21:20:45] [ShulkerFix] slo_wzy sold 93366x items [54x SHULKER_BOX, 93312x LEAD] from shulker boxes and earned 1,020,276 (multiplier: 2.0, uses: 21)
[21:40:41] [ShulkerFix] .SeaAunt97287803 sold 91453x items [91392x SEA_PICKLE, 54x SHULKER_BOX, 7x WHITE_DYE] from shulker boxes and earned 293,709.71 (multiplier: 1.1, uses: 10)
[22:29:02] REMIFLASH sold 2344x items [2344x RESIN_CLUMP] and earned 12892.000279426575 (multiplier: 1.1, uses: 14)
