[00:21:58] [ShulkerFix] LEROYCHAT sold 93366x items [54x SHULKER_BOX, 93312x CRIMSON_ROOTS] from shulker boxes and earned 338,304.6 (multiplier: 1.5, uses: 22)
[00:22:46] [ShulkerFix] LEROYCHAT sold 93366x items [54x SHULKER_BOX, 93312x CRIMSON_ROOTS] from shulker boxes and earned 338,304.6 (multiplier: 1.5, uses: 21)
[00:22:50] [ShulkerFix] LEROYCHAT sold 93366x items [54x SHULKER_BOX, 93312x CRIMSON_ROOTS] from shulker boxes and earned 338,304.6 (multiplier: 1.5, uses: 20)
[00:22:52] [ShulkerFix] LEROYCHAT sold 93366x items [54x SHULKER_BOX, 93312x CRIMSON_ROOTS] from shulker boxes and earned 338,304.6 (multiplier: 1.5, uses: 19)
[00:22:56] [ShulkerFix] LEROYCHAT sold 93366x items [54x SHULKER_BOX, 93312x CRIMSON_ROOTS] from shulker boxes and earned 338,304.6 (multiplier: 1.5, uses: 18)
[00:24:21] Yandere_Ethy sold 3363x items [282x CRIMSON_FUNGUS, 3008x CRIMSON_ROOTS, 73x WARPED_FUNGUS] and earned 7707.8101670622755 (multiplier: 1.1, uses: 24)
[00:24:27] Yandere_Ethy sold 3400x items [448x CRIMSON_FUNGUS, 2879x CRIMSON_ROOTS, 73x WARPED_FUNGUS] and earned 7614.750165045254 (multiplier: 1.1, uses: 23)
[00:24:32] Yandere_Ethy sold 3392x items [416x CRIMSON_FUNGUS, 2944x CRIMSON_ROOTS, 32x WARPED_FUNGUS] and earned 7698.240166854851 (multiplier: 1.1, uses: 22)
[00:24:38] Yandere_Ethy sold 3456x items [3456x CRIMSON_ROOTS] and earned 8363.520181274405 (multiplier: 1.1, uses: 21)
[00:24:41] [ShulkerFix] LEROYCHAT sold 93366x items [54x SHULKER_BOX, 93312x CRIMSON_ROOTS] from shulker boxes and earned 338,304.6 (multiplier: 1.5, uses: 17)
[00:24:43] Yandere_Ethy sold 1184x items [1184x CRIMSON_ROOTS] and earned 2865.280062103272 (multiplier: 1.1, uses: 20)
[00:24:54] Yandere_Ethy sold 162x items [66x CRIMSON_FUNGUS, 96x CRIMSON_ROOTS] and earned 319.4400069236755 (multiplier: 1.1, uses: 19)
[00:24:59] Yandere_Ethy sold 70x items [54x CRIMSON_FUNGUS, 16x CRIMSON_ROOTS] and earned 110.00000238418579 (multiplier: 1.1, uses: 18)
[00:25:04] Yandere_Ethy sold 58x items [58x CRIMSON_ROOTS] and earned 140.36000304222108 (multiplier: 1.1, uses: 17)
[00:43:29] Yandere_Ethy sold 3389x items [339x CRIMSON_FUNGUS, 2944x CRIMSON_ROOTS, 106x WARPED_FUNGUS] and earned 7653.580165886871 (multiplier: 1.1, uses: 16)
[00:45:45] [ShulkerFix] gyzoxx sold 93366x items [54x SHULKER_BOX, 93312x LEAD] from shulker boxes and earned 714,193.19 (multiplier: 1.4, uses: 11)
[00:45:51] [ShulkerFix] gyzoxx sold 93366x items [54x SHULKER_BOX, 93312x LEAD] from shulker boxes and earned 714,193.19 (multiplier: 1.4, uses: 10)
[00:45:53] [ShulkerFix] gyzoxx sold 93366x items [54x SHULKER_BOX, 93312x LEAD] from shulker boxes and earned 714,193.19 (multiplier: 1.4, uses: 9)
[00:47:17] [ShulkerFix] gyzoxx sold 86405x items [51x SHULKER_BOX, 86354x CRIMSON_ROOTS] from shulker boxes and earned 292,745.32 (multiplier: 1.4, uses: 8)
[00:51:33] [ShulkerFix] gyzoxx sold 89908x items [52x SHULKER_BOX, 89856x CRIMSON_ROOTS] from shulker boxes and earned 304,056.47 (multiplier: 1.4)
[00:51:33] gyzoxx sold 1x items [1x IRON_BLOCK] and earned 32.75999944210052 (multiplier: 1.4, uses: 7)
[00:51:36] [ShulkerFix] gyzoxx sold 90532x items [53x SHULKER_BOX, 90414x CRIMSON_ROOTS, 65x WARPED_FUNGUS] from shulker boxes and earned 306,363.81 (multiplier: 1.4)
[00:53:08] [ShulkerFix] gyzoxx sold 77805x items [45x SHULKER_BOX, 77760x CRIMSON_ROOTS] from shulker boxes and earned 263,125.8 (multiplier: 1.4, uses: 6)
[00:53:09] [ShulkerFix] gyzoxx sold 77805x items [45x SHULKER_BOX, 77760x CRIMSON_ROOTS] from shulker boxes and earned 263,125.8 (multiplier: 1.4, uses: 5)
[00:53:09] [ShulkerFix] gyzoxx sold 77805x items [45x SHULKER_BOX, 77760x CRIMSON_ROOTS] from shulker boxes and earned 263,125.8 (multiplier: 1.4, uses: 4)
[00:53:10] [ShulkerFix] gyzoxx sold 77805x items [45x SHULKER_BOX, 77760x CRIMSON_ROOTS] from shulker boxes and earned 263,125.8 (multiplier: 1.4, uses: 3)
[00:53:11] [ShulkerFix] gyzoxx sold 76076x items [44x SHULKER_BOX, 76032x CRIMSON_ROOTS] from shulker boxes and earned 257,278.56 (multiplier: 1.4, uses: 2)
[00:53:11] [ShulkerFix] gyzoxx sold 77805x items [45x SHULKER_BOX, 77760x CRIMSON_ROOTS] from shulker boxes and earned 263,125.8 (multiplier: 1.4, uses: 1)
[00:53:13] [ShulkerFix] gyzoxx sold 77805x items [45x SHULKER_BOX, 77760x CRIMSON_ROOTS] from shulker boxes and earned 263,125.8 (multiplier: 1.4, uses: 0)
[00:53:19] [ShulkerFix] gyzoxx sold 77805x items [45x SHULKER_BOX, 77760x CRIMSON_ROOTS] from shulker boxes and earned 263,125.8 (multiplier: 1.4, uses: 13)
[00:53:20] [ShulkerFix] gyzoxx sold 76076x items [44x SHULKER_BOX, 76032x CRIMSON_ROOTS] from shulker boxes and earned 257,278.56 (multiplier: 1.4, uses: 12)
[01:14:51] [ShulkerFix] LEROYCHAT sold 93366x items [54x SHULKER_BOX, 93312x CRIMSON_ROOTS] from shulker boxes and earned 338,304.6 (multiplier: 1.5, uses: 16)
[01:44:51] nichloper sold 3370x items [640x PRISMARINE_CRYSTALS, 39x COOKED_COD, 579x COD, 2112x PRISMARINE_SHARD] and earned 27993.25 (multiplier: 1.0, uses: 4)
[01:44:52] nichloper sold 3424x items [632x PRISMARINE_CRYSTALS, 620x COD, 2172x PRISMARINE_SHARD] and earned 28505.0 (multiplier: 1.0, uses: 20)
[01:45:00] nichloper sold 958x items [205x PRISMARINE_CRYSTALS, 199x COD, 554x PRISMARINE_SHARD] and earned 7739.25 (multiplier: 1.0, uses: 19)
[02:07:44] [ShulkerFix] CHAMALLOOO sold 93366x items [54x SHULKER_BOX, 93312x LEAD] from shulker boxes and earned 765,207 (multiplier: 1.5, uses: 11)
[02:07:44] [ShulkerFix] CHAMALLOOO sold 93366x items [54x SHULKER_BOX, 93312x LEAD] from shulker boxes and earned 765,207 (multiplier: 1.5, uses: 10)
[02:07:45] [ShulkerFix] CHAMALLOOO sold 39767x items [23x SHULKER_BOX, 39744x LEAD] from shulker boxes and earned 325,921.5 (multiplier: 1.5, uses: 9)
[02:20:50] [ShulkerFix] CHAMALLOOO sold 93366x items [54x SHULKER_BOX, 91584x CRIMSON_ROOTS, 1728x SEA_PICKLE] from shulker boxes and earned 339,600.6 (multiplier: 1.5, uses: 8)
[02:20:51] [ShulkerFix] CHAMALLOOO sold 93366x items [54x SHULKER_BOX, 36288x CRIMSON_ROOTS, 57024x SEA_PICKLE] from shulker boxes and earned 381,072.6 (multiplier: 1.5, uses: 7)
[02:20:51] [ShulkerFix] CHAMALLOOO sold 93366x items [54x SHULKER_BOX, 93312x SEA_PICKLE] from shulker boxes and earned 408,288.6 (multiplier: 1.5, uses: 6)
[02:21:50] [ShulkerFix] CHAMALLOOO sold 93366x items [54x SHULKER_BOX, 89856x CRIMSON_ROOTS, 3456x SEA_PICKLE] from shulker boxes and earned 340,896.6 (multiplier: 1.5, uses: 5)
[03:06:30] [ShulkerFix] CHAMALLOOO sold 93366x items [54x SHULKER_BOX, 93312x CRIMSON_ROOTS] from shulker boxes and earned 338,304.6 (multiplier: 1.5, uses: 4)
[03:06:30] [ShulkerFix] CHAMALLOOO sold 93366x items [54x SHULKER_BOX, 93312x CRIMSON_ROOTS] from shulker boxes and earned 338,304.6 (multiplier: 1.5, uses: 3)
[04:16:24] [ShulkerFix] gyzoxx sold 93366x items [54x SHULKER_BOX, 93312x CRIMSON_ROOTS] from shulker boxes and earned 315,750.95 (multiplier: 1.4, uses: 11)
[04:18:55] [ShulkerFix] gyzoxx sold 93366x items [54x SHULKER_BOX, 93312x LEAD] from shulker boxes and earned 714,193.19 (multiplier: 1.4, uses: 10)
[05:08:54] [ShulkerFix] gyzoxx sold 93366x items [54x SHULKER_BOX, 93312x LEAD] from shulker boxes and earned 714,193.19 (multiplier: 1.4, uses: 9)
[05:15:32] [ShulkerFix] jomami24 sold 93366x items [54x SHULKER_BOX, 93312x CRIMSON_ROOTS] from shulker boxes and earned 315,750.95 (multiplier: 1.4, uses: 24)
[05:15:32] [ShulkerFix] jomami24 sold 93366x items [54x SHULKER_BOX, 93312x CRIMSON_ROOTS] from shulker boxes and earned 315,750.95 (multiplier: 1.4, uses: 23)
[05:15:32] [ShulkerFix] jomami24 sold 93366x items [54x SHULKER_BOX, 93312x CRIMSON_ROOTS] from shulker boxes and earned 315,750.95 (multiplier: 1.4, uses: 22)
[05:15:33] [ShulkerFix] jomami24 sold 93366x items [54x SHULKER_BOX, 93312x CRIMSON_ROOTS] from shulker boxes and earned 315,750.95 (multiplier: 1.4, uses: 21)
[06:23:03] [ShulkerFix] LEROYCHAT sold 93366x items [54x SHULKER_BOX, 93312x CRIMSON_ROOTS] from shulker boxes and earned 338,304.6 (multiplier: 1.5, uses: 15)
[06:23:04] [ShulkerFix] LEROYCHAT sold 93366x items [54x SHULKER_BOX, 93312x CRIMSON_ROOTS] from shulker boxes and earned 338,304.6 (multiplier: 1.5, uses: 14)
[06:23:04] [ShulkerFix] LEROYCHAT sold 93366x items [54x SHULKER_BOX, 93312x CRIMSON_ROOTS] from shulker boxes and earned 338,304.6 (multiplier: 1.5, uses: 13)
[06:23:12] [ShulkerFix] LEROYCHAT sold 93366x items [54x SHULKER_BOX, 93312x CRIMSON_ROOTS] from shulker boxes and earned 338,304.6 (multiplier: 1.5, uses: 12)
[06:23:13] [ShulkerFix] LEROYCHAT sold 93366x items [54x SHULKER_BOX, 93312x CRIMSON_ROOTS] from shulker boxes and earned 338,304.6 (multiplier: 1.5, uses: 11)
[06:23:17] [ShulkerFix] LEROYCHAT sold 93366x items [54x SHULKER_BOX, 93312x CRIMSON_ROOTS] from shulker boxes and earned 338,304.6 (multiplier: 1.5, uses: 10)
[06:23:24] [ShulkerFix] LEROYCHAT sold 93366x items [54x SHULKER_BOX, 93312x CRIMSON_ROOTS] from shulker boxes and earned 338,304.6 (multiplier: 1.5, uses: 9)
[06:23:29] [ShulkerFix] LEROYCHAT sold 93366x items [54x SHULKER_BOX, 93312x CRIMSON_ROOTS] from shulker boxes and earned 338,304.6 (multiplier: 1.5, uses: 8)
[06:23:32] [ShulkerFix] LEROYCHAT sold 93366x items [54x SHULKER_BOX, 93312x CRIMSON_ROOTS] from shulker boxes and earned 338,304.6 (multiplier: 1.5, uses: 7)
[06:23:37] [ShulkerFix] LEROYCHAT sold 93366x items [54x SHULKER_BOX, 93312x CRIMSON_ROOTS] from shulker boxes and earned 338,304.6 (multiplier: 1.5, uses: 6)
[06:23:39] [ShulkerFix] LEROYCHAT sold 93366x items [54x SHULKER_BOX, 93312x CRIMSON_ROOTS] from shulker boxes and earned 338,304.6 (multiplier: 1.5, uses: 5)
[06:24:15] [ShulkerFix] LEROYCHAT sold 93366x items [54x SHULKER_BOX, 93312x CRIMSON_ROOTS] from shulker boxes and earned 338,304.6 (multiplier: 1.5, uses: 4)
[06:24:22] [ShulkerFix] LEROYCHAT sold 93366x items [54x SHULKER_BOX, 93312x CRIMSON_ROOTS] from shulker boxes and earned 338,304.6 (multiplier: 1.5, uses: 3)
[06:24:25] [ShulkerFix] LEROYCHAT sold 93366x items [54x SHULKER_BOX, 93312x CRIMSON_ROOTS] from shulker boxes and earned 338,304.6 (multiplier: 1.5, uses: 2)
[06:24:28] [ShulkerFix] LEROYCHAT sold 93366x items [54x SHULKER_BOX, 93312x CRIMSON_ROOTS] from shulker boxes and earned 338,304.6 (multiplier: 1.5, uses: 1)
[06:24:56] [ShulkerFix] LEROYCHAT sold 93366x items [54x SHULKER_BOX, 93312x CRIMSON_ROOTS] from shulker boxes and earned 338,304.6 (multiplier: 1.5, uses: 0)
[13:07:25] nichloper sold 3454x items [704x PRISMARINE_CRYSTALS, 638x COD, 2112x PRISMARINE_SHARD] and earned 28638.5 (multiplier: 1.0, uses: 3)
[13:07:26] nichloper sold 3455x items [639x PRISMARINE_CRYSTALS, 704x COD, 2112x PRISMARINE_SHARD] and earned 28038.0 (multiplier: 1.0, uses: 18)
[13:07:34] nichloper sold 3455x items [640x PRISMARINE_CRYSTALS, 703x COD, 2112x PRISMARINE_SHARD] and earned 28047.25 (multiplier: 1.0, uses: 17)
[13:07:35] nichloper sold 3456x items [704x PRISMARINE_CRYSTALS, 640x COD, 2112x PRISMARINE_SHARD] and earned 28640.0 (multiplier: 1.0, uses: 2)
[13:07:43] nichloper sold 3456x items [640x PRISMARINE_CRYSTALS, 640x COD, 2176x PRISMARINE_SHARD] and earned 28640.0 (multiplier: 1.0, uses: 1)
[13:07:43] nichloper sold 3456x items [704x PRISMARINE_CRYSTALS, 576x COD, 2176x PRISMARINE_SHARD] and earned 29232.0 (multiplier: 1.0, uses: 16)
[13:07:52] nichloper sold 3444x items [692x PRISMARINE_CRYSTALS, 640x COD, 2112x PRISMARINE_SHARD] and earned 28520.0 (multiplier: 1.0, uses: 0)
[13:07:52] nichloper sold 3456x items [704x PRISMARINE_CRYSTALS, 640x COD, 2112x PRISMARINE_SHARD] and earned 28640.0 (multiplier: 1.0, uses: 15)
[13:07:58] nichloper sold 3355x items [590x PRISMARINE_CRYSTALS, 608x COD, 2157x PRISMARINE_SHARD] and earned 27926.0 (multiplier: 1.0, uses: 14)
[14:42:50] [ShulkerFix] jomami24 sold 93366x items [54x SHULKER_BOX, 93312x CRIMSON_ROOTS] from shulker boxes and earned 338,304.6 (multiplier: 1.5, uses: 24)
[14:42:51] [ShulkerFix] jomami24 sold 93366x items [54x SHULKER_BOX, 93312x CRIMSON_ROOTS] from shulker boxes and earned 338,304.6 (multiplier: 1.5, uses: 23)
[14:42:51] [ShulkerFix] jomami24 sold 93366x items [54x SHULKER_BOX, 93312x CRIMSON_ROOTS] from shulker boxes and earned 338,304.6 (multiplier: 1.5, uses: 22)
[14:42:51] [ShulkerFix] jomami24 sold 93366x items [54x SHULKER_BOX, 93312x CRIMSON_ROOTS] from shulker boxes and earned 338,304.6 (multiplier: 1.5, uses: 21)
[14:42:56] [ShulkerFix] jomami24 sold 93366x items [54x SHULKER_BOX, 93312x CRIMSON_ROOTS] from shulker boxes and earned 338,304.6 (multiplier: 1.5, uses: 20)
[14:42:57] [ShulkerFix] jomami24 sold 93366x items [54x SHULKER_BOX, 93312x CRIMSON_ROOTS] from shulker boxes and earned 338,304.6 (multiplier: 1.5, uses: 19)
[14:43:01] [ShulkerFix] jomami24 sold 93366x items [54x SHULKER_BOX, 93312x CRIMSON_ROOTS] from shulker boxes and earned 338,304.6 (multiplier: 1.5, uses: 18)
[14:43:24] [ShulkerFix] jomami24 sold 91638x items [54x SHULKER_BOX, 91584x SEA_PICKLE] from shulker boxes and earned 401,290.2 (multiplier: 1.5, uses: 17)
[14:43:26] [ShulkerFix] jomami24 sold 93366x items [54x SHULKER_BOX, 93312x SEA_PICKLE] from shulker boxes and earned 408,288.6 (multiplier: 1.5, uses: 16)
[14:43:27] [ShulkerFix] jomami24 sold 93366x items [54x SHULKER_BOX, 93312x SEA_PICKLE] from shulker boxes and earned 408,288.6 (multiplier: 1.5, uses: 15)
[14:47:17] [ShulkerFix] jomami24 sold 93366x items [54x SHULKER_BOX, 93312x CRIMSON_ROOTS] from shulker boxes and earned 338,304.6 (multiplier: 1.5, uses: 14)
[14:47:17] [ShulkerFix] jomami24 sold 93366x items [54x SHULKER_BOX, 93312x CRIMSON_ROOTS] from shulker boxes and earned 338,304.6 (multiplier: 1.5, uses: 13)
[14:47:17] [ShulkerFix] jomami24 sold 93366x items [54x SHULKER_BOX, 93312x CRIMSON_ROOTS] from shulker boxes and earned 338,304.6 (multiplier: 1.5, uses: 12)
[14:48:20] [ShulkerFix] jomami24 sold 93366x items [54x SHULKER_BOX, 93312x LEAD] from shulker boxes and earned 765,207 (multiplier: 1.5, uses: 11)
[14:48:21] [ShulkerFix] jomami24 sold 93366x items [54x SHULKER_BOX, 93312x LEAD] from shulker boxes and earned 765,207 (multiplier: 1.5, uses: 10)
[14:48:27] [ShulkerFix] jomami24 sold 93366x items [54x SHULKER_BOX, 93312x LEAD] from shulker boxes and earned 765,207 (multiplier: 1.5, uses: 9)
[14:48:27] [ShulkerFix] jomami24 sold 93366x items [54x SHULKER_BOX, 93312x LEAD] from shulker boxes and earned 765,207 (multiplier: 1.5, uses: 8)
[14:48:31] [ShulkerFix] jomami24 sold 93366x items [54x SHULKER_BOX, 93312x LEAD] from shulker boxes and earned 765,207 (multiplier: 1.5, uses: 7)
[14:48:32] [ShulkerFix] jomami24 sold 93366x items [54x SHULKER_BOX, 93312x LEAD] from shulker boxes and earned 765,207 (multiplier: 1.5, uses: 6)
[14:48:35] [ShulkerFix] jomami24 sold 93366x items [54x SHULKER_BOX, 93312x LEAD] from shulker boxes and earned 765,207 (multiplier: 1.5, uses: 5)
[14:48:38] [ShulkerFix] jomami24 sold 93366x items [54x SHULKER_BOX, 93312x LEAD] from shulker boxes and earned 765,207 (multiplier: 1.5, uses: 4)
[14:48:43] [ShulkerFix] jomami24 sold 93366x items [54x SHULKER_BOX, 93312x LEAD] from shulker boxes and earned 765,207 (multiplier: 1.5, uses: 3)
[14:48:48] [ShulkerFix] jomami24 sold 93366x items [54x SHULKER_BOX, 93312x LEAD] from shulker boxes and earned 765,207 (multiplier: 1.5, uses: 2)
[14:48:54] [ShulkerFix] jomami24 sold 93366x items [54x SHULKER_BOX, 93312x LEAD] from shulker boxes and earned 765,207 (multiplier: 1.5, uses: 1)
[14:49:06] [ShulkerFix] jomami24 sold 93366x items [54x SHULKER_BOX, 93312x LEAD] from shulker boxes and earned 765,207 (multiplier: 1.5, uses: 0)
[14:51:38] [ShulkerFix] jomami24 sold 93366x items [54x SHULKER_BOX, 93312x LEAD] from shulker boxes and earned 714,193.19 (multiplier: 1.4, uses: 20)
[14:51:46] [ShulkerFix] jomami24 sold 93366x items [54x SHULKER_BOX, 93312x LEAD] from shulker boxes and earned 714,193.19 (multiplier: 1.4, uses: 19)
[14:51:50] [ShulkerFix] jomami24 sold 93366x items [54x SHULKER_BOX, 93312x LEAD] from shulker boxes and earned 714,193.19 (multiplier: 1.4, uses: 18)
[14:53:16] [ShulkerFix] jomami24 sold 93366x items [54x SHULKER_BOX, 93312x CRIMSON_ROOTS] from shulker boxes and earned 315,750.95 (multiplier: 1.4, uses: 17)
[14:53:21] [ShulkerFix] jomami24 sold 93366x items [54x SHULKER_BOX, 93312x CRIMSON_ROOTS] from shulker boxes and earned 315,750.95 (multiplier: 1.4, uses: 16)
[14:53:56] [ShulkerFix] jomami24 sold 93366x items [54x SHULKER_BOX, 93312x CRIMSON_ROOTS] from shulker boxes and earned 315,750.95 (multiplier: 1.4, uses: 15)
[16:32:46] [ShulkerFix] jomami24 sold 93366x items [54x SHULKER_BOX, 93312x SEA_PICKLE] from shulker boxes and earned 381,069.35 (multiplier: 1.4, uses: 14)
[16:32:54] [ShulkerFix] jomami24 sold 93366x items [54x SHULKER_BOX, 93312x SEA_PICKLE] from shulker boxes and earned 381,069.35 (multiplier: 1.4, uses: 13)
[16:33:00] [ShulkerFix] jomami24 sold 93366x items [54x SHULKER_BOX, 93312x SEA_PICKLE] from shulker boxes and earned 381,069.35 (multiplier: 1.4, uses: 12)
[16:33:32] [ShulkerFix] jomami24 sold 93366x items [54x SHULKER_BOX, 1728x CRIMSON_ROOTS, 91584x SEA_PICKLE] from shulker boxes and earned 379,859.75 (multiplier: 1.4, uses: 11)
[16:59:50] nichloper sold 3456x items [704x PRISMARINE_CRYSTALS, 704x COD, 2048x PRISMARINE_SHARD] and earned 28048.0 (multiplier: 1.0, uses: 13)
[17:22:02] [ShulkerFix] CHAMALLOOO sold 93366x items [54x SHULKER_BOX, 93312x LEAD] from shulker boxes and earned 765,207 (multiplier: 1.5, uses: 2)
[17:22:02] [ShulkerFix] CHAMALLOOO sold 93366x items [54x SHULKER_BOX, 93312x LEAD] from shulker boxes and earned 765,207 (multiplier: 1.5, uses: 1)
[17:22:03] [ShulkerFix] CHAMALLOOO sold 93366x items [54x SHULKER_BOX, 93312x LEAD] from shulker boxes and earned 765,207 (multiplier: 1.5, uses: 0)
[17:22:31] [ShulkerFix] CHAMALLOOO sold 91637x items [53x SHULKER_BOX, 91584x CRIMSON_ROOTS] from shulker boxes and earned 221,359.8 (multiplier: 1.0)
[17:22:31] CHAMALLOOO sold 15x items [15x CRIMSON_ROOTS] and earned 33.0 (multiplier: 1.0, uses: 8)
[17:22:32] [ShulkerFix] CHAMALLOOO sold 91637x items [53x SHULKER_BOX, 91584x CRIMSON_ROOTS] from shulker boxes and earned 221,359.8 (multiplier: 1.0)
[17:22:32] [ShulkerFix] CHAMALLOOO sold 93366x items [54x SHULKER_BOX, 93312x CRIMSON_ROOTS] from shulker boxes and earned 225,536.4 (multiplier: 1.0, uses: 7)
[17:22:33] [ShulkerFix] CHAMALLOOO sold 91637x items [53x SHULKER_BOX, 91584x CRIMSON_ROOTS] from shulker boxes and earned 221,359.8 (multiplier: 1.0)
[17:22:44] CHAMALLOOO sold 9x items [9x CRIMSON_ROOTS] and earned 19.8 (multiplier: 1.0, uses: 6)
[17:23:07] [ShulkerFix] CHAMALLOOO sold 93366x items [54x SHULKER_BOX, 93312x CRIMSON_ROOTS] from shulker boxes and earned 225,536.4 (multiplier: 1.0, uses: 5)
[17:23:08] [ShulkerFix] CHAMALLOOO sold 93366x items [54x SHULKER_BOX, 93312x CRIMSON_ROOTS] from shulker boxes and earned 225,536.4 (multiplier: 1.0, uses: 4)
[17:23:12] [ShulkerFix] CHAMALLOOO sold 91637x items [53x SHULKER_BOX, 91584x CRIMSON_ROOTS] from shulker boxes and earned 221,359.8 (multiplier: 1.0)
[17:23:13] CHAMALLOOO sold 2x items [2x CRIMSON_ROOTS] and earned 4.4 (multiplier: 1.0, uses: 3)
[17:25:19] [ShulkerFix] CHAMALLOOO sold 89908x items [52x SHULKER_BOX, 89856x SEA_PICKLE] from shulker boxes and earned 366,955.67 (multiplier: 1.4, uses: 2)
[18:03:50] [ShulkerFix] jomami24 sold 93366x items [54x SHULKER_BOX, 93312x CRIMSON_ROOTS] from shulker boxes and earned 315,750.95 (multiplier: 1.4, uses: 10)
[18:18:52] [ShulkerFix] gyzoxx sold 93366x items [54x SHULKER_BOX, 93312x CRIMSON_ROOTS] from shulker boxes and earned 315,750.95 (multiplier: 1.4, uses: 8)
[18:18:59] [ShulkerFix] gyzoxx sold 93366x items [54x SHULKER_BOX, 93312x CRIMSON_ROOTS] from shulker boxes and earned 315,750.95 (multiplier: 1.4, uses: 7)
[18:19:33] [ShulkerFix] gyzoxx sold 93366x items [54x SHULKER_BOX, 93312x CRIMSON_ROOTS] from shulker boxes and earned 315,750.95 (multiplier: 1.4, uses: 6)
[20:44:56] [ShulkerFix] ItsKnappyZ sold 93366x items [54x SHULKER_BOX, 93312x CRIMSON_ROOTS] from shulker boxes and earned 338,304.6 (multiplier: 1.5, uses: 24)
[20:44:58] [ShulkerFix] ItsKnappyZ sold 93366x items [54x SHULKER_BOX, 93312x CRIMSON_ROOTS] from shulker boxes and earned 338,304.6 (multiplier: 1.5, uses: 23)
[20:45:02] [ShulkerFix] ItsKnappyZ sold 93366x items [54x SHULKER_BOX, 93312x CRIMSON_ROOTS] from shulker boxes and earned 338,304.6 (multiplier: 1.5, uses: 22)
[20:45:13] [ShulkerFix] ItsKnappyZ sold 93366x items [54x SHULKER_BOX, 93312x CRIMSON_ROOTS] from shulker boxes and earned 338,304.6 (multiplier: 1.5, uses: 21)
[20:45:15] [ShulkerFix] ItsKnappyZ sold 93366x items [54x SHULKER_BOX, 93312x CRIMSON_ROOTS] from shulker boxes and earned 338,304.6 (multiplier: 1.5, uses: 20)
[20:45:15] [ShulkerFix] ItsKnappyZ sold 93366x items [54x SHULKER_BOX, 93312x CRIMSON_ROOTS] from shulker boxes and earned 338,304.6 (multiplier: 1.5, uses: 19)
[20:45:17] [ShulkerFix] ItsKnappyZ sold 93366x items [54x SHULKER_BOX, 93312x CRIMSON_ROOTS] from shulker boxes and earned 338,304.6 (multiplier: 1.5, uses: 18)
[20:45:45] [ShulkerFix] ItsKnappyZ sold 93366x items [54x SHULKER_BOX, 93312x CRIMSON_ROOTS] from shulker boxes and earned 338,304.6 (multiplier: 1.5, uses: 17)
[20:46:06] [ShulkerFix] ItsKnappyZ sold 93366x items [54x SHULKER_BOX, 93312x CRIMSON_ROOTS] from shulker boxes and earned 338,304.6 (multiplier: 1.5, uses: 16)
[20:46:24] [ShulkerFix] ItsKnappyZ sold 93366x items [54x SHULKER_BOX, 93312x CRIMSON_ROOTS] from shulker boxes and earned 338,304.6 (multiplier: 1.5, uses: 15)
[20:46:33] [ShulkerFix] ItsKnappyZ sold 93366x items [54x SHULKER_BOX, 93312x CRIMSON_ROOTS] from shulker boxes and earned 338,304.6 (multiplier: 1.5, uses: 14)
[20:47:01] [ShulkerFix] ItsKnappyZ sold 93366x items [54x SHULKER_BOX, 93312x CRIMSON_ROOTS] from shulker boxes and earned 338,304.6 (multiplier: 1.5, uses: 13)
[20:47:16] [ShulkerFix] ItsKnappyZ sold 93366x items [54x SHULKER_BOX, 93312x CRIMSON_ROOTS] from shulker boxes and earned 338,304.6 (multiplier: 1.5, uses: 12)
[20:47:35] [ShulkerFix] ItsKnappyZ sold 93366x items [54x SHULKER_BOX, 93312x CRIMSON_ROOTS] from shulker boxes and earned 338,304.6 (multiplier: 1.5, uses: 11)
[20:47:43] [ShulkerFix] ItsKnappyZ sold 93366x items [54x SHULKER_BOX, 93312x CRIMSON_ROOTS] from shulker boxes and earned 338,304.6 (multiplier: 1.5, uses: 10)
[20:47:50] [ShulkerFix] ItsKnappyZ sold 60515x items [35x SHULKER_BOX, 60480x CRIMSON_ROOTS] from shulker boxes and earned 219,271.5 (multiplier: 1.5, uses: 9)
[21:19:21] [ShulkerFix] gyzoxx sold 93366x items [54x SHULKER_BOX, 93312x CRIMSON_ROOTS] from shulker boxes and earned 315,750.95 (multiplier: 1.4, uses: 5)
[21:19:22] [ShulkerFix] gyzoxx sold 93366x items [54x SHULKER_BOX, 93312x CRIMSON_ROOTS] from shulker boxes and earned 315,750.95 (multiplier: 1.4, uses: 4)
[21:19:31] [ShulkerFix] gyzoxx sold 93366x items [54x SHULKER_BOX, 93312x CRIMSON_ROOTS] from shulker boxes and earned 315,750.95 (multiplier: 1.4, uses: 3)
[21:19:32] [ShulkerFix] gyzoxx sold 93366x items [54x SHULKER_BOX, 93312x CRIMSON_ROOTS] from shulker boxes and earned 315,750.95 (multiplier: 1.4, uses: 2)
[21:19:37] [ShulkerFix] gyzoxx sold 93366x items [54x SHULKER_BOX, 93312x CRIMSON_ROOTS] from shulker boxes and earned 315,750.95 (multiplier: 1.4, uses: 1)
[21:19:37] [ShulkerFix] gyzoxx sold 93366x items [54x SHULKER_BOX, 93312x CRIMSON_ROOTS] from shulker boxes and earned 315,750.95 (multiplier: 1.4, uses: 0)
[21:20:51] [ShulkerFix] gyzoxx sold 93366x items [54x SHULKER_BOX, 93312x CRIMSON_ROOTS] from shulker boxes and earned 293,197.31 (multiplier: 1.3, uses: 4)
[21:20:51] [ShulkerFix] gyzoxx sold 93366x items [54x SHULKER_BOX, 93312x CRIMSON_ROOTS] from shulker boxes and earned 293,197.31 (multiplier: 1.3, uses: 3)
[21:21:46] [ShulkerFix] gyzoxx sold 93366x items [54x SHULKER_BOX, 93312x LEAD] from shulker boxes and earned 663,179.38 (multiplier: 1.3, uses: 2)
[22:11:46] [ShulkerFix] jomami24 sold 93366x items [54x SHULKER_BOX, 93312x SEA_PICKLE] from shulker boxes and earned 381,069.35 (multiplier: 1.4, uses: 9)
[22:11:48] [ShulkerFix] jomami24 sold 93366x items [54x SHULKER_BOX, 93312x SEA_PICKLE] from shulker boxes and earned 381,069.35 (multiplier: 1.4, uses: 8)
[22:11:53] [ShulkerFix] jomami24 sold 89908x items [52x SHULKER_BOX, 89856x SEA_PICKLE] from shulker boxes and earned 366,955.67 (multiplier: 1.4, uses: 7)
[23:42:00] [ShulkerFix] Gothex53 sold 48412x items [28x SHULKER_BOX, 47488x COMPASS, 896x CLOCK] from shulker boxes and earned 3,524,360 (multiplier: 2.0)
[23:42:00] Gothex53 sold 24x items [24x NAME_TAG] and earned 9600.0 (multiplier: 2.0, uses: 24)
