[00:58:37] [ShulkerFix] ItsKnappyZ sold 93366x items [54x SHULKER_BOX, 93312x CRIMSON_ROOTS] from shulker boxes and earned 338,304.6 (multiplier: 1.5, uses: 6)
[00:58:41] [ShulkerFix] ItsKnappyZ sold 93366x items [54x SHULKER_BOX, 93312x CRIMSON_ROOTS] from shulker boxes and earned 338,304.6 (multiplier: 1.5, uses: 5)
[00:58:45] [ShulkerFix] ItsKnappyZ sold 93366x items [54x SHULKER_BOX, 93312x CRIMSON_ROOTS] from shulker boxes and earned 338,304.6 (multiplier: 1.5, uses: 4)
[00:58:48] [ShulkerFix] ItsKnappyZ sold 93366x items [54x SHULKER_BOX, 93312x CRIMSON_ROOTS] from shulker boxes and earned 338,304.6 (multiplier: 1.5, uses: 3)
[00:58:53] [ShulkerFix] ItsKnappyZ sold 93366x items [54x SHULKER_BOX, 93312x CRIMSON_ROOTS] from shulker boxes and earned 338,304.6 (multiplier: 1.5, uses: 2)
[00:59:00] [ShulkerFix] ItsKnappyZ sold 93366x items [54x SHULKER_BOX, 93312x CRIMSON_ROOTS] from shulker boxes and earned 338,304.6 (multiplier: 1.5, uses: 1)
[00:59:01] [ShulkerFix] ItsKnappyZ sold 3458x items [2x SHULKER_BOX, 3456x CRIMSON_ROOTS] from shulker boxes and earned 12,529.8 (multiplier: 1.5, uses: 0)
[01:28:40] jujulescarottes sold 1956x items [1956x RESIN_CLUMP] and earned 9780.0 (multiplier: 1.0, uses: 14)
[01:42:32] jujulescarottes sold 3066x items [3066x RESIN_CLUMP] and earned 15330.0 (multiplier: 1.0, uses: 13)
[01:47:35] jujulescarottes sold 2461x items [2461x RESIN_CLUMP] and earned 12305.0 (multiplier: 1.0, uses: 12)
[02:09:12] jujulescarottes sold 3456x items [3456x RESIN_CLUMP] and earned 17280.0 (multiplier: 1.0, uses: 11)
[02:28:53] jujulescarottes sold 3341x items [3341x RESIN_CLUMP] and earned 16705.0 (multiplier: 1.0, uses: 10)
[02:39:21] jujulescarottes sold 2754x items [2754x RESIN_CLUMP] and earned 13770.0 (multiplier: 1.0, uses: 9)
[02:48:56] jujulescarottes sold 3456x items [3456x RESIN_CLUMP] and earned 17280.0 (multiplier: 1.0, uses: 8)
[03:15:05] [ShulkerFix] gyzoxx sold 93366x items [54x SHULKER_BOX, 93312x LEAD] from shulker boxes and earned 765,207 (multiplier: 1.5, uses: 24)
[03:15:06] [ShulkerFix] gyzoxx sold 93366x items [54x SHULKER_BOX, 93312x LEAD] from shulker boxes and earned 765,207 (multiplier: 1.5, uses: 23)
[03:15:09] [ShulkerFix] gyzoxx sold 93366x items [54x SHULKER_BOX, 93312x LEAD] from shulker boxes and earned 765,207 (multiplier: 1.5, uses: 22)
[03:15:11] [ShulkerFix] gyzoxx sold 93366x items [54x SHULKER_BOX, 93312x LEAD] from shulker boxes and earned 765,207 (multiplier: 1.5, uses: 21)
[03:15:53] [ShulkerFix] gyzoxx sold 93366x items [54x SHULKER_BOX, 93312x LEAD] from shulker boxes and earned 765,207 (multiplier: 1.5, uses: 20)
[03:28:54] jujulescarottes sold 3456x items [3456x RESIN_CLUMP] and earned 17280.0 (multiplier: 1.0, uses: 7)
[03:34:58] jujulescarottes sold 3456x items [3456x RESIN_CLUMP] and earned 17280.0 (multiplier: 1.0, uses: 6)
[05:11:25] nichloper sold 2548x items [481x PRISMARINE_CRYSTALS, 517x COD, 1550x PRISMARINE_SHARD] and earned 22767.525493472815 (multiplier: 1.1, uses: 12)
[10:03:18] [ShulkerFix] gyzoxx sold 93366x items [54x SHULKER_BOX, 93312x LEAD] from shulker boxes and earned 765,207 (multiplier: 1.5, uses: 19)
[10:03:19] [ShulkerFix] gyzoxx sold 93366x items [54x SHULKER_BOX, 93312x LEAD] from shulker boxes and earned 765,207 (multiplier: 1.5, uses: 18)
[10:03:21] [ShulkerFix] gyzoxx sold 93366x items [54x SHULKER_BOX, 93312x LEAD] from shulker boxes and earned 765,207 (multiplier: 1.5, uses: 17)
[10:03:22] [ShulkerFix] gyzoxx sold 93366x items [54x SHULKER_BOX, 93312x LEAD] from shulker boxes and earned 765,207 (multiplier: 1.5, uses: 16)
[10:03:24] [ShulkerFix] gyzoxx sold 93366x items [54x SHULKER_BOX, 93312x LEAD] from shulker boxes and earned 765,207 (multiplier: 1.5, uses: 15)
[10:03:25] [ShulkerFix] gyzoxx sold 93366x items [54x SHULKER_BOX, 93312x LEAD] from shulker boxes and earned 765,207 (multiplier: 1.5, uses: 14)
[10:47:26] [ShulkerFix] gyzoxx sold 93366x items [54x SHULKER_BOX, 93312x LEAD] from shulker boxes and earned 765,207 (multiplier: 1.5, uses: 13)
[11:08:59] [ShulkerFix] gyzoxx sold 93366x items [54x SHULKER_BOX, 93312x LEAD] from shulker boxes and earned 765,207 (multiplier: 1.5, uses: 12)
[15:01:03] nichloper sold 3456x items [640x PRISMARINE_CRYSTALS, 704x COD, 2112x PRISMARINE_SHARD] and earned 30852.80066871643 (multiplier: 1.1, uses: 11)
[15:01:08] nichloper sold 3448x items [704x PRISMARINE_CRYSTALS, 696x COD, 2048x PRISMARINE_SHARD] and earned 30846.20066857338 (multiplier: 1.1, uses: 10)
[15:01:14] nichloper sold 3456x items [640x PRISMARINE_CRYSTALS, 704x COD, 2112x PRISMARINE_SHARD] and earned 30852.80066871643 (multiplier: 1.1, uses: 9)
[15:01:28] nichloper sold 3456x items [640x PRISMARINE_CRYSTALS, 704x COD, 2112x PRISMARINE_SHARD] and earned 30852.80066871643 (multiplier: 1.1, uses: 8)
[15:03:07] nichloper sold 3456x items [704x PRISMARINE_CRYSTALS, 576x COD, 2176x PRISMARINE_SHARD] and earned 29232.0 (multiplier: 1.0, uses: 18)
[15:03:08] nichloper sold 3456x items [640x PRISMARINE_CRYSTALS, 640x COD, 2176x PRISMARINE_SHARD] and earned 31504.00068283081 (multiplier: 1.1, uses: 7)
[15:03:12] nichloper sold 3456x items [704x PRISMARINE_CRYSTALS, 576x COD, 2176x PRISMARINE_SHARD] and earned 29232.0 (multiplier: 1.0, uses: 17)
[15:03:13] nichloper sold 3395x items [640x PRISMARINE_CRYSTALS, 639x COD, 4x ENDER_PEARL, 2112x PRISMARINE_SHARD] and earned 30806.875667721033 (multiplier: 1.1, uses: 6)
[15:03:18] nichloper sold 3456x items [704x PRISMARINE_CRYSTALS, 576x COD, 2176x PRISMARINE_SHARD] and earned 29232.0 (multiplier: 1.0, uses: 16)
[15:03:19] nichloper sold 3456x items [704x PRISMARINE_CRYSTALS, 576x COD, 2176x PRISMARINE_SHARD] and earned 32155.20069694519 (multiplier: 1.1, uses: 5)
[15:03:34] nichloper sold 2297x items [451x PRISMARINE_CRYSTALS, 432x COD, 1414x PRISMARINE_SHARD] and earned 20871.400452375412 (multiplier: 1.1, uses: 4)
[15:04:57] nichloper sold 3456x items [640x PRISMARINE_CRYSTALS, 704x COD, 2112x PRISMARINE_SHARD] and earned 30852.80066871643 (multiplier: 1.1, uses: 3)
[15:12:38] nichloper sold 3422x items [704x PRISMARINE_CRYSTALS, 542x COD, 2176x PRISMARINE_SHARD] and earned 32127.150696337223 (multiplier: 1.1, uses: 2)
[17:10:24] jujulescarottes sold 2956x items [2956x RESIN_CLUMP] and earned 14780.0 (multiplier: 1.0, uses: 5)
[17:22:46] [ShulkerFix] jomami24 sold 93366x items [54x SHULKER_BOX, 93312x LEAD] from shulker boxes and earned 765,207 (multiplier: 1.5, uses: 16)
[17:22:47] [ShulkerFix] jomami24 sold 93366x items [54x SHULKER_BOX, 93312x LEAD] from shulker boxes and earned 765,207 (multiplier: 1.5, uses: 15)
[17:22:49] [ShulkerFix] jomami24 sold 93366x items [54x SHULKER_BOX, 93312x LEAD] from shulker boxes and earned 765,207 (multiplier: 1.5, uses: 14)
[17:22:50] [ShulkerFix] jomami24 sold 93366x items [54x SHULKER_BOX, 93312x LEAD] from shulker boxes and earned 765,207 (multiplier: 1.5, uses: 13)
[17:22:51] [ShulkerFix] jomami24 sold 93366x items [54x SHULKER_BOX, 93312x LEAD] from shulker boxes and earned 765,207 (multiplier: 1.5, uses: 12)
[17:22:53] [ShulkerFix] jomami24 sold 93366x items [54x SHULKER_BOX, 93312x LEAD] from shulker boxes and earned 765,207 (multiplier: 1.5, uses: 11)
[17:22:54] [ShulkerFix] jomami24 sold 93366x items [54x SHULKER_BOX, 93312x LEAD] from shulker boxes and earned 765,207 (multiplier: 1.5, uses: 10)
[17:22:56] [ShulkerFix] jomami24 sold 89910x items [54x SHULKER_BOX, 89856x LEAD] from shulker boxes and earned 737,991 (multiplier: 1.5, uses: 9)
[17:50:08] jujulescarottes sold 2643x items [2643x RESIN_CLUMP] and earned 13215.0 (multiplier: 1.0, uses: 4)
[19:53:52] Yandere_Ethy sold 1x items [1x CRIMSON_ROOTS] and earned 2.640000104904175 (multiplier: 1.2, uses: 14)
[19:54:00] Yandere_Ethy sold 3448x items [312x CRIMSON_FUNGUS, 3136x CRIMSON_ROOTS] and earned 8728.320346832275 (multiplier: 1.2, uses: 13)
[19:54:05] Yandere_Ethy sold 2640x items [2632x CRIMSON_ROOTS, 8x WARPED_FUNGUS] and earned 6955.200276374817 (multiplier: 1.2, uses: 12)
[19:54:25] [ShulkerFix] LEROYCHAT sold 93366x items [54x SHULKER_BOX, 93312x CRIMSON_ROOTS] from shulker boxes and earned 338,304.6 (multiplier: 1.5, uses: 24)
[19:55:40] [ShulkerFix] LEROYCHAT sold 93366x items [54x SHULKER_BOX, 93312x CRIMSON_ROOTS] from shulker boxes and earned 338,304.6 (multiplier: 1.5, uses: 23)
[20:01:57] [ShulkerFix] gyzoxx sold 93366x items [54x SHULKER_BOX, 93312x LEAD] from shulker boxes and earned 765,207 (multiplier: 1.5, uses: 11)
[20:01:58] [ShulkerFix] gyzoxx sold 93366x items [54x SHULKER_BOX, 93312x LEAD] from shulker boxes and earned 765,207 (multiplier: 1.5, uses: 10)
[20:01:59] [ShulkerFix] gyzoxx sold 93366x items [54x SHULKER_BOX, 93312x LEAD] from shulker boxes and earned 765,207 (multiplier: 1.5, uses: 9)
[20:04:21] [ShulkerFix] gyzoxx sold 88179x items [51x SHULKER_BOX, 88128x CRIMSON_ROOTS] from shulker boxes and earned 319,509.9 (multiplier: 1.5, uses: 8)
[20:31:28] [ShulkerFix] gyzoxx sold 93366x items [54x SHULKER_BOX, 93312x LEAD] from shulker boxes and earned 765,207 (multiplier: 1.5, uses: 7)
[20:35:21] [ShulkerFix] Snipe227 sold 36309x items [21x SHULKER_BOX, 36288x LEAD] from shulker boxes and earned 297,580.5 (multiplier: 1.5, uses: 13)
[20:51:02] .SeaAunt97287803 sold 1969x items [1x PRISMARINE_CRYSTALS, 41x INK_SAC, 1924x COD, 3x PRISMARINE_SHARD] and earned 1569.1 (multiplier: 1.0, uses: 10)
[20:51:11] .SeaAunt97287803 sold 198x items [198x COD] and earned 148.5 (multiplier: 1.0, uses: 9)
[20:51:19] .SeaAunt97287803 sold 406x items [1x PRISMARINE_CRYSTALS, 5x INK_SAC, 371x COD, 29x PRISMARINE_SHARD] and earned 588.75 (multiplier: 1.0, uses: 8)
[20:51:25] .SeaAunt97287803 sold 1174x items [18x PRISMARINE_CRYSTALS, 6x INK_SAC, 1064x COD, 86x PRISMARINE_SHARD] and earned 1850.6 (multiplier: 1.0, uses: 7)
[20:58:12] .SeaAunt97287803 sold 975x items [11x NETHERRACK, 4x INK_SAC, 960x COD] and earned 728.9499999999999 (multiplier: 1.0, uses: 6)
[21:09:23] [ShulkerFix] CHAMALLOOO sold 63973x items [37x SHULKER_BOX, 63936x LEAD] from shulker boxes and earned 524,308.5 (multiplier: 1.5, uses: 24)
[21:24:35] [ShulkerFix] CHAMALLOOO sold 93366x items [54x SHULKER_BOX, 93312x CRIMSON_ROOTS] from shulker boxes and earned 338,304.6 (multiplier: 1.5, uses: 23)
[21:34:22] Yandere_Ethy sold 3456x items [3456x CRIMSON_ROOTS] and earned 9123.840362548828 (multiplier: 1.2, uses: 11)
[21:34:33] Yandere_Ethy sold 1119x items [354x CRIMSON_FUNGUS, 674x CRIMSON_ROOTS, 91x WARPED_FUNGUS] and earned 2365.560093998909 (multiplier: 1.2, uses: 10)
[21:35:02] Yandere_Ethy sold 50x items [50x DRIED_KELP_BLOCK] and earned 510.0000202655792 (multiplier: 1.2, uses: 9)
[21:41:53] Yandere_Ethy sold 621x items [11x CRIMSON_FUNGUS, 610x CRIMSON_ROOTS] and earned 1626.2400646209717 (multiplier: 1.2, uses: 8)
[21:42:43] Yandere_Ethy sold 126x items [126x CRIMSON_ROOTS] and earned 332.640013217926 (multiplier: 1.2, uses: 7)
[21:58:04] Yandere_Ethy sold 1617x items [186x CRIMSON_FUNGUS, 1415x CRIMSON_ROOTS, 16x WARPED_FUNGUS] and earned 4016.8801596164703 (multiplier: 1.2, uses: 6)
[21:58:12] Yandere_Ethy sold 1x items [1x CRIMSON_ROOTS] and earned 2.640000104904175 (multiplier: 1.2, uses: 5)
[21:58:24] Yandere_Ethy sold 1x items [1x CRIMSON_ROOTS] and earned 2.640000104904175 (multiplier: 1.2, uses: 4)
[22:50:25] [ShulkerFix] jomami24 sold 93366x items [54x SHULKER_BOX, 93312x LEAD] from shulker boxes and earned 765,207 (multiplier: 1.5, uses: 8)
[22:50:25] [ShulkerFix] jomami24 sold 93366x items [54x SHULKER_BOX, 93312x LEAD] from shulker boxes and earned 765,207 (multiplier: 1.5, uses: 7)
[22:53:26] [ShulkerFix] jomami24 sold 93366x items [54x SHULKER_BOX, 93312x CRIMSON_ROOTS] from shulker boxes and earned 338,304.6 (multiplier: 1.5, uses: 6)
