[01:54:05] [ShulkerFix] CHAMALLOOO sold 93366x items [54x SHULKER_BOX, 93312x LEAD] from shulker boxes and earned 663,179.38 (multiplier: 1.3, uses: 24)
[01:54:07] [ShulkerFix] CHAMALLOOO sold 93366x items [54x SHULKER_BOX, 93312x LEAD] from shulker boxes and earned 663,179.38 (multiplier: 1.3, uses: 23)
[01:54:10] [ShulkerFix] CHAMALLOOO sold 93366x items [54x SHULKER_BOX, 93312x LEAD] from shulker boxes and earned 663,179.38 (multiplier: 1.3, uses: 22)
[01:54:10] [ShulkerFix] CHAMALLOOO sold 93366x items [54x SHULKER_BOX, 93312x LEAD] from shulker boxes and earned 663,179.38 (multiplier: 1.3, uses: 21)
[01:55:33] [ShulkerFix] CHAMALLOOO sold 93366x items [54x SHULKER_BOX, 93312x LEAD] from shulker boxes and earned 663,179.38 (multiplier: 1.3, uses: 20)
[01:55:37] [ShulkerFix] CHAMALLOOO sold 93366x items [54x SHULKER_BOX, 93312x LEAD] from shulker boxes and earned 663,179.38 (multiplier: 1.3, uses: 19)
[01:55:37] [ShulkerFix] CHAMALLOOO sold 93366x items [54x SHULKER_BOX, 93312x LEAD] from shulker boxes and earned 663,179.38 (multiplier: 1.3, uses: 18)
[01:55:37] [ShulkerFix] CHAMALLOOO sold 93366x items [54x SHULKER_BOX, 93312x LEAD] from shulker boxes and earned 663,179.38 (multiplier: 1.3, uses: 17)
[01:55:41] [ShulkerFix] CHAMALLOOO sold 93366x items [54x SHULKER_BOX, 93312x LEAD] from shulker boxes and earned 663,179.38 (multiplier: 1.3, uses: 16)
[01:55:47] [ShulkerFix] CHAMALLOOO sold 93366x items [54x SHULKER_BOX, 93312x LEAD] from shulker boxes and earned 663,179.38 (multiplier: 1.3, uses: 15)
[01:57:19] [ShulkerFix] CHAMALLOOO sold 93366x items [54x SHULKER_BOX, 93312x CRIMSON_ROOTS] from shulker boxes and earned 293,197.31 (multiplier: 1.3, uses: 14)
[01:57:20] [ShulkerFix] CHAMALLOOO sold 93366x items [54x SHULKER_BOX, 93312x CRIMSON_ROOTS] from shulker boxes and earned 293,197.31 (multiplier: 1.3, uses: 13)
[01:57:20] [ShulkerFix] CHAMALLOOO sold 93366x items [54x SHULKER_BOX, 93312x CRIMSON_ROOTS] from shulker boxes and earned 293,197.31 (multiplier: 1.3, uses: 12)
[01:57:20] [ShulkerFix] CHAMALLOOO sold 93238x items [54x SHULKER_BOX, 93184x CRIMSON_ROOTS] from shulker boxes and earned 292,831.23 (multiplier: 1.3, uses: 11)
[01:57:24] [ShulkerFix] CHAMALLOOO sold 93366x items [54x SHULKER_BOX, 93312x CRIMSON_ROOTS] from shulker boxes and earned 293,197.31 (multiplier: 1.3, uses: 10)
[01:57:29] [ShulkerFix] CHAMALLOOO sold 91637x items [53x SHULKER_BOX, 91584x CRIMSON_ROOTS] from shulker boxes and earned 287,767.73 (multiplier: 1.3, uses: 9)
[01:57:30] [ShulkerFix] CHAMALLOOO sold 93366x items [54x SHULKER_BOX, 93312x CRIMSON_ROOTS] from shulker boxes and earned 293,197.31 (multiplier: 1.3, uses: 8)
[01:57:34] [ShulkerFix] CHAMALLOOO sold 93366x items [54x SHULKER_BOX, 93312x CRIMSON_ROOTS] from shulker boxes and earned 293,197.31 (multiplier: 1.3, uses: 7)
[01:57:41] [ShulkerFix] CHAMALLOOO sold 55328x items [32x SHULKER_BOX, 55296x CRIMSON_ROOTS] from shulker boxes and earned 173,746.55 (multiplier: 1.3, uses: 6)
[02:03:03] [ShulkerFix] CHAMALLOOO sold 93366x items [54x SHULKER_BOX, 93312x SEA_PICKLE] from shulker boxes and earned 326,630.89 (multiplier: 1.2, uses: 20)
[02:03:04] [ShulkerFix] CHAMALLOOO sold 48412x items [28x SHULKER_BOX, 48384x SEA_PICKLE] from shulker boxes and earned 169,364.17 (multiplier: 1.2, uses: 19)
[02:35:27] [ShulkerFix] tacoszombie sold 93366x items [54x SHULKER_BOX, 93312x CRIMSON_ROOTS] from shulker boxes and earned 338,304.6 (multiplier: 1.5, uses: 24)
[04:38:28] olgams9881 sold 1727x items [1727x GUNPOWDER] and earned 5699.100123524666 (multiplier: 1.1, uses: 14)
[04:47:22] olgams9881 sold 1728x items [1728x GUNPOWDER] and earned 5702.400123596191 (multiplier: 1.1, uses: 13)
[04:54:09] [ShulkerFix] CHAMALLOOO sold 93366x items [54x SHULKER_BOX, 93312x LEAD] from shulker boxes and earned 663,179.38 (multiplier: 1.3, uses: 5)
[04:54:16] [ShulkerFix] CHAMALLOOO sold 93366x items [54x SHULKER_BOX, 93312x LEAD] from shulker boxes and earned 663,179.38 (multiplier: 1.3, uses: 4)
[04:54:19] [ShulkerFix] CHAMALLOOO sold 93366x items [54x SHULKER_BOX, 93312x LEAD] from shulker boxes and earned 663,179.38 (multiplier: 1.3, uses: 3)
[04:54:39] [ShulkerFix] CHAMALLOOO sold 93366x items [54x SHULKER_BOX, 93312x CRIMSON_ROOTS] from shulker boxes and earned 293,197.31 (multiplier: 1.3, uses: 2)
[04:54:42] [ShulkerFix] CHAMALLOOO sold 88179x items [51x SHULKER_BOX, 88128x CRIMSON_ROOTS] from shulker boxes and earned 276,908.57 (multiplier: 1.3, uses: 1)
[04:54:45] [ShulkerFix] CHAMALLOOO sold 91637x items [53x SHULKER_BOX, 91584x CRIMSON_ROOTS] from shulker boxes and earned 287,767.73 (multiplier: 1.3)
[04:54:53] [ShulkerFix] CHAMALLOOO sold 91509x items [53x SHULKER_BOX, 91456x CRIMSON_ROOTS] from shulker boxes and earned 287,401.65 (multiplier: 1.3)
[04:54:53] CHAMALLOOO sold 12x items [12x BONE_MEAL] and earned 3.8999998569488525 (multiplier: 1.3, uses: 0)
[04:55:19] [ShulkerFix] CHAMALLOOO sold 89908x items [52x SHULKER_BOX, 89856x CRIMSON_ROOTS] from shulker boxes and earned 217,183.2 (multiplier: 1.0, uses: 2)
[04:55:19] [ShulkerFix] CHAMALLOOO sold 67431x items [39x SHULKER_BOX, 67392x CRIMSON_ROOTS] from shulker boxes and earned 162,887.4 (multiplier: 1.0, uses: 1)
[08:16:50] [ShulkerFix] LEROYCHAT sold 93366x items [54x SHULKER_BOX, 93312x CRIMSON_ROOTS] from shulker boxes and earned 451,072.8 (multiplier: 2.0, uses: 24)
[08:16:51] [ShulkerFix] LEROYCHAT sold 93366x items [54x SHULKER_BOX, 93312x CRIMSON_ROOTS] from shulker boxes and earned 451,072.8 (multiplier: 2.0, uses: 23)
[08:16:51] [ShulkerFix] LEROYCHAT sold 93366x items [54x SHULKER_BOX, 93312x CRIMSON_ROOTS] from shulker boxes and earned 451,072.8 (multiplier: 2.0, uses: 22)
[08:16:52] [ShulkerFix] LEROYCHAT sold 93366x items [54x SHULKER_BOX, 93312x CRIMSON_ROOTS] from shulker boxes and earned 451,072.8 (multiplier: 2.0, uses: 21)
[08:16:52] [ShulkerFix] LEROYCHAT sold 93366x items [54x SHULKER_BOX, 93312x CRIMSON_ROOTS] from shulker boxes and earned 451,072.8 (multiplier: 2.0, uses: 20)
[08:16:53] [ShulkerFix] LEROYCHAT sold 93366x items [54x SHULKER_BOX, 93312x CRIMSON_ROOTS] from shulker boxes and earned 451,072.8 (multiplier: 2.0, uses: 19)
[09:02:00] [ShulkerFix] ItsKnappyZ sold 93366x items [54x SHULKER_BOX, 93312x CRIMSON_ROOTS] from shulker boxes and earned 315,750.95 (multiplier: 1.4, uses: 24)
[09:03:05] [ShulkerFix] ItsKnappyZ sold 93366x items [54x SHULKER_BOX, 93312x CRIMSON_ROOTS] from shulker boxes and earned 315,750.95 (multiplier: 1.4, uses: 23)
[09:03:24] [ShulkerFix] ItsKnappyZ sold 93366x items [54x SHULKER_BOX, 93312x CRIMSON_ROOTS] from shulker boxes and earned 315,750.95 (multiplier: 1.4, uses: 22)
[09:03:24] [ShulkerFix] ItsKnappyZ sold 93366x items [54x SHULKER_BOX, 93312x CRIMSON_ROOTS] from shulker boxes and earned 315,750.95 (multiplier: 1.4, uses: 21)
[09:03:45] [ShulkerFix] ItsKnappyZ sold 93366x items [54x SHULKER_BOX, 93312x CRIMSON_ROOTS] from shulker boxes and earned 315,750.95 (multiplier: 1.4, uses: 20)
[09:03:48] [ShulkerFix] ItsKnappyZ sold 93366x items [54x SHULKER_BOX, 93312x CRIMSON_ROOTS] from shulker boxes and earned 315,750.95 (multiplier: 1.4, uses: 19)
[09:03:49] [ShulkerFix] ItsKnappyZ sold 93366x items [54x SHULKER_BOX, 93312x CRIMSON_ROOTS] from shulker boxes and earned 315,750.95 (multiplier: 1.4, uses: 18)
[09:04:10] [ShulkerFix] ItsKnappyZ sold 93366x items [54x SHULKER_BOX, 93312x CRIMSON_ROOTS] from shulker boxes and earned 315,750.95 (multiplier: 1.4, uses: 17)
[09:04:13] [ShulkerFix] ItsKnappyZ sold 93366x items [54x SHULKER_BOX, 93312x CRIMSON_ROOTS] from shulker boxes and earned 315,750.95 (multiplier: 1.4, uses: 16)
[09:04:18] [ShulkerFix] ItsKnappyZ sold 93366x items [54x SHULKER_BOX, 93312x CRIMSON_ROOTS] from shulker boxes and earned 315,750.95 (multiplier: 1.4, uses: 15)
[09:04:19] [ShulkerFix] ItsKnappyZ sold 93366x items [54x SHULKER_BOX, 93312x CRIMSON_ROOTS] from shulker boxes and earned 315,750.95 (multiplier: 1.4, uses: 14)
[11:27:25] [ShulkerFix] CHAMALLOOO sold 93366x items [54x SHULKER_BOX, 93312x LEAD] from shulker boxes and earned 663,179.38 (multiplier: 1.3, uses: 9)
[11:27:25] [ShulkerFix] CHAMALLOOO sold 93366x items [54x SHULKER_BOX, 93312x LEAD] from shulker boxes and earned 663,179.38 (multiplier: 1.3, uses: 8)
[11:27:29] [ShulkerFix] CHAMALLOOO sold 93366x items [54x SHULKER_BOX, 93312x LEAD] from shulker boxes and earned 663,179.38 (multiplier: 1.3, uses: 7)
[11:27:29] [ShulkerFix] CHAMALLOOO sold 93366x items [54x SHULKER_BOX, 93312x LEAD] from shulker boxes and earned 663,179.38 (multiplier: 1.3, uses: 6)
[11:27:32] [ShulkerFix] CHAMALLOOO sold 93366x items [54x SHULKER_BOX, 93312x LEAD] from shulker boxes and earned 663,179.38 (multiplier: 1.3, uses: 5)
[11:27:43] [ShulkerFix] CHAMALLOOO sold 93366x items [54x SHULKER_BOX, 93312x LEAD] from shulker boxes and earned 663,179.38 (multiplier: 1.3, uses: 4)
[11:27:44] [ShulkerFix] CHAMALLOOO sold 93366x items [54x SHULKER_BOX, 93312x LEAD] from shulker boxes and earned 663,179.38 (multiplier: 1.3, uses: 3)
[11:28:09] [ShulkerFix] CHAMALLOOO sold 93366x items [54x SHULKER_BOX, 93312x CRIMSON_ROOTS] from shulker boxes and earned 293,197.31 (multiplier: 1.3, uses: 2)
[11:28:09] [ShulkerFix] CHAMALLOOO sold 93366x items [54x SHULKER_BOX, 93312x CRIMSON_ROOTS] from shulker boxes and earned 293,197.31 (multiplier: 1.3, uses: 1)
[11:28:10] [ShulkerFix] CHAMALLOOO sold 93366x items [54x SHULKER_BOX, 93312x CRIMSON_ROOTS] from shulker boxes and earned 293,197.31 (multiplier: 1.3, uses: 0)
[11:28:13] [ShulkerFix] CHAMALLOOO sold 93366x items [54x SHULKER_BOX, 93312x CRIMSON_ROOTS] from shulker boxes and earned 225,536.4 (multiplier: 1.0, uses: 0)
[11:30:09] [ShulkerFix] CHAMALLOOO sold 93366x items [54x SHULKER_BOX, 93312x CRIMSON_ROOTS] from shulker boxes and earned 248,090.05 (multiplier: 1.1, uses: 9)
[11:30:09] [ShulkerFix] CHAMALLOOO sold 93366x items [54x SHULKER_BOX, 93312x CRIMSON_ROOTS] from shulker boxes and earned 248,090.05 (multiplier: 1.1, uses: 8)
[11:30:10] [ShulkerFix] CHAMALLOOO sold 93366x items [54x SHULKER_BOX, 93312x CRIMSON_ROOTS] from shulker boxes and earned 248,090.05 (multiplier: 1.1, uses: 7)
[11:30:10] [ShulkerFix] CHAMALLOOO sold 93366x items [54x SHULKER_BOX, 93312x CRIMSON_ROOTS] from shulker boxes and earned 248,090.05 (multiplier: 1.1, uses: 6)
[11:30:10] [ShulkerFix] CHAMALLOOO sold 93366x items [54x SHULKER_BOX, 93312x CRIMSON_ROOTS] from shulker boxes and earned 248,090.05 (multiplier: 1.1, uses: 5)
[11:30:11] [ShulkerFix] CHAMALLOOO sold 93366x items [54x SHULKER_BOX, 93312x CRIMSON_ROOTS] from shulker boxes and earned 248,090.05 (multiplier: 1.1, uses: 4)
[11:30:11] [ShulkerFix] CHAMALLOOO sold 93366x items [54x SHULKER_BOX, 93312x CRIMSON_ROOTS] from shulker boxes and earned 248,090.05 (multiplier: 1.1, uses: 3)
[11:30:11] [ShulkerFix] CHAMALLOOO sold 93366x items [54x SHULKER_BOX, 93312x CRIMSON_ROOTS] from shulker boxes and earned 248,090.05 (multiplier: 1.1, uses: 2)
[12:42:41] .Fratagne sold 315x items [315x CLOCK] and earned 47250.0 (multiplier: 1.5, uses: 15)
[13:20:43] [ShulkerFix] gyzoxx sold 93366x items [54x SHULKER_BOX, 93312x CRIMSON_ROOTS] from shulker boxes and earned 293,197.31 (multiplier: 1.3, uses: 1)
[13:20:44] [ShulkerFix] gyzoxx sold 93366x items [54x SHULKER_BOX, 93312x CRIMSON_ROOTS] from shulker boxes and earned 293,197.31 (multiplier: 1.3, uses: 0)
[13:45:53] [ShulkerFix] tacoszombie sold 62244x items [36x SHULKER_BOX, 62208x CRIMSON_ROOTS] from shulker boxes and earned 225,536.4 (multiplier: 1.5, uses: 23)
[13:45:53] [ShulkerFix] tacoszombie sold 63973x items [37x SHULKER_BOX, 63936x CRIMSON_ROOTS] from shulker boxes and earned 231,801.3 (multiplier: 1.5, uses: 22)
[13:45:54] [ShulkerFix] tacoszombie sold 70889x items [41x SHULKER_BOX, 70848x CRIMSON_ROOTS] from shulker boxes and earned 256,860.9 (multiplier: 1.5, uses: 21)
[14:10:25] [ShulkerFix] gyzoxx sold 93366x items [54x SHULKER_BOX, 93312x LEAD] from shulker boxes and earned 612,165.62 (multiplier: 1.2, uses: 4)
[14:10:43] [ShulkerFix] gyzoxx sold 93366x items [54x SHULKER_BOX, 93312x LEAD] from shulker boxes and earned 612,165.62 (multiplier: 1.2, uses: 3)
[14:15:07] [ShulkerFix] tacoszombie sold 93366x items [54x SHULKER_BOX, 93312x CRIMSON_ROOTS] from shulker boxes and earned 338,304.6 (multiplier: 1.5, uses: 20)
[14:15:10] [ShulkerFix] tacoszombie sold 93366x items [54x SHULKER_BOX, 93312x CRIMSON_ROOTS] from shulker boxes and earned 338,304.6 (multiplier: 1.5, uses: 19)
[14:16:36] [ShulkerFix] gyzoxx sold 93366x items [54x SHULKER_BOX, 93312x CRIMSON_ROOTS] from shulker boxes and earned 338,304.6 (multiplier: 1.5, uses: 18)
[17:23:42] [ShulkerFix] MMG4L sold 93366x items [54x SHULKER_BOX, 93312x CRIMSON_ROOTS] from shulker boxes and earned 451,072.8 (multiplier: 2.0, uses: 24)
[17:23:46] [ShulkerFix] MMG4L sold 93366x items [54x SHULKER_BOX, 93312x CRIMSON_ROOTS] from shulker boxes and earned 451,072.8 (multiplier: 2.0, uses: 23)
[17:23:50] [ShulkerFix] MMG4L sold 93366x items [54x SHULKER_BOX, 93312x CRIMSON_ROOTS] from shulker boxes and earned 451,072.8 (multiplier: 2.0, uses: 22)
[17:23:55] [ShulkerFix] MMG4L sold 93366x items [54x SHULKER_BOX, 93312x CRIMSON_ROOTS] from shulker boxes and earned 451,072.8 (multiplier: 2.0, uses: 21)
[17:24:13] [ShulkerFix] MMG4L sold 93366x items [54x SHULKER_BOX, 93312x CRIMSON_ROOTS] from shulker boxes and earned 451,072.8 (multiplier: 2.0, uses: 20)
[17:24:16] [ShulkerFix] MMG4L sold 93366x items [54x SHULKER_BOX, 93312x CRIMSON_ROOTS] from shulker boxes and earned 451,072.8 (multiplier: 2.0, uses: 19)
[17:24:21] [ShulkerFix] MMG4L sold 93366x items [54x SHULKER_BOX, 93312x CRIMSON_ROOTS] from shulker boxes and earned 451,072.8 (multiplier: 2.0, uses: 18)
[17:24:23] [ShulkerFix] MMG4L sold 93366x items [54x SHULKER_BOX, 93312x CRIMSON_ROOTS] from shulker boxes and earned 451,072.8 (multiplier: 2.0, uses: 17)
[17:24:27] [ShulkerFix] MMG4L sold 93366x items [54x SHULKER_BOX, 93312x CRIMSON_ROOTS] from shulker boxes and earned 451,072.8 (multiplier: 2.0, uses: 16)
[17:24:29] [ShulkerFix] MMG4L sold 93366x items [54x SHULKER_BOX, 93312x CRIMSON_ROOTS] from shulker boxes and earned 451,072.8 (multiplier: 2.0, uses: 15)
[17:24:59] [ShulkerFix] MMG4L sold 93366x items [54x SHULKER_BOX, 93312x CRIMSON_ROOTS] from shulker boxes and earned 451,072.8 (multiplier: 2.0, uses: 14)
[17:25:00] [ShulkerFix] MMG4L sold 93366x items [54x SHULKER_BOX, 93312x CRIMSON_ROOTS] from shulker boxes and earned 451,072.8 (multiplier: 2.0, uses: 13)
[17:25:02] [ShulkerFix] MMG4L sold 93366x items [54x SHULKER_BOX, 93312x CRIMSON_ROOTS] from shulker boxes and earned 451,072.8 (multiplier: 2.0, uses: 12)
[17:25:05] [ShulkerFix] MMG4L sold 93366x items [54x SHULKER_BOX, 93312x CRIMSON_ROOTS] from shulker boxes and earned 451,072.8 (multiplier: 2.0, uses: 11)
[17:25:06] [ShulkerFix] MMG4L sold 93366x items [54x SHULKER_BOX, 93312x CRIMSON_ROOTS] from shulker boxes and earned 451,072.8 (multiplier: 2.0, uses: 10)
[17:25:09] [ShulkerFix] MMG4L sold 93366x items [54x SHULKER_BOX, 93312x CRIMSON_ROOTS] from shulker boxes and earned 451,072.8 (multiplier: 2.0, uses: 9)
[17:25:11] [ShulkerFix] MMG4L sold 93366x items [54x SHULKER_BOX, 93312x CRIMSON_ROOTS] from shulker boxes and earned 451,072.8 (multiplier: 2.0, uses: 8)
[17:25:12] [ShulkerFix] MMG4L sold 93366x items [54x SHULKER_BOX, 93312x CRIMSON_ROOTS] from shulker boxes and earned 451,072.8 (multiplier: 2.0, uses: 7)
[17:25:14] [ShulkerFix] MMG4L sold 93366x items [54x SHULKER_BOX, 93312x CRIMSON_ROOTS] from shulker boxes and earned 451,072.8 (multiplier: 2.0, uses: 6)
[17:25:18] [ShulkerFix] MMG4L sold 93366x items [54x SHULKER_BOX, 93312x CRIMSON_ROOTS] from shulker boxes and earned 451,072.8 (multiplier: 2.0, uses: 5)
[17:25:20] [ShulkerFix] MMG4L sold 93366x items [54x SHULKER_BOX, 93312x CRIMSON_ROOTS] from shulker boxes and earned 451,072.8 (multiplier: 2.0, uses: 4)
[17:25:24] [ShulkerFix] MMG4L sold 93366x items [54x SHULKER_BOX, 93312x CRIMSON_ROOTS] from shulker boxes and earned 451,072.8 (multiplier: 2.0, uses: 3)
[17:25:26] [ShulkerFix] MMG4L sold 93366x items [54x SHULKER_BOX, 93312x CRIMSON_ROOTS] from shulker boxes and earned 451,072.8 (multiplier: 2.0, uses: 2)
[17:25:28] [ShulkerFix] MMG4L sold 93366x items [54x SHULKER_BOX, 93312x CRIMSON_ROOTS] from shulker boxes and earned 451,072.8 (multiplier: 2.0, uses: 1)
[17:26:02] [ShulkerFix] MMG4L sold 93366x items [54x SHULKER_BOX, 93312x CRIMSON_ROOTS] from shulker boxes and earned 451,072.8 (multiplier: 2.0, uses: 0)
[17:27:56] [ShulkerFix] MMG4L sold 93366x items [54x SHULKER_BOX, 93312x CRIMSON_ROOTS] from shulker boxes and earned 338,304.6 (multiplier: 1.5, uses: 12)
[17:27:59] [ShulkerFix] MMG4L sold 93366x items [54x SHULKER_BOX, 93312x CRIMSON_ROOTS] from shulker boxes and earned 338,304.6 (multiplier: 1.5, uses: 11)
[17:28:01] [ShulkerFix] MMG4L sold 93366x items [54x SHULKER_BOX, 93312x CRIMSON_ROOTS] from shulker boxes and earned 338,304.6 (multiplier: 1.5, uses: 10)
[17:28:02] [ShulkerFix] MMG4L sold 93366x items [54x SHULKER_BOX, 93312x CRIMSON_ROOTS] from shulker boxes and earned 338,304.6 (multiplier: 1.5, uses: 9)
[17:28:05] [ShulkerFix] MMG4L sold 93366x items [54x SHULKER_BOX, 93312x CRIMSON_ROOTS] from shulker boxes and earned 338,304.6 (multiplier: 1.5, uses: 8)
[17:28:06] [ShulkerFix] MMG4L sold 93366x items [54x SHULKER_BOX, 93312x CRIMSON_ROOTS] from shulker boxes and earned 338,304.6 (multiplier: 1.5, uses: 7)
[17:28:20] [ShulkerFix] MMG4L sold 93366x items [54x SHULKER_BOX, 93312x CRIMSON_ROOTS] from shulker boxes and earned 338,304.6 (multiplier: 1.5, uses: 6)
[17:28:27] [ShulkerFix] MMG4L sold 93366x items [54x SHULKER_BOX, 93312x CRIMSON_ROOTS] from shulker boxes and earned 338,304.6 (multiplier: 1.5, uses: 5)
[17:28:29] [ShulkerFix] MMG4L sold 93366x items [54x SHULKER_BOX, 93312x CRIMSON_ROOTS] from shulker boxes and earned 338,304.6 (multiplier: 1.5, uses: 4)
[17:28:31] [ShulkerFix] MMG4L sold 93366x items [54x SHULKER_BOX, 93312x CRIMSON_ROOTS] from shulker boxes and earned 338,304.6 (multiplier: 1.5, uses: 3)
[17:28:33] [ShulkerFix] MMG4L sold 93366x items [54x SHULKER_BOX, 93312x CRIMSON_ROOTS] from shulker boxes and earned 338,304.6 (multiplier: 1.5, uses: 2)
[17:28:35] [ShulkerFix] MMG4L sold 93366x items [54x SHULKER_BOX, 93312x CRIMSON_ROOTS] from shulker boxes and earned 338,304.6 (multiplier: 1.5, uses: 1)
[17:28:37] [ShulkerFix] MMG4L sold 93366x items [54x SHULKER_BOX, 93312x CRIMSON_ROOTS] from shulker boxes and earned 338,304.6 (multiplier: 1.5, uses: 0)
[17:30:05] [ShulkerFix] MMG4L sold 93366x items [54x SHULKER_BOX, 93312x CRIMSON_ROOTS] from shulker boxes and earned 338,304.6 (multiplier: 1.5, uses: 7)
[17:30:13] [ShulkerFix] MMG4L sold 93366x items [54x SHULKER_BOX, 93312x CRIMSON_ROOTS] from shulker boxes and earned 338,304.6 (multiplier: 1.5, uses: 6)
[17:30:15] [ShulkerFix] MMG4L sold 93366x items [54x SHULKER_BOX, 93312x CRIMSON_ROOTS] from shulker boxes and earned 338,304.6 (multiplier: 1.5, uses: 5)
[17:30:17] [ShulkerFix] MMG4L sold 93366x items [54x SHULKER_BOX, 93312x CRIMSON_ROOTS] from shulker boxes and earned 338,304.6 (multiplier: 1.5, uses: 4)
[17:30:20] [ShulkerFix] MMG4L sold 93366x items [54x SHULKER_BOX, 93312x CRIMSON_ROOTS] from shulker boxes and earned 338,304.6 (multiplier: 1.5, uses: 3)
[17:30:22] [ShulkerFix] MMG4L sold 93366x items [54x SHULKER_BOX, 93312x CRIMSON_ROOTS] from shulker boxes and earned 338,304.6 (multiplier: 1.5, uses: 2)
[17:30:28] [ShulkerFix] MMG4L sold 93366x items [54x SHULKER_BOX, 93312x CRIMSON_ROOTS] from shulker boxes and earned 338,304.6 (multiplier: 1.5, uses: 1)
[17:30:31] [ShulkerFix] MMG4L sold 93366x items [54x SHULKER_BOX, 93312x CRIMSON_ROOTS] from shulker boxes and earned 338,304.6 (multiplier: 1.5, uses: 0)
[17:31:09] [ShulkerFix] MMG4L sold 89908x items [52x SHULKER_BOX, 89856x CRIMSON_ROOTS] from shulker boxes and earned 304,056.47 (multiplier: 1.4, uses: 4)
[17:31:13] [ShulkerFix] MMG4L sold 93366x items [54x SHULKER_BOX, 93312x CRIMSON_ROOTS] from shulker boxes and earned 315,750.95 (multiplier: 1.4, uses: 3)
[17:31:15] [ShulkerFix] jomami24 sold 93366x items [54x SHULKER_BOX, 93312x SEA_PICKLE] from shulker boxes and earned 381,069.35 (multiplier: 1.4, uses: 6)
[17:31:18] [ShulkerFix] MMG4L sold 93366x items [54x SHULKER_BOX, 93312x CRIMSON_ROOTS] from shulker boxes and earned 315,750.95 (multiplier: 1.4, uses: 2)
[17:31:20] [ShulkerFix] MMG4L sold 93366x items [54x SHULKER_BOX, 93312x CRIMSON_ROOTS] from shulker boxes and earned 315,750.95 (multiplier: 1.4, uses: 1)
[17:31:21] [ShulkerFix] MMG4L sold 93366x items [54x SHULKER_BOX, 93312x CRIMSON_ROOTS] from shulker boxes and earned 315,750.95 (multiplier: 1.4, uses: 0)
[17:31:39] [ShulkerFix] jomami24 sold 93366x items [54x SHULKER_BOX, 93312x CRIMSON_ROOTS] from shulker boxes and earned 315,750.95 (multiplier: 1.4, uses: 5)
[17:31:40] [ShulkerFix] jomami24 sold 93366x items [54x SHULKER_BOX, 93312x CRIMSON_ROOTS] from shulker boxes and earned 315,750.95 (multiplier: 1.4, uses: 4)
[17:31:40] [ShulkerFix] jomami24 sold 93366x items [54x SHULKER_BOX, 93312x CRIMSON_ROOTS] from shulker boxes and earned 315,750.95 (multiplier: 1.4, uses: 3)
[17:31:40] [ShulkerFix] jomami24 sold 93366x items [54x SHULKER_BOX, 93312x CRIMSON_ROOTS] from shulker boxes and earned 315,750.95 (multiplier: 1.4, uses: 2)
[17:31:48] [ShulkerFix] jomami24 sold 93366x items [54x SHULKER_BOX, 93312x CRIMSON_ROOTS] from shulker boxes and earned 315,750.95 (multiplier: 1.4, uses: 1)
[17:31:52] [ShulkerFix] qmw8 sold 86450x items [50x SHULKER_BOX, 86400x SEA_PICKLE] from shulker boxes and earned 378,045 (multiplier: 1.5, uses: 24)
[17:31:54] [ShulkerFix] qmw8 sold 93366x items [54x SHULKER_BOX, 93312x SEA_PICKLE] from shulker boxes and earned 408,288.6 (multiplier: 1.5, uses: 23)
[17:32:06] [ShulkerFix] qmw8 sold 93366x items [54x SHULKER_BOX, 93312x SEA_PICKLE] from shulker boxes and earned 408,288.6 (multiplier: 1.5, uses: 22)
[17:32:07] [ShulkerFix] jomami24 sold 93366x items [54x SHULKER_BOX, 93312x CRIMSON_ROOTS] from shulker boxes and earned 315,750.95 (multiplier: 1.4, uses: 0)
[17:32:29] [ShulkerFix] qmw8 sold 93366x items [54x SHULKER_BOX, 93312x SEA_PICKLE] from shulker boxes and earned 408,288.6 (multiplier: 1.5, uses: 21)
[17:32:32] [ShulkerFix] qmw8 sold 86450x items [50x SHULKER_BOX, 86400x SEA_PICKLE] from shulker boxes and earned 378,045 (multiplier: 1.5, uses: 20)
[17:33:09] [ShulkerFix] qmw8 sold 89908x items [52x SHULKER_BOX, 89856x SEA_PICKLE] from shulker boxes and earned 393,166.8 (multiplier: 1.5, uses: 19)
[17:33:10] [ShulkerFix] qmw8 sold 86450x items [50x SHULKER_BOX, 86400x SEA_PICKLE] from shulker boxes and earned 378,045 (multiplier: 1.5, uses: 18)
[17:33:10] [ShulkerFix] qmw8 sold 93366x items [54x SHULKER_BOX, 93312x SEA_PICKLE] from shulker boxes and earned 408,288.6 (multiplier: 1.5, uses: 17)
[17:33:11] [ShulkerFix] qmw8 sold 93366x items [54x SHULKER_BOX, 93312x SEA_PICKLE] from shulker boxes and earned 408,288.6 (multiplier: 1.5, uses: 16)
[17:33:12] [ShulkerFix] qmw8 sold 93366x items [54x SHULKER_BOX, 93312x SEA_PICKLE] from shulker boxes and earned 408,288.6 (multiplier: 1.5, uses: 15)
[17:33:13] [ShulkerFix] qmw8 sold 93366x items [54x SHULKER_BOX, 93312x SEA_PICKLE] from shulker boxes and earned 408,288.6 (multiplier: 1.5, uses: 14)
[17:52:32] .Fratagne sold 3456x items [3456x LEAD] and earned 27216.0 (multiplier: 1.5, uses: 14)
[17:52:37] .Fratagne sold 3456x items [3456x LEAD] and earned 27216.0 (multiplier: 1.5, uses: 13)
[17:52:43] .Fratagne sold 3456x items [3456x LEAD] and earned 27216.0 (multiplier: 1.5, uses: 12)
[17:52:49] .Fratagne sold 3456x items [3456x LEAD] and earned 27216.0 (multiplier: 1.5, uses: 11)
[17:52:54] .Fratagne sold 3456x items [3456x LEAD] and earned 27216.0 (multiplier: 1.5, uses: 10)
[17:52:59] .Fratagne sold 3456x items [3456x LEAD] and earned 27216.0 (multiplier: 1.5, uses: 9)
[17:53:05] .Fratagne sold 3456x items [3456x LEAD] and earned 27216.0 (multiplier: 1.5, uses: 8)
[17:53:11] .Fratagne sold 3456x items [3456x LEAD] and earned 27216.0 (multiplier: 1.5, uses: 7)
[17:53:17] .Fratagne sold 3456x items [3456x LEAD] and earned 27216.0 (multiplier: 1.5, uses: 6)
[17:53:22] .Fratagne sold 3456x items [3456x LEAD] and earned 27216.0 (multiplier: 1.5, uses: 5)
[17:53:28] .Fratagne sold 3456x items [3456x LEAD] and earned 27216.0 (multiplier: 1.5, uses: 4)
[17:53:37] .Fratagne sold 3456x items [3456x LEAD] and earned 27216.0 (multiplier: 1.5, uses: 3)
[17:55:25] [ShulkerFix] jomami24 sold 93366x items [54x SHULKER_BOX, 93312x LEAD] from shulker boxes and earned 765,207 (multiplier: 1.5, uses: 24)
[18:43:52] [ShulkerFix] .SeaAunt97287803 sold 93366x items [54x SHULKER_BOX, 93312x SEA_PICKLE] from shulker boxes and earned 408,288.6 (multiplier: 1.5, uses: 24)
[18:44:05] [ShulkerFix] .SeaAunt97287803 sold 93366x items [54x SHULKER_BOX, 93312x SEA_PICKLE] from shulker boxes and earned 408,288.6 (multiplier: 1.5, uses: 23)
[18:44:32] [ShulkerFix] .SeaAunt97287803 sold 93366x items [54x SHULKER_BOX, 93312x SEA_PICKLE] from shulker boxes and earned 408,288.6 (multiplier: 1.5, uses: 22)
[19:30:27] olgams9881 sold 3456x items [3456x MAGMA_CREAM] and earned 4147.200164794922 (multiplier: 1.2, uses: 24)
[19:30:37] olgams9881 sold 3456x items [3456x MAGMA_CREAM] and earned 4147.200164794922 (multiplier: 1.2, uses: 23)
[19:30:45] olgams9881 sold 3456x items [3456x MAGMA_CREAM] and earned 4147.200164794922 (multiplier: 1.2, uses: 22)
[19:30:50] olgams9881 sold 3456x items [3456x MAGMA_CREAM] and earned 4147.200164794922 (multiplier: 1.2, uses: 21)
[19:31:00] olgams9881 sold 3456x items [3456x MAGMA_CREAM] and earned 4147.200164794922 (multiplier: 1.2, uses: 20)
[19:31:48] olgams9881 sold 3456x items [3456x MAGMA_CREAM] and earned 4147.200164794922 (multiplier: 1.2, uses: 19)
[19:31:54] olgams9881 sold 3392x items [3392x MAGMA_CREAM] and earned 4070.400161743164 (multiplier: 1.2, uses: 18)
[19:36:16] [ShulkerFix] ItsKnappyZ sold 93366x items [54x SHULKER_BOX, 93312x PRISMARINE_CRYSTALS] from shulker boxes and earned 1,906,740 (multiplier: 2.0, uses: 24)
[19:55:49] olgams9881 sold 3456x items [3456x MAGMA_CREAM] and earned 4147.200164794922 (multiplier: 1.2, uses: 17)
[20:02:57] [ShulkerFix] .SeaAunt97287803 sold 93366x items [54x SHULKER_BOX, 93312x SEA_PICKLE] from shulker boxes and earned 408,288.6 (multiplier: 1.5, uses: 21)
[20:08:43] olgams9881 sold 1088x items [1088x MAGMA_CREAM] and earned 1305.6000518798828 (multiplier: 1.2, uses: 16)
[20:08:48] olgams9881 sold 3456x items [3456x MAGMA_CREAM] and earned 4147.200164794922 (multiplier: 1.2, uses: 15)
[20:09:02] olgams9881 sold 3456x items [3456x MAGMA_CREAM] and earned 4147.200164794922 (multiplier: 1.2, uses: 14)
[20:09:08] olgams9881 sold 3456x items [3456x MAGMA_CREAM] and earned 4147.200164794922 (multiplier: 1.2, uses: 13)
[20:09:14] olgams9881 sold 1787x items [1787x MAGMA_CREAM] and earned 2144.4000852108 (multiplier: 1.2, uses: 12)
[20:09:19] olgams9881 sold 64x items [64x MAGMA_CREAM] and earned 76.80000305175781 (multiplier: 1.2, uses: 11)
[20:11:11] [ShulkerFix] jomami24 sold 93366x items [54x SHULKER_BOX, 93312x LEAD] from shulker boxes and earned 765,207 (multiplier: 1.5, uses: 23)
[20:11:12] [ShulkerFix] jomami24 sold 93366x items [54x SHULKER_BOX, 93312x LEAD] from shulker boxes and earned 765,207 (multiplier: 1.5, uses: 22)
[20:11:12] [ShulkerFix] jomami24 sold 93366x items [54x SHULKER_BOX, 93312x LEAD] from shulker boxes and earned 765,207 (multiplier: 1.5, uses: 21)
[20:11:13] [ShulkerFix] jomami24 sold 93366x items [54x SHULKER_BOX, 93312x LEAD] from shulker boxes and earned 765,207 (multiplier: 1.5, uses: 20)
[20:11:13] [ShulkerFix] jomami24 sold 93366x items [54x SHULKER_BOX, 93312x LEAD] from shulker boxes and earned 765,207 (multiplier: 1.5, uses: 19)
[20:11:14] [ShulkerFix] jomami24 sold 93366x items [54x SHULKER_BOX, 93312x LEAD] from shulker boxes and earned 765,207 (multiplier: 1.5, uses: 18)
[20:11:14] [ShulkerFix] jomami24 sold 93366x items [54x SHULKER_BOX, 93312x LEAD] from shulker boxes and earned 765,207 (multiplier: 1.5, uses: 17)
[20:11:14] [ShulkerFix] jomami24 sold 93366x items [54x SHULKER_BOX, 93312x LEAD] from shulker boxes and earned 765,207 (multiplier: 1.5, uses: 16)
[20:11:15] [ShulkerFix] jomami24 sold 93366x items [54x SHULKER_BOX, 93312x LEAD] from shulker boxes and earned 765,207 (multiplier: 1.5, uses: 15)
[20:11:15] [ShulkerFix] jomami24 sold 10374x items [6x SHULKER_BOX, 10368x LEAD] from shulker boxes and earned 85,023 (multiplier: 1.5, uses: 14)
[20:21:14] [ShulkerFix] CHAMALLOOO sold 93366x items [54x SHULKER_BOX, 93312x CRIMSON_ROOTS] from shulker boxes and earned 248,090.05 (multiplier: 1.1, uses: 1)
[20:21:15] [ShulkerFix] CHAMALLOOO sold 93366x items [54x SHULKER_BOX, 93312x CRIMSON_ROOTS] from shulker boxes and earned 248,090.05 (multiplier: 1.1, uses: 0)
[20:21:18] [ShulkerFix] CHAMALLOOO sold 76076x items [44x SHULKER_BOX, 76032x CRIMSON_ROOTS] from shulker boxes and earned 202,147.44 (multiplier: 1.1, uses: 4)
[20:21:21] [ShulkerFix] CHAMALLOOO sold 93366x items [54x SHULKER_BOX, 93312x CRIMSON_ROOTS] from shulker boxes and earned 248,090.05 (multiplier: 1.1, uses: 3)
[20:21:53] [ShulkerFix] CHAMALLOOO sold 93366x items [54x SHULKER_BOX, 93312x SEA_PICKLE] from shulker boxes and earned 299,411.65 (multiplier: 1.1, uses: 2)
[20:21:53] [ShulkerFix] CHAMALLOOO sold 91637x items [53x SHULKER_BOX, 91584x SEA_PICKLE] from shulker boxes and earned 293,866.99 (multiplier: 1.1, uses: 1)
[20:21:54] [ShulkerFix] CHAMALLOOO sold 89908x items [52x SHULKER_BOX, 89856x SEA_PICKLE] from shulker boxes and earned 288,322.33 (multiplier: 1.1, uses: 0)
[20:24:38] [ShulkerFix] jomami24 sold 93366x items [54x SHULKER_BOX, 93312x CRIMSON_ROOTS] from shulker boxes and earned 338,304.6 (multiplier: 1.5, uses: 13)
[20:25:07] [ShulkerFix] jomami24 sold 93366x items [54x SHULKER_BOX, 93312x CRIMSON_ROOTS] from shulker boxes and earned 338,304.6 (multiplier: 1.5, uses: 12)
[20:33:01] [ShulkerFix] qmw8 sold 93366x items [54x SHULKER_BOX, 93312x SEA_PICKLE] from shulker boxes and earned 408,288.6 (multiplier: 1.5, uses: 13)
[20:33:01] [ShulkerFix] qmw8 sold 93366x items [54x SHULKER_BOX, 93312x SEA_PICKLE] from shulker boxes and earned 408,288.6 (multiplier: 1.5, uses: 12)
[20:33:21] [ShulkerFix] qmw8 sold 93366x items [54x SHULKER_BOX, 93312x SEA_PICKLE] from shulker boxes and earned 408,288.6 (multiplier: 1.5, uses: 11)
[20:33:23] [ShulkerFix] qmw8 sold 93366x items [54x SHULKER_BOX, 93312x SEA_PICKLE] from shulker boxes and earned 408,288.6 (multiplier: 1.5, uses: 10)
[20:33:25] [ShulkerFix] qmw8 sold 93366x items [54x SHULKER_BOX, 93312x SEA_PICKLE] from shulker boxes and earned 408,288.6 (multiplier: 1.5, uses: 9)
[20:33:35] [ShulkerFix] qmw8 sold 93366x items [54x SHULKER_BOX, 93312x SEA_PICKLE] from shulker boxes and earned 408,288.6 (multiplier: 1.5, uses: 8)
[20:33:48] [ShulkerFix] qmw8 sold 93366x items [54x SHULKER_BOX, 93312x SEA_PICKLE] from shulker boxes and earned 408,288.6 (multiplier: 1.5, uses: 7)
[20:34:05] [ShulkerFix] qmw8 sold 93366x items [54x SHULKER_BOX, 93312x SEA_PICKLE] from shulker boxes and earned 408,288.6 (multiplier: 1.5, uses: 6)
[21:11:37] [ShulkerFix] .SeaAunt97287803 sold 93366x items [54x SHULKER_BOX, 93312x SEA_PICKLE] from shulker boxes and earned 408,288.6 (multiplier: 1.5, uses: 20)
[22:03:38] [ShulkerFix] CHAMALLOOO sold 93366x items [54x SHULKER_BOX, 93312x LEAD] from shulker boxes and earned 510,138 (multiplier: 1.0, uses: 4)
[22:03:38] [ShulkerFix] CHAMALLOOO sold 93366x items [54x SHULKER_BOX, 93312x LEAD] from shulker boxes and earned 510,138 (multiplier: 1.0, uses: 3)
[22:03:39] [ShulkerFix] CHAMALLOOO sold 53599x items [31x SHULKER_BOX, 53568x LEAD] from shulker boxes and earned 292,857 (multiplier: 1.0, uses: 2)
[22:04:38] [ShulkerFix] .SeaAunt97287803 sold 88179x items [51x SHULKER_BOX, 88128x SEA_PICKLE] from shulker boxes and earned 385,605.9 (multiplier: 1.5, uses: 19)
[22:07:31] [ShulkerFix] CHAMALLOOO sold 93366x items [54x SHULKER_BOX, 93312x CRIMSON_ROOTS] from shulker boxes and earned 225,536.4 (multiplier: 1.0, uses: 1)
[22:07:31] [ShulkerFix] CHAMALLOOO sold 93366x items [54x SHULKER_BOX, 93312x CRIMSON_ROOTS] from shulker boxes and earned 225,536.4 (multiplier: 1.0, uses: 0)
[22:07:33] [ShulkerFix] CHAMALLOOO sold 93366x items [54x SHULKER_BOX, 93312x CRIMSON_ROOTS] from shulker boxes and earned 225,536.4 (multiplier: 1.0, uses: 1)
[22:07:33] [ShulkerFix] CHAMALLOOO sold 93366x items [54x SHULKER_BOX, 93312x CRIMSON_ROOTS] from shulker boxes and earned 225,536.4 (multiplier: 1.0, uses: 0)
[22:09:03] [ShulkerFix] CHAMALLOOO sold 93366x items [54x SHULKER_BOX, 93312x CRIMSON_ROOTS] from shulker boxes and earned 248,090.05 (multiplier: 1.1, uses: 4)
[22:09:03] [ShulkerFix] CHAMALLOOO sold 93366x items [54x SHULKER_BOX, 93312x CRIMSON_ROOTS] from shulker boxes and earned 248,090.05 (multiplier: 1.1, uses: 3)
[22:24:02] [ShulkerFix] Gothex53 sold 60515x items [35x SHULKER_BOX, 59776x COMPASS, 704x CLOCK] from shulker boxes and earned 4,351,370 (multiplier: 2.0)
[22:24:02] Gothex53 sold 704x items [704x CLOCK] and earned 140800.0 (multiplier: 2.0, uses: 23)
[22:36:50] [ShulkerFix] .SeaAunt97287803 sold 10054x items [6x SHULKER_BOX, 2628x PRISMARINE_CRYSTALS, 7420x PRISMARINE_SHARD] from shulker boxes and earned 154,095 (multiplier: 1.5, uses: 18)
[22:49:43] [ShulkerFix] .SeaAunt97287803 sold 36309x items [21x SHULKER_BOX, 36288x SEA_PICKLE] from shulker boxes and earned 158,778.9 (multiplier: 1.5, uses: 17)
