[04:36:48] [ShulkerFix] Snipe227 sold 12x items [12x SHULKER_BOX] from shulker boxes and earned 4,500 (multiplier: 1.0, uses: 14)
[05:11:01] [ShulkerFix] Snipe227 sold 1729x items [1x SHULKER_BOX, 1728x RESIN_CLUMP] from shulker boxes and earned 9,015 (multiplier: 1.0, uses: 13)
[05:39:37] [ShulkerFix] Snipe227 sold 17290x items [10x SHULKER_BOX, 17280x RESIN_CLUMP] from shulker boxes and earned 135,225 (multiplier: 1.5, uses: 24)
[05:49:15] [ShulkerFix] Snipe227 sold 29393x items [17x SHULKER_BOX, 29376x RESIN_CLUMP] from shulker boxes and earned 168,580.5 (multiplier: 1.1, uses: 24)
[06:09:31] [ShulkerFix] Snipe227 sold 50141x items [29x SHULKER_BOX, 50112x RESIN_CLUMP] from shulker boxes and earned 392,152.5 (multiplier: 1.5, uses: 23)
[06:22:52] [ShulkerFix] jomami24 sold 48412x items [28x SHULKER_BOX, 48384x LEAD] from shulker boxes and earned 396,774 (multiplier: 1.5, uses: 24)
[06:23:12] [ShulkerFix] jomami24 sold 63973x items [37x SHULKER_BOX, 63936x SEA_PICKLE] from shulker boxes and earned 279,753.3 (multiplier: 1.5, uses: 23)
[06:30:19] [ShulkerFix] jomami24 sold 29393x items [17x SHULKER_BOX, 29376x RESIN_CLUMP] from shulker boxes and earned 229,882.5 (multiplier: 1.5)
[06:30:19] jomami24 sold 763x items [763x RESIN_CLUMP] and earned 5722.5 (multiplier: 1.5, uses: 22)
[07:12:40] [ShulkerFix] Snipe227 sold 69160x items [40x SHULKER_BOX, 69120x RESIN_CLUMP] from shulker boxes and earned 540,900 (multiplier: 1.5, uses: 22)
[07:50:15] [ShulkerFix] Snipe227 sold 60515x items [35x SHULKER_BOX, 60480x RESIN_CLUMP] from shulker boxes and earned 473,287.5 (multiplier: 1.5, uses: 21)
[09:09:26] [ShulkerFix] Snipe227 sold 72618x items [42x SHULKER_BOX, 72576x RESIN_CLUMP] from shulker boxes and earned 567,945 (multiplier: 1.5, uses: 20)
[11:09:20] [ShulkerFix] Snipe227 sold 88179x items [51x SHULKER_BOX, 88128x RESIN_CLUMP] from shulker boxes and earned 689,647.5 (multiplier: 1.5, uses: 19)
[11:10:55] [ShulkerFix] Snipe227 sold 3458x items [2x SHULKER_BOX, 3456x RESIN_CLUMP] from shulker boxes and earned 19,833 (multiplier: 1.1, uses: 23)
[11:27:55] nichloper sold 13x items [13x COD] and earned 10.725000232458115 (multiplier: 1.1, uses: 22)
[11:29:40] nichloper sold 1023x items [19x PRISMARINE_CRYSTALS, 27x BLAZE_ROD, 132x STRING, 39x GOLD_NUGGET, 13x COD, 64x ENDER_PEARL, 37x SPIDER_EYE, 58x PRISMARINE_SHARD, 4x DIAMOND, 407x SLIME_BALL, 145x BREEZE_ROD, 4x COPPER_INGOT, 74x ROTTEN_FLESH] and earned 2255.935048896074 (multiplier: 1.1, uses: 21)
[11:32:10] nichloper sold 303x items [7x PRISMARINE_CRYSTALS, 6x BLAZE_ROD, 13x STRING, 2x GOLD_NUGGET, 3x COD, 14x ENDER_PEARL, 3x SPIDER_EYE, 12x PRISMARINE_SHARD, 150x SLIME_BALL, 64x BREEZE_ROD, 1x COPPER_INGOT, 27x ROTTEN_FLESH, 1x GOLD_INGOT] and earned 668.1840144824982 (multiplier: 1.1, uses: 20)
[11:32:17] nichloper sold 16x items [1x PRISMARINE_CRYSTALS, 5x STRING, 4x BREEZE_ROD, 5x SLIME_BALL, 1x GOLD_NUGGET] and earned 35.39800076723099 (multiplier: 1.1, uses: 19)
[11:35:17] nichloper sold 120x items [5x PRISMARINE_CRYSTALS, 3x BLAZE_ROD, 2x STRING, 38x BREEZE_ROD, 43x SLIME_BALL, 2x COPPER_INGOT, 2x COD, 6x ENDER_PEARL, 4x SPIDER_EYE, 8x ROTTEN_FLESH, 7x PRISMARINE_SHARD] and earned 307.03999999999996 (multiplier: 1.0, uses: 24)
[12:32:52] nichloper sold 1550x items [39x PRISMARINE_CRYSTALS, 52x BLAZE_ROD, 203x STRING, 590x SLIME_BALL, 243x BREEZE_ROD, 9x COPPER_INGOT, 28x COD, 125x ROTTEN_FLESH, 93x ENDER_PEARL, 57x SPIDER_EYE, 111x PRISMARINE_SHARD] and earned 3441.43 (multiplier: 1.0, uses: 23)
[12:33:04] nichloper sold 122x items [3x PRISMARINE_CRYSTALS, 3x BLAZE_ROD, 12x STRING, 78x SLIME_BALL, 10x BREEZE_ROD, 1x COD, 4x ROTTEN_FLESH, 2x SPIDER_EYE, 4x ENDER_PEARL, 5x PRISMARINE_SHARD] and earned 217.25 (multiplier: 1.0, uses: 22)
[16:43:09] [ShulkerFix] MMG4L sold 93366x items [54x SHULKER_BOX, 93312x CRIMSON_ROOTS] from shulker boxes and earned 338,304.6 (multiplier: 1.5, uses: 22)
[16:43:24] [ShulkerFix] MMG4L sold 91637x items [53x SHULKER_BOX, 91584x CRIMSON_ROOTS] from shulker boxes and earned 332,039.7 (multiplier: 1.5, uses: 21)
[16:43:26] [ShulkerFix] MMG4L sold 91637x items [53x SHULKER_BOX, 91584x CRIMSON_ROOTS] from shulker boxes and earned 332,039.7 (multiplier: 1.5)
[16:43:38] [ShulkerFix] MMG4L sold 93366x items [54x SHULKER_BOX, 93312x CRIMSON_ROOTS] from shulker boxes and earned 338,304.6 (multiplier: 1.5, uses: 20)
[16:43:42] [ShulkerFix] MMG4L sold 91637x items [53x SHULKER_BOX, 91584x CRIMSON_ROOTS] from shulker boxes and earned 332,039.7 (multiplier: 1.5)
[16:43:44] MMG4L sold 2x items [2x BONE_MEAL] and earned 0.75 (multiplier: 1.5, uses: 19)
[16:43:56] [ShulkerFix] MMG4L sold 91637x items [53x SHULKER_BOX, 91584x CRIMSON_ROOTS] from shulker boxes and earned 332,039.7 (multiplier: 1.5, uses: 18)
[16:44:02] [ShulkerFix] MMG4L sold 89908x items [52x SHULKER_BOX, 89856x CRIMSON_ROOTS] from shulker boxes and earned 325,774.8 (multiplier: 1.5)
[16:44:02] MMG4L sold 4x items [4x BONE_MEAL] and earned 1.5 (multiplier: 1.5, uses: 17)
[16:44:21] [ShulkerFix] MMG4L sold 93366x items [54x SHULKER_BOX, 93312x CRIMSON_ROOTS] from shulker boxes and earned 338,304.6 (multiplier: 1.5, uses: 16)
[16:44:52] [ShulkerFix] MMG4L sold 93366x items [54x SHULKER_BOX, 93312x CRIMSON_ROOTS] from shulker boxes and earned 338,304.6 (multiplier: 1.5, uses: 15)
[16:45:10] [ShulkerFix] MMG4L sold 93366x items [54x SHULKER_BOX, 93312x CRIMSON_ROOTS] from shulker boxes and earned 338,304.6 (multiplier: 1.5, uses: 14)
[16:45:25] [ShulkerFix] MMG4L sold 93366x items [54x SHULKER_BOX, 93312x CRIMSON_ROOTS] from shulker boxes and earned 338,304.6 (multiplier: 1.5, uses: 13)
[16:45:44] [ShulkerFix] MMG4L sold 93366x items [54x SHULKER_BOX, 93312x CRIMSON_ROOTS] from shulker boxes and earned 338,304.6 (multiplier: 1.5, uses: 12)
[16:46:03] [ShulkerFix] MMG4L sold 93366x items [54x SHULKER_BOX, 93312x CRIMSON_ROOTS] from shulker boxes and earned 338,304.6 (multiplier: 1.5, uses: 11)
[16:46:32] [ShulkerFix] MMG4L sold 93366x items [54x SHULKER_BOX, 93312x CRIMSON_ROOTS] from shulker boxes and earned 338,304.6 (multiplier: 1.5, uses: 10)
[16:47:08] [ShulkerFix] MMG4L sold 93366x items [54x SHULKER_BOX, 93312x CRIMSON_ROOTS] from shulker boxes and earned 338,304.6 (multiplier: 1.5, uses: 9)
[16:47:30] [ShulkerFix] MMG4L sold 93366x items [54x SHULKER_BOX, 93312x CRIMSON_ROOTS] from shulker boxes and earned 338,304.6 (multiplier: 1.5, uses: 8)
[16:51:00] [ShulkerFix] MMG4L sold 93366x items [54x SHULKER_BOX, 93312x CRIMSON_ROOTS] from shulker boxes and earned 338,304.6 (multiplier: 1.5, uses: 7)
[18:30:08] [ShulkerFix] Snipe227 sold 93366x items [54x SHULKER_BOX, 93312x RESIN_CLUMP] from shulker boxes and earned 730,215 (multiplier: 1.5, uses: 18)
[18:50:26] [ShulkerFix] Snipe227 sold 63973x items [37x SHULKER_BOX, 63936x RESIN_CLUMP] from shulker boxes and earned 500,332.5 (multiplier: 1.5, uses: 17)
[20:35:17] nichloper sold 2597x items [61x PRISMARINE_CRYSTALS, 128x BLAZE_ROD, 448x STRING, 384x BREEZE_ROD, 896x SLIME_BALL, 13x COPPER_INGOT, 22x COD, 192x ROTTEN_FLESH, 176x ENDER_PEARL, 92x SPIDER_EYE, 185x PRISMARINE_SHARD] and earned 6290.361136339903 (multiplier: 1.1, uses: 18)
[20:35:22] nichloper sold 2686x items [53x PRISMARINE_CRYSTALS, 128x BLAZE_ROD, 384x STRING, 960x SLIME_BALL, 384x BREEZE_ROD, 6x COPPER_INGOT, 35x COD, 233x ROTTEN_FLESH, 192x ENDER_PEARL, 104x SPIDER_EYE, 207x PRISMARINE_SHARD] and earned 6526.982141468525 (multiplier: 1.1, uses: 17)
[20:35:27] nichloper sold 2734x items [64x PRISMARINE_CRYSTALS, 128x BLAZE_ROD, 448x STRING, 448x BREEZE_ROD, 768x SLIME_BALL, 27x COPPER_INGOT, 99x COD, 256x ROTTEN_FLESH, 176x ENDER_PEARL, 128x SPIDER_EYE, 192x PRISMARINE_SHARD] and earned 6638.5441438865655 (multiplier: 1.1, uses: 16)
[20:35:32] nichloper sold 2663x items [56x PRISMARINE_CRYSTALS, 117x BLAZE_ROD, 442x STRING, 384x BREEZE_ROD, 896x SLIME_BALL, 11x COPPER_INGOT, 51x COD, 255x ROTTEN_FLESH, 176x ENDER_PEARL, 113x SPIDER_EYE, 162x PRISMARINE_SHARD] and earned 6054.917131236792 (multiplier: 1.1, uses: 15)
[20:35:37] nichloper sold 2871x items [54x PRISMARINE_CRYSTALS, 128x BLAZE_ROD, 384x STRING, 448x BREEZE_ROD, 1024x SLIME_BALL, 19x COPPER_INGOT, 44x COD, 256x ROTTEN_FLESH, 160x ENDER_PEARL, 128x SPIDER_EYE, 226x PRISMARINE_SHARD] and earned 7030.793152388334 (multiplier: 1.1, uses: 14)
[20:35:39] nichloper sold 2488x items [64x PRISMARINE_CRYSTALS, 183x BLAZE_ROD, 384x STRING, 384x BREEZE_ROD, 768x SLIME_BALL, 8x COPPER_INGOT, 64x COD, 250x ROTTEN_FLESH, 160x ENDER_PEARL, 31x SPIDER_EYE, 192x PRISMARINE_SHARD] and earned 5691.16 (multiplier: 1.0, uses: 21)
[20:35:44] nichloper sold 2525x items [64x PRISMARINE_CRYSTALS, 99x BLAZE_ROD, 384x STRING, 320x BREEZE_ROD, 960x SLIME_BALL, 10x COPPER_INGOT, 64x COD, 128x SPIDER_EYE, 176x ENDER_PEARL, 128x ROTTEN_FLESH, 192x PRISMARINE_SHARD] and earned 6160.220133519173 (multiplier: 1.1, uses: 13)
[20:35:47] nichloper sold 2834x items [64x PRISMARINE_CRYSTALS, 128x BLAZE_ROD, 384x STRING, 384x BREEZE_ROD, 896x SLIME_BALL, 50x COPPER_INGOT, 128x COD, 256x ROTTEN_FLESH, 160x ENDER_PEARL, 128x SPIDER_EYE, 256x PRISMARINE_SHARD] and earned 6558.5 (multiplier: 1.0, uses: 20)
[20:35:53] nichloper sold 2582x items [60x PRISMARINE_CRYSTALS, 128x BLAZE_ROD, 448x STRING, 848x SLIME_BALL, 384x BREEZE_ROD, 16x COPPER_INGOT, 70x COD, 134x ROTTEN_FLESH, 128x SPIDER_EYE, 144x ENDER_PEARL, 222x PRISMARINE_SHARD] and earned 6005.32 (multiplier: 1.0, uses: 19)
[23:49:45] [ShulkerFix] Snipe227 sold 93366x items [54x SHULKER_BOX, 93312x RESIN_CLUMP] from shulker boxes and earned 730,215 (multiplier: 1.5, uses: 16)
[23:49:45] [ShulkerFix] Snipe227 sold 1729x items [1x SHULKER_BOX, 1728x RESIN_CLUMP] from shulker boxes and earned 13,522.5 (multiplier: 1.5, uses: 15)
