[04:41:39] nichloper sold 3456x items [3456x LEAD] and earned 27216.0 (multiplier: 1.5, uses: 19)
[04:52:13] [ShulkerFix] nichloper sold 91942x items [17425x COD, 17496x PRISMARINE_CRYSTALS, 54x SHULKER_BOX, 56967x PRISMARINE_SHARD] from shulker boxes and earned 1,166,923.12 (multiplier: 1.5, uses: 18)
[05:12:05] [ShulkerFix] nichloper sold 1x items [1x BLACK_SHULKER_BOX] from shulker boxes and earned 562.5 (multiplier: 1.5)
[05:12:05] nichloper sold 1509x items [5x GLISTERING_MELON_SLICE, 182x SPORE_BLOSSOM, 19x CHERRY_LOG, 1x BUCKET, 72x REDSTONE, 10x GOLD_INGOT, 10x COOKIE, 300x COBBLED_DEEPSLATE, 256x CHERRY_PLANKS, 16x AMETHYST_SHARD, 248x AMETHYST_BLOCK, 6x BREAD, 373x DEEPSLATE, 1x MEDIUM_AMETHYST_BUD, 10x BLUE_DYE] and earned 16273.769999999997 (multiplier: 1.5, uses: 17)
[15:57:53] [ShulkerFix] qmw8 sold 93366x items [93312x SEA_PICKLE, 54x SHULKER_BOX] from shulker boxes and earned 408,288.6 (multiplier: 1.5, uses: 24)
[15:58:06] [ShulkerFix] qmw8 sold 93366x items [93312x SEA_PICKLE, 54x SHULKER_BOX] from shulker boxes and earned 408,288.6 (multiplier: 1.5, uses: 23)
[15:58:10] [ShulkerFix] qmw8 sold 93366x items [93312x SEA_PICKLE, 54x SHULKER_BOX] from shulker boxes and earned 408,288.6 (multiplier: 1.5, uses: 22)
[15:58:11] [ShulkerFix] qmw8 sold 93366x items [93312x SEA_PICKLE, 54x SHULKER_BOX] from shulker boxes and earned 408,288.6 (multiplier: 1.5, uses: 21)
[15:58:11] [ShulkerFix] qmw8 sold 93366x items [93312x SEA_PICKLE, 54x SHULKER_BOX] from shulker boxes and earned 408,288.6 (multiplier: 1.5, uses: 20)
[15:58:12] [ShulkerFix] qmw8 sold 93366x items [93312x SEA_PICKLE, 54x SHULKER_BOX] from shulker boxes and earned 408,288.6 (multiplier: 1.5, uses: 19)
[15:58:12] [ShulkerFix] qmw8 sold 1729x items [1728x SEA_PICKLE, 1x SHULKER_BOX] from shulker boxes and earned 7,560.9 (multiplier: 1.5, uses: 18)
[15:58:19] [ShulkerFix] qmw8 sold 93366x items [93312x SEA_PICKLE, 54x SHULKER_BOX] from shulker boxes and earned 408,288.6 (multiplier: 1.5, uses: 17)
[15:58:19] [ShulkerFix] qmw8 sold 93366x items [93312x SEA_PICKLE, 54x SHULKER_BOX] from shulker boxes and earned 408,288.6 (multiplier: 1.5, uses: 16)
[15:58:20] [ShulkerFix] qmw8 sold 93366x items [93312x SEA_PICKLE, 54x SHULKER_BOX] from shulker boxes and earned 408,288.6 (multiplier: 1.5, uses: 15)
[15:58:21] [ShulkerFix] qmw8 sold 93366x items [93312x SEA_PICKLE, 54x SHULKER_BOX] from shulker boxes and earned 408,288.6 (multiplier: 1.5, uses: 14)
[15:58:21] [ShulkerFix] qmw8 sold 93366x items [93312x SEA_PICKLE, 54x SHULKER_BOX] from shulker boxes and earned 408,288.6 (multiplier: 1.5, uses: 13)
[15:58:32] [ShulkerFix] qmw8 sold 93366x items [93312x SEA_PICKLE, 54x SHULKER_BOX] from shulker boxes and earned 408,288.6 (multiplier: 1.5, uses: 12)
[15:58:32] [ShulkerFix] qmw8 sold 93366x items [93312x SEA_PICKLE, 54x SHULKER_BOX] from shulker boxes and earned 408,288.6 (multiplier: 1.5, uses: 11)
[15:58:33] [ShulkerFix] qmw8 sold 93366x items [93312x SEA_PICKLE, 54x SHULKER_BOX] from shulker boxes and earned 408,288.6 (multiplier: 1.5, uses: 10)
[15:58:34] [ShulkerFix] qmw8 sold 93366x items [93312x SEA_PICKLE, 54x SHULKER_BOX] from shulker boxes and earned 408,288.6 (multiplier: 1.5, uses: 9)
[15:58:34] [ShulkerFix] qmw8 sold 93365x items [63x BONE_MEAL, 93248x SEA_PICKLE, 54x SHULKER_BOX] from shulker boxes and earned 408,053.03 (multiplier: 1.5, uses: 8)
[15:58:40] [ShulkerFix] qmw8 sold 93366x items [93312x SEA_PICKLE, 54x SHULKER_BOX] from shulker boxes and earned 408,288.6 (multiplier: 1.5, uses: 7)
[15:58:44] [ShulkerFix] qmw8 sold 93366x items [93312x SEA_PICKLE, 54x SHULKER_BOX] from shulker boxes and earned 408,288.6 (multiplier: 1.5, uses: 6)
[15:58:48] [ShulkerFix] qmw8 sold 93366x items [93312x SEA_PICKLE, 54x SHULKER_BOX] from shulker boxes and earned 408,288.6 (multiplier: 1.5, uses: 5)
[15:59:36] [ShulkerFix] qmw8 sold 93366x items [93312x SEA_PICKLE, 54x SHULKER_BOX] from shulker boxes and earned 408,288.6 (multiplier: 1.5, uses: 4)
[15:59:39] [ShulkerFix] qmw8 sold 93366x items [93312x SEA_PICKLE, 54x SHULKER_BOX] from shulker boxes and earned 408,288.6 (multiplier: 1.5, uses: 3)
[15:59:57] [ShulkerFix] qmw8 sold 93366x items [93312x SEA_PICKLE, 54x SHULKER_BOX] from shulker boxes and earned 408,288.6 (multiplier: 1.5, uses: 2)
[15:59:58] [ShulkerFix] qmw8 sold 93366x items [93312x SEA_PICKLE, 54x SHULKER_BOX] from shulker boxes and earned 408,288.6 (multiplier: 1.5, uses: 1)
[16:00:03] [ShulkerFix] qmw8 sold 93366x items [93312x SEA_PICKLE, 54x SHULKER_BOX] from shulker boxes and earned 408,288.6 (multiplier: 1.5, uses: 0)
[16:00:05] [ShulkerFix] qmw8 sold 93366x items [93312x SEA_PICKLE, 54x SHULKER_BOX] from shulker boxes and earned 408,288.6 (multiplier: 1.5, uses: 24)
[16:00:17] [ShulkerFix] qmw8 sold 93366x items [93312x SEA_PICKLE, 54x SHULKER_BOX] from shulker boxes and earned 408,288.6 (multiplier: 1.5, uses: 23)
[16:00:28] [ShulkerFix] qmw8 sold 93366x items [93312x SEA_PICKLE, 54x SHULKER_BOX] from shulker boxes and earned 408,288.6 (multiplier: 1.5, uses: 22)
[16:00:29] [ShulkerFix] qmw8 sold 93366x items [93312x SEA_PICKLE, 54x SHULKER_BOX] from shulker boxes and earned 408,288.6 (multiplier: 1.5, uses: 21)
[16:00:29] [ShulkerFix] qmw8 sold 93366x items [93312x SEA_PICKLE, 54x SHULKER_BOX] from shulker boxes and earned 408,288.6 (multiplier: 1.5, uses: 20)
[16:00:30] [ShulkerFix] qmw8 sold 93366x items [93312x SEA_PICKLE, 54x SHULKER_BOX] from shulker boxes and earned 408,288.6 (multiplier: 1.5, uses: 19)
[16:00:54] [ShulkerFix] qmw8 sold 93366x items [93312x SEA_PICKLE, 54x SHULKER_BOX] from shulker boxes and earned 408,288.6 (multiplier: 1.5, uses: 18)
[16:01:05] [ShulkerFix] qmw8 sold 93366x items [93312x SEA_PICKLE, 54x SHULKER_BOX] from shulker boxes and earned 408,288.6 (multiplier: 1.5, uses: 17)
[16:01:27] [ShulkerFix] qmw8 sold 93366x items [93312x SEA_PICKLE, 54x SHULKER_BOX] from shulker boxes and earned 408,288.6 (multiplier: 1.5, uses: 16)
[16:01:27] [ShulkerFix] qmw8 sold 93366x items [93312x SEA_PICKLE, 54x SHULKER_BOX] from shulker boxes and earned 408,288.6 (multiplier: 1.5, uses: 15)
[16:01:40] [ShulkerFix] qmw8 sold 93366x items [93312x SEA_PICKLE, 54x SHULKER_BOX] from shulker boxes and earned 408,288.6 (multiplier: 1.5, uses: 14)
[16:01:41] [ShulkerFix] qmw8 sold 93366x items [93312x SEA_PICKLE, 54x SHULKER_BOX] from shulker boxes and earned 408,288.6 (multiplier: 1.5, uses: 13)
[16:01:41] [ShulkerFix] qmw8 sold 93366x items [93312x SEA_PICKLE, 54x SHULKER_BOX] from shulker boxes and earned 408,288.6 (multiplier: 1.5, uses: 12)
[16:01:42] [ShulkerFix] qmw8 sold 93366x items [93312x SEA_PICKLE, 54x SHULKER_BOX] from shulker boxes and earned 408,288.6 (multiplier: 1.5, uses: 11)
[16:01:43] [ShulkerFix] qmw8 sold 93366x items [93312x SEA_PICKLE, 54x SHULKER_BOX] from shulker boxes and earned 408,288.6 (multiplier: 1.5, uses: 10)
[16:01:43] [ShulkerFix] qmw8 sold 93366x items [93312x SEA_PICKLE, 54x SHULKER_BOX] from shulker boxes and earned 408,288.6 (multiplier: 1.5, uses: 9)
[16:01:44] [ShulkerFix] qmw8 sold 93366x items [93312x SEA_PICKLE, 54x SHULKER_BOX] from shulker boxes and earned 408,288.6 (multiplier: 1.5, uses: 8)
[16:01:45] [ShulkerFix] qmw8 sold 93366x items [93312x SEA_PICKLE, 54x SHULKER_BOX] from shulker boxes and earned 408,288.6 (multiplier: 1.5, uses: 7)
[16:01:45] [ShulkerFix] qmw8 sold 93366x items [93312x SEA_PICKLE, 54x SHULKER_BOX] from shulker boxes and earned 408,288.6 (multiplier: 1.5, uses: 6)
[16:01:46] [ShulkerFix] qmw8 sold 93366x items [93312x SEA_PICKLE, 54x SHULKER_BOX] from shulker boxes and earned 408,288.6 (multiplier: 1.5, uses: 5)
[16:01:46] [ShulkerFix] qmw8 sold 93366x items [93312x SEA_PICKLE, 54x SHULKER_BOX] from shulker boxes and earned 408,288.6 (multiplier: 1.5, uses: 4)
[16:01:47] [ShulkerFix] qmw8 sold 93366x items [93312x SEA_PICKLE, 54x SHULKER_BOX] from shulker boxes and earned 408,288.6 (multiplier: 1.5, uses: 3)
[16:01:48] [ShulkerFix] qmw8 sold 93366x items [93312x SEA_PICKLE, 54x SHULKER_BOX] from shulker boxes and earned 408,288.6 (multiplier: 1.5, uses: 2)
[16:01:48] [ShulkerFix] qmw8 sold 93366x items [93312x SEA_PICKLE, 54x SHULKER_BOX] from shulker boxes and earned 408,288.6 (multiplier: 1.5, uses: 1)
[16:01:49] [ShulkerFix] qmw8 sold 93366x items [93312x SEA_PICKLE, 54x SHULKER_BOX] from shulker boxes and earned 408,288.6 (multiplier: 1.5, uses: 0)
[16:01:51] [ShulkerFix] qmw8 sold 93366x items [93312x SEA_PICKLE, 54x SHULKER_BOX] from shulker boxes and earned 408,288.6 (multiplier: 1.5, uses: 24)
[16:01:52] [ShulkerFix] qmw8 sold 93366x items [93312x SEA_PICKLE, 54x SHULKER_BOX] from shulker boxes and earned 408,288.6 (multiplier: 1.5, uses: 23)
[16:01:54] [ShulkerFix] qmw8 sold 93366x items [93312x SEA_PICKLE, 54x SHULKER_BOX] from shulker boxes and earned 408,288.6 (multiplier: 1.5, uses: 22)
[16:02:25] [ShulkerFix] qmw8 sold 93366x items [93312x SEA_PICKLE, 54x SHULKER_BOX] from shulker boxes and earned 408,288.6 (multiplier: 1.5, uses: 21)
[16:03:06] [ShulkerFix] qmw8 sold 93366x items [93312x SEA_PICKLE, 54x SHULKER_BOX] from shulker boxes and earned 408,288.6 (multiplier: 1.5, uses: 20)
[16:03:44] [ShulkerFix] qmw8 sold 93366x items [93312x SEA_PICKLE, 54x SHULKER_BOX] from shulker boxes and earned 408,288.6 (multiplier: 1.5, uses: 19)
