[00:07:03] [ShulkerFix] .SeaAunt97287803 sold 93366x items [54x SHULKER_BOX, 93312x SEA_PICKLE] from shulker boxes and earned 408,288.6 (multiplier: 1.5, uses: 4)
[00:07:07] [ShulkerFix] .SeaAunt97287803 sold 93366x items [54x SHULKER_BOX, 93312x SEA_PICKLE] from shulker boxes and earned 408,288.6 (multiplier: 1.5, uses: 3)
[00:07:21] [ShulkerFix] .SeaAunt97287803 sold 93366x items [54x SHULKER_BOX, 93312x SEA_PICKLE] from shulker boxes and earned 408,288.6 (multiplier: 1.5, uses: 2)
[00:07:26] [ShulkerFix] .SeaAunt97287803 sold 91637x items [53x SHULKER_BOX, 91584x SEA_PICKLE] from shulker boxes and earned 400,727.7 (multiplier: 1.5, uses: 1)
[00:07:32] [ShulkerFix] .SeaAunt97287803 sold 91637x items [53x SHULKER_BOX, 91584x SEA_PICKLE] from shulker boxes and earned 400,727.7 (multiplier: 1.5)
[00:07:32] .SeaAunt97287803 sold 4x items [4x DEEPSLATE] and earned 1.6800000000000002 (multiplier: 1.5, uses: 0)
[01:06:48] [ShulkerFix] Gothex53 sold 55328x items [32x SHULKER_BOX, 54208x COMPASS, 1088x CLOCK] from shulker boxes and earned 4,036,160 (multiplier: 2.0)
[01:06:48] Gothex53 sold 5x items [5x NAME_TAG] and earned 2000.0 (multiplier: 2.0, uses: 22)
[01:09:37] gyzoxx sold 487x items [487x LEAD] and earned 3068.1001219153404 (multiplier: 1.2, uses: 24)
[01:09:43] gyzoxx sold 707x items [707x LEAD] and earned 4454.100176990032 (multiplier: 1.2, uses: 23)
[01:09:49] gyzoxx sold 1669x items [1664x LEAD, 5x WHITE_WOOL] and earned 10483.860416591167 (multiplier: 1.2, uses: 22)
[01:09:54] gyzoxx sold 1640x items [1640x LEAD] and earned 10332.000410556793 (multiplier: 1.2, uses: 21)
[03:06:24] gyzoxx sold 980x items [980x LEAD] and earned 6174.000245332718 (multiplier: 1.2, uses: 20)
[03:06:30] gyzoxx sold 123x items [123x LEAD] and earned 774.9000307917595 (multiplier: 1.2, uses: 19)
[03:07:21] .Fratagne sold 684x items [684x CLOCK] and earned 102600.0 (multiplier: 1.5, uses: 24)
[03:07:43] .Fratagne sold 2937x items [2937x LEAD] and earned 23128.875 (multiplier: 1.5, uses: 23)
[03:07:49] .Fratagne sold 2511x items [2511x LEAD] and earned 19774.125 (multiplier: 1.5, uses: 22)
[03:07:54] .Fratagne sold 3456x items [3456x LEAD] and earned 27216.0 (multiplier: 1.5, uses: 21)
[03:08:00] .Fratagne sold 3456x items [3456x LEAD] and earned 27216.0 (multiplier: 1.5, uses: 20)
[03:08:05] .Fratagne sold 3456x items [3456x LEAD] and earned 27216.0 (multiplier: 1.5, uses: 19)
[03:08:20] .Fratagne sold 3456x items [3456x LEAD] and earned 27216.0 (multiplier: 1.5, uses: 18)
[03:08:31] .Fratagne sold 1728x items [1728x GHAST_TEAR] and earned 25920.0 (multiplier: 1.5, uses: 17)
[03:08:39] [ShulkerFix] .Fratagne sold 353x items [1x SHULKER_BOX, 352x ENDER_PEARL] from shulker boxes and earned 1,486.5 (multiplier: 1.5)
[03:08:39] .Fratagne sold 416x items [416x ENDER_PEARL] and earned 1092.0 (multiplier: 1.5, uses: 16)
[03:08:43] [ShulkerFix] .Fratagne sold 1729x items [1x SHULKER_BOX, 1728x GUNPOWDER] from shulker boxes and earned 8,338.5 (multiplier: 1.5)
[03:08:44] .Fratagne sold 1666x items [1666x GUNPOWDER] and earned 7497.0 (multiplier: 1.5, uses: 15)
[10:57:03] [ShulkerFix] Mc_Croquettes sold 3458x items [2x SHULKER_BOX, 3456x LEAD] from shulker boxes and earned 18,894 (multiplier: 1.0, uses: 9)
[11:26:38] [ShulkerFix] nichloper sold 93366x items [54x SHULKER_BOX, 17728x PRISMARINE_CRYSTALS, 17280x COD, 58304x PRISMARINE_SHARD] from shulker boxes and earned 1,190,295 (multiplier: 1.5, uses: 24)
[11:26:53] [ShulkerFix] nichloper sold 17290x items [10x SHULKER_BOX, 3264x PRISMARINE_CRYSTALS, 3328x COD, 10688x PRISMARINE_SHARD] from shulker boxes and earned 218,649 (multiplier: 1.5, uses: 23)
[15:24:36] [ShulkerFix] jomami24 sold 93366x items [54x SHULKER_BOX, 93312x LEAD] from shulker boxes and earned 561,151.81 (multiplier: 1.1, uses: 14)
[15:24:50] [ShulkerFix] jomami24 sold 93366x items [54x SHULKER_BOX, 93312x LEAD] from shulker boxes and earned 561,151.81 (multiplier: 1.1, uses: 13)
[15:24:52] [ShulkerFix] jomami24 sold 93366x items [54x SHULKER_BOX, 93312x LEAD] from shulker boxes and earned 561,151.81 (multiplier: 1.1, uses: 12)
[15:24:54] [ShulkerFix] jomami24 sold 93366x items [54x SHULKER_BOX, 93312x LEAD] from shulker boxes and earned 561,151.81 (multiplier: 1.1, uses: 11)
[15:24:54] [ShulkerFix] jomami24 sold 93366x items [54x SHULKER_BOX, 93312x LEAD] from shulker boxes and earned 561,151.81 (multiplier: 1.1, uses: 10)
[15:24:58] [ShulkerFix] jomami24 sold 89908x items [52x SHULKER_BOX, 89856x LEAD] from shulker boxes and earned 540,368.41 (multiplier: 1.1, uses: 9)
[15:25:01] [ShulkerFix] jomami24 sold 93366x items [54x SHULKER_BOX, 93312x LEAD] from shulker boxes and earned 561,151.81 (multiplier: 1.1, uses: 8)
[15:25:05] [ShulkerFix] jomami24 sold 93366x items [54x SHULKER_BOX, 93312x LEAD] from shulker boxes and earned 561,151.81 (multiplier: 1.1, uses: 7)
[15:27:05] [ShulkerFix] jomami24 sold 93366x items [54x SHULKER_BOX, 93312x CRIMSON_ROOTS] from shulker boxes and earned 315,750.95 (multiplier: 1.4, uses: 24)
[15:27:05] [ShulkerFix] jomami24 sold 93366x items [54x SHULKER_BOX, 93312x CRIMSON_ROOTS] from shulker boxes and earned 315,750.95 (multiplier: 1.4, uses: 23)
[15:27:06] [ShulkerFix] jomami24 sold 93366x items [54x SHULKER_BOX, 93312x CRIMSON_ROOTS] from shulker boxes and earned 315,750.95 (multiplier: 1.4, uses: 22)
[15:27:06] [ShulkerFix] jomami24 sold 93366x items [54x SHULKER_BOX, 93312x CRIMSON_ROOTS] from shulker boxes and earned 315,750.95 (multiplier: 1.4, uses: 21)
[15:27:06] [ShulkerFix] jomami24 sold 93366x items [54x SHULKER_BOX, 93312x CRIMSON_ROOTS] from shulker boxes and earned 315,750.95 (multiplier: 1.4, uses: 20)
[15:27:07] [ShulkerFix] jomami24 sold 93366x items [54x SHULKER_BOX, 93312x CRIMSON_ROOTS] from shulker boxes and earned 315,750.95 (multiplier: 1.4, uses: 19)
[15:27:07] [ShulkerFix] jomami24 sold 93366x items [54x SHULKER_BOX, 93312x CRIMSON_ROOTS] from shulker boxes and earned 315,750.95 (multiplier: 1.4, uses: 18)
[15:27:07] [ShulkerFix] jomami24 sold 93366x items [54x SHULKER_BOX, 93312x CRIMSON_ROOTS] from shulker boxes and earned 315,750.95 (multiplier: 1.4, uses: 17)
[15:27:08] [ShulkerFix] jomami24 sold 93366x items [54x SHULKER_BOX, 93312x CRIMSON_ROOTS] from shulker boxes and earned 315,750.95 (multiplier: 1.4, uses: 16)
[15:27:08] [ShulkerFix] jomami24 sold 93366x items [54x SHULKER_BOX, 93312x CRIMSON_ROOTS] from shulker boxes and earned 315,750.95 (multiplier: 1.4, uses: 15)
[15:27:08] [ShulkerFix] jomami24 sold 93366x items [54x SHULKER_BOX, 93312x CRIMSON_ROOTS] from shulker boxes and earned 315,750.95 (multiplier: 1.4, uses: 14)
[15:27:09] [ShulkerFix] jomami24 sold 93366x items [54x SHULKER_BOX, 93312x CRIMSON_ROOTS] from shulker boxes and earned 315,750.95 (multiplier: 1.4, uses: 13)
[15:27:09] [ShulkerFix] jomami24 sold 93366x items [54x SHULKER_BOX, 93312x CRIMSON_ROOTS] from shulker boxes and earned 315,750.95 (multiplier: 1.4, uses: 12)
[15:27:09] [ShulkerFix] jomami24 sold 93366x items [54x SHULKER_BOX, 93312x CRIMSON_ROOTS] from shulker boxes and earned 315,750.95 (multiplier: 1.4, uses: 11)
[15:27:10] [ShulkerFix] jomami24 sold 93366x items [54x SHULKER_BOX, 93312x CRIMSON_ROOTS] from shulker boxes and earned 315,750.95 (multiplier: 1.4, uses: 10)
[15:27:10] [ShulkerFix] jomami24 sold 93366x items [54x SHULKER_BOX, 93312x CRIMSON_ROOTS] from shulker boxes and earned 315,750.95 (multiplier: 1.4, uses: 9)
[15:27:10] [ShulkerFix] jomami24 sold 93366x items [54x SHULKER_BOX, 93312x CRIMSON_ROOTS] from shulker boxes and earned 315,750.95 (multiplier: 1.4, uses: 8)
[15:27:11] [ShulkerFix] jomami24 sold 93366x items [54x SHULKER_BOX, 93312x CRIMSON_ROOTS] from shulker boxes and earned 315,750.95 (multiplier: 1.4, uses: 7)
[20:32:38] [ShulkerFix] jomami24 sold 93366x items [93312x CRIMSON_ROOTS, 54x SHULKER_BOX] from shulker boxes and earned 270,643.69 (multiplier: 1.2, uses: 14)
[20:32:38] [ShulkerFix] jomami24 sold 93366x items [93312x CRIMSON_ROOTS, 54x SHULKER_BOX] from shulker boxes and earned 270,643.69 (multiplier: 1.2, uses: 13)
[20:32:38] [ShulkerFix] jomami24 sold 93366x items [93312x CRIMSON_ROOTS, 54x SHULKER_BOX] from shulker boxes and earned 270,643.69 (multiplier: 1.2, uses: 12)
[20:32:39] [ShulkerFix] jomami24 sold 93366x items [93312x CRIMSON_ROOTS, 54x SHULKER_BOX] from shulker boxes and earned 270,643.69 (multiplier: 1.2, uses: 11)
[20:32:39] [ShulkerFix] jomami24 sold 93366x items [93312x CRIMSON_ROOTS, 54x SHULKER_BOX] from shulker boxes and earned 270,643.69 (multiplier: 1.2, uses: 10)
[20:32:39] [ShulkerFix] jomami24 sold 93366x items [93312x CRIMSON_ROOTS, 54x SHULKER_BOX] from shulker boxes and earned 270,643.69 (multiplier: 1.2, uses: 9)
[20:32:40] [ShulkerFix] jomami24 sold 93366x items [93312x CRIMSON_ROOTS, 54x SHULKER_BOX] from shulker boxes and earned 270,643.69 (multiplier: 1.2, uses: 8)
[20:32:40] [ShulkerFix] jomami24 sold 93366x items [93312x CRIMSON_ROOTS, 54x SHULKER_BOX] from shulker boxes and earned 270,643.69 (multiplier: 1.2, uses: 7)
[20:35:54] [ShulkerFix] jomami24 sold 93366x items [54x SHULKER_BOX, 93312x LEAD] from shulker boxes and earned 714,193.19 (multiplier: 1.4, uses: 6)
[20:35:54] [ShulkerFix] jomami24 sold 93366x items [54x SHULKER_BOX, 93312x LEAD] from shulker boxes and earned 714,193.19 (multiplier: 1.4, uses: 5)
[20:35:55] [ShulkerFix] jomami24 sold 93366x items [54x SHULKER_BOX, 93312x LEAD] from shulker boxes and earned 714,193.19 (multiplier: 1.4, uses: 4)
[20:35:55] [ShulkerFix] jomami24 sold 93366x items [54x SHULKER_BOX, 93312x LEAD] from shulker boxes and earned 714,193.19 (multiplier: 1.4, uses: 3)
[20:35:56] [ShulkerFix] jomami24 sold 93366x items [54x SHULKER_BOX, 93312x LEAD] from shulker boxes and earned 714,193.19 (multiplier: 1.4, uses: 2)
[20:35:56] [ShulkerFix] jomami24 sold 93366x items [54x SHULKER_BOX, 93312x LEAD] from shulker boxes and earned 714,193.19 (multiplier: 1.4, uses: 1)
[20:35:56] [ShulkerFix] jomami24 sold 93366x items [54x SHULKER_BOX, 93312x LEAD] from shulker boxes and earned 714,193.19 (multiplier: 1.4, uses: 0)
[20:35:58] [ShulkerFix] jomami24 sold 93366x items [54x SHULKER_BOX, 93312x LEAD] from shulker boxes and earned 612,165.62 (multiplier: 1.2, uses: 6)
[20:57:20] [ShulkerFix] qmw8 sold 93366x items [93312x SEA_PICKLE, 54x SHULKER_BOX] from shulker boxes and earned 408,288.6 (multiplier: 1.5, uses: 24)
[20:57:24] [ShulkerFix] qmw8 sold 93366x items [93312x SEA_PICKLE, 54x SHULKER_BOX] from shulker boxes and earned 408,288.6 (multiplier: 1.5, uses: 23)
[20:57:28] [ShulkerFix] qmw8 sold 93366x items [93312x SEA_PICKLE, 54x SHULKER_BOX] from shulker boxes and earned 408,288.6 (multiplier: 1.5, uses: 22)
[20:57:30] [ShulkerFix] qmw8 sold 93366x items [93312x SEA_PICKLE, 54x SHULKER_BOX] from shulker boxes and earned 408,288.6 (multiplier: 1.5, uses: 21)
[20:57:34] [ShulkerFix] qmw8 sold 93366x items [93312x SEA_PICKLE, 54x SHULKER_BOX] from shulker boxes and earned 408,288.6 (multiplier: 1.5, uses: 20)
[20:57:36] [ShulkerFix] qmw8 sold 93366x items [93312x SEA_PICKLE, 54x SHULKER_BOX] from shulker boxes and earned 408,288.6 (multiplier: 1.5, uses: 19)
[20:57:41] [ShulkerFix] qmw8 sold 93366x items [93312x SEA_PICKLE, 54x SHULKER_BOX] from shulker boxes and earned 408,288.6 (multiplier: 1.5, uses: 18)
[20:57:59] [ShulkerFix] qmw8 sold 93366x items [93312x SEA_PICKLE, 54x SHULKER_BOX] from shulker boxes and earned 408,288.6 (multiplier: 1.5, uses: 17)
[20:58:16] [ShulkerFix] qmw8 sold 93366x items [93312x SEA_PICKLE, 54x SHULKER_BOX] from shulker boxes and earned 408,288.6 (multiplier: 1.5, uses: 16)
[20:58:20] [ShulkerFix] qmw8 sold 93366x items [93312x SEA_PICKLE, 54x SHULKER_BOX] from shulker boxes and earned 408,288.6 (multiplier: 1.5, uses: 15)
[20:59:09] [ShulkerFix] qmw8 sold 93366x items [93312x SEA_PICKLE, 54x SHULKER_BOX] from shulker boxes and earned 408,288.6 (multiplier: 1.5, uses: 14)
[20:59:14] [ShulkerFix] qmw8 sold 93366x items [93312x SEA_PICKLE, 54x SHULKER_BOX] from shulker boxes and earned 408,288.6 (multiplier: 1.5, uses: 13)
[20:59:14] [ShulkerFix] qmw8 sold 93366x items [93312x SEA_PICKLE, 54x SHULKER_BOX] from shulker boxes and earned 408,288.6 (multiplier: 1.5, uses: 12)
[20:59:15] [ShulkerFix] qmw8 sold 93366x items [93312x SEA_PICKLE, 54x SHULKER_BOX] from shulker boxes and earned 408,288.6 (multiplier: 1.5, uses: 11)
[20:59:19] [ShulkerFix] qmw8 sold 93366x items [93312x SEA_PICKLE, 54x SHULKER_BOX] from shulker boxes and earned 408,288.6 (multiplier: 1.5, uses: 10)
[20:59:19] [ShulkerFix] qmw8 sold 93366x items [93312x SEA_PICKLE, 54x SHULKER_BOX] from shulker boxes and earned 408,288.6 (multiplier: 1.5, uses: 9)
[20:59:35] [ShulkerFix] qmw8 sold 93366x items [93312x SEA_PICKLE, 54x SHULKER_BOX] from shulker boxes and earned 408,288.6 (multiplier: 1.5, uses: 8)
[20:59:35] [ShulkerFix] qmw8 sold 93366x items [93312x SEA_PICKLE, 54x SHULKER_BOX] from shulker boxes and earned 408,288.6 (multiplier: 1.5, uses: 7)
[20:59:55] [ShulkerFix] qmw8 sold 93366x items [93312x SEA_PICKLE, 54x SHULKER_BOX] from shulker boxes and earned 408,288.6 (multiplier: 1.5, uses: 6)
[21:00:16] [ShulkerFix] qmw8 sold 93366x items [93312x SEA_PICKLE, 54x SHULKER_BOX] from shulker boxes and earned 408,288.6 (multiplier: 1.5, uses: 5)
[22:03:20] [ShulkerFix] Yandere_Ethy sold 8645x items [7680x CRIMSON_ROOTS, 960x CRIMSON_FUNGUS, 5x SHULKER_BOX] from shulker boxes and earned 21,915.3 (multiplier: 1.1, uses: 9)
[23:09:29] Yandere_Ethy sold 753x items [1x WHITE_WOOL, 752x LEAD] and earned 4342.921094130277 (multiplier: 1.1, uses: 8)
[23:09:35] Yandere_Ethy sold 830x items [2x WHITE_WOOL, 828x LEAD] and earned 4781.942103645802 (multiplier: 1.1, uses: 7)
[23:09:40] Yandere_Ethy sold 776x items [4x WHITE_WOOL, 772x LEAD] and earned 4458.784096641541 (multiplier: 1.1, uses: 6)
[23:59:16] [ShulkerFix] Gothex53 sold 38038x items [384x CLOCK, 22x SHULKER_BOX, 37632x COMPASS] from shulker boxes and earned 2,727,540 (multiplier: 2.0)
[23:59:16] Gothex53 sold 4x items [4x NAME_TAG] and earned 1600.0 (multiplier: 2.0, uses: 21)
