[00:09:49] .Fratagne sold 1299x items [1299x LEAD] and earned 10229.625 (multiplier: 1.5, uses: 14)
[00:09:56] .Fratagne sold 1290x items [1290x LEAD] and earned 10158.75 (multiplier: 1.5, uses: 13)
[00:10:02] .Fratagne sold 3456x items [3456x LEAD] and earned 27216.0 (multiplier: 1.5, uses: 12)
[00:10:30] .Fratagne sold 3456x items [3456x LEAD] and earned 27216.0 (multiplier: 1.5, uses: 11)
[00:11:08] .Fratagne sold 3456x items [3456x LEAD] and earned 27216.0 (multiplier: 1.5, uses: 10)
[00:11:14] .Fratagne sold 3456x items [3456x LEAD] and earned 27216.0 (multiplier: 1.5, uses: 9)
[00:11:20] .Fratagne sold 3456x items [3456x LEAD] and earned 27216.0 (multiplier: 1.5, uses: 8)
[00:11:26] .Fratagne sold 3456x items [3456x LEAD] and earned 27216.0 (multiplier: 1.5, uses: 7)
[00:11:37] .Fratagne sold 3456x items [3456x LEAD] and earned 27216.0 (multiplier: 1.5, uses: 6)
[00:11:53] .Fratagne sold 3456x items [3456x LEAD] and earned 27216.0 (multiplier: 1.5, uses: 5)
[00:11:58] .Fratagne sold 3456x items [3456x LEAD] and earned 27216.0 (multiplier: 1.5, uses: 4)
[00:12:04] .Fratagne sold 3456x items [3456x LEAD] and earned 27216.0 (multiplier: 1.5, uses: 3)
[00:15:36] .Fratagne sold 400x items [400x CLOCK] and earned 60000.0 (multiplier: 1.5, uses: 2)
[02:52:04] [ShulkerFix] qmw8 sold 93366x items [93312x SEA_PICKLE, 54x SHULKER_BOX] from shulker boxes and earned 408,288.6 (multiplier: 1.5, uses: 4)
[02:52:07] [ShulkerFix] qmw8 sold 93366x items [93312x SEA_PICKLE, 54x SHULKER_BOX] from shulker boxes and earned 408,288.6 (multiplier: 1.5, uses: 3)
[02:52:29] [ShulkerFix] qmw8 sold 93366x items [93312x SEA_PICKLE, 54x SHULKER_BOX] from shulker boxes and earned 408,288.6 (multiplier: 1.5, uses: 2)
[02:52:52] [ShulkerFix] qmw8 sold 93366x items [93312x SEA_PICKLE, 54x SHULKER_BOX] from shulker boxes and earned 408,288.6 (multiplier: 1.5, uses: 1)
[02:52:57] [ShulkerFix] qmw8 sold 93366x items [93312x SEA_PICKLE, 54x SHULKER_BOX] from shulker boxes and earned 408,288.6 (multiplier: 1.5, uses: 0)
[03:39:07] [ShulkerFix] jomami24 sold 93366x items [54x SHULKER_BOX, 93312x LEAD] from shulker boxes and earned 612,165.62 (multiplier: 1.2, uses: 5)
[03:39:13] [ShulkerFix] jomami24 sold 93366x items [54x SHULKER_BOX, 93312x LEAD] from shulker boxes and earned 612,165.62 (multiplier: 1.2, uses: 4)
[03:39:27] [ShulkerFix] jomami24 sold 93366x items [54x SHULKER_BOX, 93312x LEAD] from shulker boxes and earned 612,165.62 (multiplier: 1.2, uses: 3)
[03:39:38] [ShulkerFix] jomami24 sold 93366x items [54x SHULKER_BOX, 93312x LEAD] from shulker boxes and earned 612,165.62 (multiplier: 1.2, uses: 2)
[03:41:50] [ShulkerFix] jomami24 sold 93366x items [54x SHULKER_BOX, 93312x LEAD] from shulker boxes and earned 765,207 (multiplier: 1.5, uses: 24)
[03:42:11] [ShulkerFix] jomami24 sold 93366x items [54x SHULKER_BOX, 93312x LEAD] from shulker boxes and earned 765,207 (multiplier: 1.5, uses: 23)
[03:42:29] [ShulkerFix] jomami24 sold 93366x items [54x SHULKER_BOX, 93312x LEAD] from shulker boxes and earned 765,207 (multiplier: 1.5, uses: 22)
[03:43:11] [ShulkerFix] jomami24 sold 93366x items [54x SHULKER_BOX, 93312x LEAD] from shulker boxes and earned 765,207 (multiplier: 1.5, uses: 21)
[04:07:59] [ShulkerFix] .SeaAunt97287803 sold 91539x items [91456x SEA_PICKLE, 54x SHULKER_BOX, 29x WHITE_DYE] from shulker boxes and earned 400,774.41 (multiplier: 1.5, uses: 24)
[11:42:21] [ShulkerFix] nichloper sold 93366x items [17536x COD, 17536x PRISMARINE_CRYSTALS, 54x SHULKER_BOX, 58240x PRISMARINE_SHARD] from shulker boxes and earned 1,186,743 (multiplier: 1.5, uses: 22)
[11:53:11] [ShulkerFix] gyzoxx sold 93366x items [54x SHULKER_BOX, 93312x LEAD] from shulker boxes and earned 765,207 (multiplier: 1.5, uses: 1)
[11:53:16] [ShulkerFix] gyzoxx sold 93366x items [54x SHULKER_BOX, 93312x LEAD] from shulker boxes and earned 765,207 (multiplier: 1.5, uses: 0)
[11:53:31] [ShulkerFix] gyzoxx sold 93366x items [54x SHULKER_BOX, 93312x LEAD] from shulker boxes and earned 714,193.19 (multiplier: 1.4, uses: 4)
[11:53:41] [ShulkerFix] gyzoxx sold 93366x items [54x SHULKER_BOX, 93312x LEAD] from shulker boxes and earned 714,193.19 (multiplier: 1.4, uses: 3)
[11:53:46] [ShulkerFix] gyzoxx sold 93366x items [54x SHULKER_BOX, 93312x LEAD] from shulker boxes and earned 714,193.19 (multiplier: 1.4, uses: 2)
[11:54:01] [ShulkerFix] gyzoxx sold 93366x items [54x SHULKER_BOX, 93312x LEAD] from shulker boxes and earned 714,193.19 (multiplier: 1.4, uses: 1)
[11:54:12] [ShulkerFix] gyzoxx sold 93366x items [54x SHULKER_BOX, 93312x LEAD] from shulker boxes and earned 714,193.19 (multiplier: 1.4, uses: 0)
[11:54:28] [ShulkerFix] gyzoxx sold 93366x items [54x SHULKER_BOX, 93312x LEAD] from shulker boxes and earned 612,165.62 (multiplier: 1.2, uses: 18)
[13:25:49] [ShulkerFix] slo_wzy sold 34580x items [3456x BLACK_WOOL, 20x SHULKER_BOX, 31104x LEAD] from shulker boxes and earned 386,174.4 (multiplier: 2.0, uses: 24)
[13:25:54] [ShulkerFix] slo_wzy sold 93325x items [12096x BLACK_WOOL, 54x SHULKER_BOX, 34519x COMPASS, 46656x LEAD] from shulker boxes and earned 3,102,756.4 (multiplier: 2.0, uses: 23)
[14:18:55] [ShulkerFix] .SeaAunt97287803 sold 89908x items [89856x SEA_PICKLE, 52x SHULKER_BOX] from shulker boxes and earned 393,166.8 (multiplier: 1.5)
[14:18:55] .SeaAunt97287803 sold 65x items [65x SEA_PICKLE] and earned 263.25000000000006 (multiplier: 1.5, uses: 23)
[14:19:16] [ShulkerFix] .SeaAunt97287803 sold 93366x items [93312x SEA_PICKLE, 54x SHULKER_BOX] from shulker boxes and earned 408,288.6 (multiplier: 1.5, uses: 22)
[14:19:29] [ShulkerFix] .SeaAunt97287803 sold 91637x items [91584x SEA_PICKLE, 53x SHULKER_BOX] from shulker boxes and earned 400,727.7 (multiplier: 1.5, uses: 21)
[14:19:58] [ShulkerFix] .SeaAunt97287803 sold 91637x items [91584x SEA_PICKLE, 53x SHULKER_BOX] from shulker boxes and earned 400,727.7 (multiplier: 1.5, uses: 20)
[14:20:43] [ShulkerFix] .SeaAunt97287803 sold 93366x items [93312x SEA_PICKLE, 54x SHULKER_BOX] from shulker boxes and earned 408,288.6 (multiplier: 1.5, uses: 19)
[14:20:50] [ShulkerFix] .SeaAunt97287803 sold 93366x items [93312x SEA_PICKLE, 54x SHULKER_BOX] from shulker boxes and earned 408,288.6 (multiplier: 1.5, uses: 18)
[14:21:01] [ShulkerFix] .SeaAunt97287803 sold 93366x items [93312x SEA_PICKLE, 54x SHULKER_BOX] from shulker boxes and earned 408,288.6 (multiplier: 1.5, uses: 17)
[14:21:06] [ShulkerFix] .SeaAunt97287803 sold 91637x items [91584x SEA_PICKLE, 53x SHULKER_BOX] from shulker boxes and earned 400,727.7 (multiplier: 1.5, uses: 16)
[14:21:46] [ShulkerFix] .SeaAunt97287803 sold 93366x items [93312x SEA_PICKLE, 54x SHULKER_BOX] from shulker boxes and earned 408,288.6 (multiplier: 1.5, uses: 15)
[14:22:11] [ShulkerFix] .SeaAunt97287803 sold 89908x items [89856x SEA_PICKLE, 52x SHULKER_BOX] from shulker boxes and earned 393,166.8 (multiplier: 1.5, uses: 14)
[15:22:32] gyzoxx sold 912x items [912x LEAD] and earned 5745.600228309631 (multiplier: 1.2, uses: 17)
[15:23:14] [ShulkerFix] gyzoxx sold 93366x items [93312x CRIMSON_ROOTS, 54x SHULKER_BOX] from shulker boxes and earned 270,643.69 (multiplier: 1.2, uses: 16)
[15:23:16] [ShulkerFix] gyzoxx sold 93366x items [93312x CRIMSON_ROOTS, 54x SHULKER_BOX] from shulker boxes and earned 270,643.69 (multiplier: 1.2, uses: 15)
[15:23:27] [ShulkerFix] gyzoxx sold 93366x items [93312x CRIMSON_ROOTS, 54x SHULKER_BOX] from shulker boxes and earned 270,643.69 (multiplier: 1.2, uses: 14)
[15:56:07] [ShulkerFix] gyzoxx sold 93366x items [93312x CRIMSON_ROOTS, 54x SHULKER_BOX] from shulker boxes and earned 270,643.69 (multiplier: 1.2, uses: 13)
[16:17:39] [ShulkerFix] .SeaAunt97287803 sold 93366x items [93312x SEA_PICKLE, 54x SHULKER_BOX] from shulker boxes and earned 408,288.6 (multiplier: 1.5, uses: 13)
[16:17:43] [ShulkerFix] .SeaAunt97287803 sold 93366x items [93312x SEA_PICKLE, 54x SHULKER_BOX] from shulker boxes and earned 408,288.6 (multiplier: 1.5, uses: 12)
[16:18:08] [ShulkerFix] .SeaAunt97287803 sold 91637x items [91584x SEA_PICKLE, 53x SHULKER_BOX] from shulker boxes and earned 400,727.7 (multiplier: 1.5, uses: 11)
[16:57:22] [ShulkerFix] .SeaAunt97287803 sold 93366x items [93312x SEA_PICKLE, 54x SHULKER_BOX] from shulker boxes and earned 408,288.6 (multiplier: 1.5, uses: 10)
[17:53:01] gyzoxx sold 80x items [80x LEAD] and earned 504.00002002716064 (multiplier: 1.2, uses: 12)
[17:53:06] gyzoxx sold 826x items [826x LEAD] and earned 5203.800206780434 (multiplier: 1.2, uses: 11)
[17:53:13] gyzoxx sold 1442x items [1442x LEAD] and earned 9084.60036098957 (multiplier: 1.2, uses: 10)
[17:53:18] gyzoxx sold 1621x items [1621x LEAD] and earned 10212.300405800343 (multiplier: 1.2, uses: 9)
[18:36:20] jermagaming sold 620x items [620x LEAD] and earned 3255.0 (multiplier: 1.0, uses: 14)
[18:36:27] jermagaming sold 3135x items [3135x LEAD] and earned 16458.75 (multiplier: 1.0, uses: 13)
[18:45:47] [ShulkerFix] qmw8 sold 93366x items [93312x SEA_PICKLE, 54x SHULKER_BOX] from shulker boxes and earned 544,384.8 (multiplier: 2.0, uses: 24)
[18:45:51] [ShulkerFix] qmw8 sold 93366x items [93312x SEA_PICKLE, 54x SHULKER_BOX] from shulker boxes and earned 544,384.8 (multiplier: 2.0, uses: 23)
[18:46:00] [ShulkerFix] qmw8 sold 93366x items [93312x SEA_PICKLE, 54x SHULKER_BOX] from shulker boxes and earned 544,384.8 (multiplier: 2.0, uses: 22)
[18:46:00] [ShulkerFix] qmw8 sold 93366x items [93312x SEA_PICKLE, 54x SHULKER_BOX] from shulker boxes and earned 544,384.8 (multiplier: 2.0, uses: 21)
[18:46:04] [ShulkerFix] qmw8 sold 93366x items [93312x SEA_PICKLE, 54x SHULKER_BOX] from shulker boxes and earned 544,384.8 (multiplier: 2.0, uses: 20)
[18:46:05] [ShulkerFix] qmw8 sold 93366x items [93312x SEA_PICKLE, 54x SHULKER_BOX] from shulker boxes and earned 544,384.8 (multiplier: 2.0, uses: 19)
[18:46:07] [ShulkerFix] qmw8 sold 93366x items [93312x SEA_PICKLE, 54x SHULKER_BOX] from shulker boxes and earned 544,384.8 (multiplier: 2.0, uses: 18)
[18:46:12] [ShulkerFix] qmw8 sold 93366x items [93312x SEA_PICKLE, 54x SHULKER_BOX] from shulker boxes and earned 544,384.8 (multiplier: 2.0, uses: 17)
[18:46:12] [ShulkerFix] qmw8 sold 93366x items [93312x SEA_PICKLE, 54x SHULKER_BOX] from shulker boxes and earned 544,384.8 (multiplier: 2.0, uses: 16)
[18:46:13] [ShulkerFix] qmw8 sold 93366x items [93312x SEA_PICKLE, 54x SHULKER_BOX] from shulker boxes and earned 544,384.8 (multiplier: 2.0, uses: 15)
[18:46:13] [ShulkerFix] qmw8 sold 93366x items [93312x SEA_PICKLE, 54x SHULKER_BOX] from shulker boxes and earned 544,384.8 (multiplier: 2.0, uses: 14)
[18:46:14] [ShulkerFix] qmw8 sold 27664x items [27648x SEA_PICKLE, 16x SHULKER_BOX] from shulker boxes and earned 161,299.2 (multiplier: 2.0, uses: 13)
[18:46:22] [ShulkerFix] qmw8 sold 93366x items [93312x SEA_PICKLE, 54x SHULKER_BOX] from shulker boxes and earned 544,384.8 (multiplier: 2.0, uses: 12)
[18:46:36] [ShulkerFix] qmw8 sold 93366x items [93312x SEA_PICKLE, 54x SHULKER_BOX] from shulker boxes and earned 544,384.8 (multiplier: 2.0, uses: 11)
[18:46:42] [ShulkerFix] qmw8 sold 93366x items [93312x SEA_PICKLE, 54x SHULKER_BOX] from shulker boxes and earned 544,384.8 (multiplier: 2.0, uses: 10)
[18:47:00] [ShulkerFix] qmw8 sold 93366x items [93312x SEA_PICKLE, 54x SHULKER_BOX] from shulker boxes and earned 544,384.8 (multiplier: 2.0, uses: 9)
[18:47:31] [ShulkerFix] qmw8 sold 93366x items [93312x SEA_PICKLE, 54x SHULKER_BOX] from shulker boxes and earned 544,384.8 (multiplier: 2.0, uses: 8)
[18:47:33] [ShulkerFix] qmw8 sold 93366x items [93312x SEA_PICKLE, 54x SHULKER_BOX] from shulker boxes and earned 544,384.8 (multiplier: 2.0, uses: 7)
[18:47:47] [ShulkerFix] qmw8 sold 93366x items [93312x SEA_PICKLE, 54x SHULKER_BOX] from shulker boxes and earned 544,384.8 (multiplier: 2.0, uses: 6)
[18:47:49] [ShulkerFix] qmw8 sold 93366x items [93312x SEA_PICKLE, 54x SHULKER_BOX] from shulker boxes and earned 544,384.8 (multiplier: 2.0, uses: 5)
[18:47:50] [ShulkerFix] qmw8 sold 93366x items [93312x SEA_PICKLE, 54x SHULKER_BOX] from shulker boxes and earned 544,384.8 (multiplier: 2.0, uses: 4)
[18:48:01] [ShulkerFix] qmw8 sold 93366x items [93312x SEA_PICKLE, 54x SHULKER_BOX] from shulker boxes and earned 544,384.8 (multiplier: 2.0, uses: 3)
[18:48:01] [ShulkerFix] qmw8 sold 93366x items [93312x SEA_PICKLE, 54x SHULKER_BOX] from shulker boxes and earned 544,384.8 (multiplier: 2.0, uses: 2)
[18:48:02] [ShulkerFix] qmw8 sold 93366x items [93312x SEA_PICKLE, 54x SHULKER_BOX] from shulker boxes and earned 544,384.8 (multiplier: 2.0, uses: 1)
[18:48:06] [ShulkerFix] qmw8 sold 93366x items [93312x SEA_PICKLE, 54x SHULKER_BOX] from shulker boxes and earned 544,384.8 (multiplier: 2.0, uses: 0)
[19:39:59] [ShulkerFix] .SeaAunt97287803 sold 93366x items [93312x SEA_PICKLE, 54x SHULKER_BOX] from shulker boxes and earned 408,288.6 (multiplier: 1.5, uses: 9)
[19:40:01] [ShulkerFix] .SeaAunt97287803 sold 93366x items [93312x SEA_PICKLE, 54x SHULKER_BOX] from shulker boxes and earned 408,288.6 (multiplier: 1.5, uses: 8)
[19:40:08] [ShulkerFix] .SeaAunt97287803 sold 93366x items [93312x SEA_PICKLE, 54x SHULKER_BOX] from shulker boxes and earned 408,288.6 (multiplier: 1.5, uses: 7)
[19:41:02] [ShulkerFix] .SeaAunt97287803 sold 93366x items [93312x SEA_PICKLE, 54x SHULKER_BOX] from shulker boxes and earned 408,288.6 (multiplier: 1.5, uses: 6)
[19:41:40] [ShulkerFix] .SeaAunt97287803 sold 60515x items [60480x SEA_PICKLE, 35x SHULKER_BOX] from shulker boxes and earned 264,631.5 (multiplier: 1.5, uses: 5)
[21:20:58] [ShulkerFix] gyzoxx sold 93366x items [54x SHULKER_BOX, 93312x LEAD] from shulker boxes and earned 612,165.62 (multiplier: 1.2, uses: 8)
[21:21:37] [ShulkerFix] gyzoxx sold 93366x items [54x SHULKER_BOX, 93312x LEAD] from shulker boxes and earned 612,165.62 (multiplier: 1.2, uses: 7)
[21:23:23] [ShulkerFix] gyzoxx sold 93366x items [54x SHULKER_BOX, 93312x LEAD] from shulker boxes and earned 612,165.62 (multiplier: 1.2, uses: 6)
[21:23:35] [ShulkerFix] gyzoxx sold 93366x items [54x SHULKER_BOX, 93312x LEAD] from shulker boxes and earned 612,165.62 (multiplier: 1.2, uses: 5)
[21:24:04] [ShulkerFix] gyzoxx sold 93366x items [54x SHULKER_BOX, 93312x LEAD] from shulker boxes and earned 612,165.62 (multiplier: 1.2, uses: 4)
[21:24:08] [ShulkerFix] gyzoxx sold 93366x items [54x SHULKER_BOX, 93312x LEAD] from shulker boxes and earned 612,165.62 (multiplier: 1.2, uses: 3)
[21:24:19] [ShulkerFix] gyzoxx sold 93366x items [54x SHULKER_BOX, 93312x LEAD] from shulker boxes and earned 612,165.62 (multiplier: 1.2, uses: 2)
[23:30:34] .Fratagne sold 3456x items [3456x LEAD] and earned 19958.40043258667 (multiplier: 1.1, uses: 9)
[23:30:40] .Fratagne sold 3456x items [3456x LEAD] and earned 19958.40043258667 (multiplier: 1.1, uses: 8)
[23:30:45] .Fratagne sold 3456x items [3456x LEAD] and earned 19958.40043258667 (multiplier: 1.1, uses: 7)
[23:30:50] .Fratagne sold 3456x items [3456x LEAD] and earned 19958.40043258667 (multiplier: 1.1, uses: 6)
[23:30:59] .Fratagne sold 3456x items [3456x LEAD] and earned 19958.40043258667 (multiplier: 1.1, uses: 5)
[23:31:04] .Fratagne sold 3456x items [3456x LEAD] and earned 19958.40043258667 (multiplier: 1.1, uses: 4)
[23:31:10] .Fratagne sold 3456x items [3456x LEAD] and earned 19958.40043258667 (multiplier: 1.1, uses: 3)
[23:31:15] .Fratagne sold 3456x items [3456x LEAD] and earned 19958.40043258667 (multiplier: 1.1, uses: 2)
[23:31:27] .Fratagne sold 3456x items [3456x LEAD] and earned 19958.40043258667 (multiplier: 1.1, uses: 1)
[23:31:32] .Fratagne sold 3456x items [3456x LEAD] and earned 19958.40043258667 (multiplier: 1.1, uses: 0)
[23:32:07] .Fratagne sold 3452x items [3452x LEAD] and earned 19935.30043208599 (multiplier: 1.1, uses: 9)
[23:32:12] .Fratagne sold 3444x items [3444x LEAD] and earned 19889.100431084633 (multiplier: 1.1, uses: 8)
[23:54:26] REMIFLASH sold 1875x items [1875x RESIN_CLUMP] and earned 9375.0 (multiplier: 1.0, uses: 1)
