[02:23:37] .Fratagne sold 3456x items [3456x LEAD] and earned 27216.0 (multiplier: 1.5, uses: 22)
[02:23:43] .Fratagne sold 3456x items [3456x LEAD] and earned 27216.0 (multiplier: 1.5, uses: 21)
[02:23:49] .Fratagne sold 3456x items [3456x LEAD] and earned 27216.0 (multiplier: 1.5, uses: 20)
[02:23:54] .Fratagne sold 3456x items [3456x LEAD] and earned 27216.0 (multiplier: 1.5, uses: 19)
[02:23:59] .Fratagne sold 3456x items [3456x LEAD] and earned 27216.0 (multiplier: 1.5, uses: 18)
[02:24:05] .Fratagne sold 3456x items [3456x LEAD] and earned 27216.0 (multiplier: 1.5, uses: 17)
[03:19:06] .Fratagne sold 6x items [6x CLOCK] and earned 900.0 (multiplier: 1.5, uses: 16)
[15:14:00] cinamm0n sold 1728x items [448x PRISMARINE_CRYSTALS, 1280x PRISMARINE_SHARD] and earned 17280.0 (multiplier: 1.0, uses: 18)
[15:32:45] .SeaAunt97287803 sold 3328x items [23x INK_SAC, 3305x COD] and earned 2527.05 (multiplier: 1.0, uses: 17)
[15:32:51] .SeaAunt97287803 sold 181x items [181x COD] and earned 135.75 (multiplier: 1.0, uses: 16)
[15:33:05] .SeaAunt97287803 sold 3354x items [26x INK_SAC, 3328x COD] and earned 2550.6000000000004 (multiplier: 1.0, uses: 15)
[15:33:10] .SeaAunt97287803 sold 3414x items [64x PRISMARINE_CRYSTALS, 22x INK_SAC, 3200x COD, 128x PRISMARINE_SHARD] and earned 4366.2 (multiplier: 1.0, uses: 14)
[15:33:17] .SeaAunt97287803 sold 2112x items [20x INK_SAC, 2092x COD] and earned 1611.0 (multiplier: 1.0, uses: 13)
[15:33:22] .SeaAunt97287803 sold 2700x items [12x INK_SAC, 2688x COD] and earned 2041.2 (multiplier: 1.0, uses: 12)
[15:33:27] .SeaAunt97287803 sold 622x items [1x INK_SAC, 621x COD] and earned 467.85 (multiplier: 1.0, uses: 11)
[18:31:08] [ShulkerFix] simpily_ sold 44954x items [26x SHULKER_BOX, 44928x RESIN_CLUMP] from shulker boxes and earned 281,268.01 (multiplier: 1.2, uses: 4)
[18:51:53] [ShulkerFix] Snipe227 sold 63973x items [37x SHULKER_BOX, 63936x RESIN_CLUMP] from shulker boxes and earned 500,332.5 (multiplier: 1.5, uses: 14)
[19:51:57] [ShulkerFix] ItsKnappyZ sold 93366x items [54x SHULKER_BOX, 93312x CRIMSON_ROOTS] from shulker boxes and earned 338,304.6 (multiplier: 1.5, uses: 6)
[19:52:07] [ShulkerFix] ItsKnappyZ sold 93366x items [54x SHULKER_BOX, 93312x CRIMSON_ROOTS] from shulker boxes and earned 338,304.6 (multiplier: 1.5, uses: 5)
[19:52:13] [ShulkerFix] ItsKnappyZ sold 93366x items [54x SHULKER_BOX, 93312x CRIMSON_ROOTS] from shulker boxes and earned 338,304.6 (multiplier: 1.5, uses: 4)
[19:52:18] [ShulkerFix] ItsKnappyZ sold 93366x items [54x SHULKER_BOX, 93312x CRIMSON_ROOTS] from shulker boxes and earned 338,304.6 (multiplier: 1.5, uses: 3)
[19:52:19] [ShulkerFix] ItsKnappyZ sold 93366x items [54x SHULKER_BOX, 93312x CRIMSON_ROOTS] from shulker boxes and earned 338,304.6 (multiplier: 1.5, uses: 2)
[19:52:45] [ShulkerFix] ItsKnappyZ sold 93366x items [54x SHULKER_BOX, 93312x CRIMSON_ROOTS] from shulker boxes and earned 338,304.6 (multiplier: 1.5, uses: 1)
[19:52:48] [ShulkerFix] ItsKnappyZ sold 93366x items [54x SHULKER_BOX, 93312x CRIMSON_ROOTS] from shulker boxes and earned 338,304.6 (multiplier: 1.5, uses: 0)
[20:03:20] Lecoll3gue sold 20x items [20x IRON_BLOCK] and earned 514.8000111579895 (multiplier: 1.1, uses: 9)
[23:25:49] [ShulkerFix] jomami24 sold 93366x items [54x SHULKER_BOX, 93312x LEAD] from shulker boxes and earned 765,207 (multiplier: 1.5, uses: 21)
[23:26:08] [ShulkerFix] jomami24 sold 93366x items [54x SHULKER_BOX, 93312x LEAD] from shulker boxes and earned 765,207 (multiplier: 1.5, uses: 20)
[23:26:27] [ShulkerFix] jomami24 sold 93366x items [54x SHULKER_BOX, 93312x LEAD] from shulker boxes and earned 765,207 (multiplier: 1.5, uses: 19)
[23:27:02] [ShulkerFix] jomami24 sold 93366x items [54x SHULKER_BOX, 93312x LEAD] from shulker boxes and earned 765,207 (multiplier: 1.5, uses: 18)
[23:27:16] [ShulkerFix] jomami24 sold 93366x items [54x SHULKER_BOX, 93312x LEAD] from shulker boxes and earned 765,207 (multiplier: 1.5, uses: 17)
