[00:19:40] Yandere_Ethy sold 1923x items [384x CRIMSON_FUNGUS, 1539x CRIMSON_ROOTS] and earned 4615.920183420181 (multiplier: 1.2, uses: 3)
[00:20:00] Yandere_Ethy sold 11x items [11x DRIED_KELP_BLOCK] and earned 112.20000445842743 (multiplier: 1.2, uses: 2)
[00:46:30] nichloper sold 3456x items [576x PRISMARINE_CRYSTALS, 768x COD, 2112x PRISMARINE_SHARD] and earned 30201.60065460205 (multiplier: 1.1, uses: 1)
[00:46:31] nichloper sold 3453x items [640x PRISMARINE_CRYSTALS, 637x COD, 2176x PRISMARINE_SHARD] and earned 28637.75 (multiplier: 1.0, uses: 15)
[00:46:37] nichloper sold 1022x items [166x PRISMARINE_CRYSTALS, 211x COD, 645x PRISMARINE_SHARD] and earned 9095.075197130442 (multiplier: 1.1, uses: 0)
[01:02:31] _Spxrky_ sold 3395x items [192x CRIMSON_FUNGUS, 3200x CRIMSON_ROOTS, 3x WARPED_FUNGUS] and earned 8727.000346779823 (multiplier: 1.2, uses: 1)
[01:02:40] Yandere_Ethy sold 3456x items [128x CRIMSON_FUNGUS, 3328x CRIMSON_ROOTS] and earned 8970.240356445312 (multiplier: 1.2, uses: 0)
[01:22:56] [ShulkerFix] gyzoxx sold 93366x items [54x SHULKER_BOX, 93312x LEAD] from shulker boxes and earned 765,207 (multiplier: 1.5, uses: 6)
[01:22:57] [ShulkerFix] gyzoxx sold 91798x items [54x SHULKER_BOX, 91744x LEAD] from shulker boxes and earned 752,859 (multiplier: 1.5, uses: 5)
[01:22:58] [ShulkerFix] gyzoxx sold 89910x items [54x SHULKER_BOX, 89856x LEAD] from shulker boxes and earned 737,991 (multiplier: 1.5, uses: 4)
[02:01:34] [ShulkerFix] gyzoxx sold 93366x items [54x SHULKER_BOX, 93312x LEAD] from shulker boxes and earned 765,207 (multiplier: 1.5, uses: 3)
[02:37:09] [ShulkerFix] CHAMALLOOO sold 93366x items [54x SHULKER_BOX, 93312x CRIMSON_ROOTS] from shulker boxes and earned 338,304.6 (multiplier: 1.5, uses: 22)
[02:37:09] [ShulkerFix] CHAMALLOOO sold 93366x items [54x SHULKER_BOX, 93312x CRIMSON_ROOTS] from shulker boxes and earned 338,304.6 (multiplier: 1.5, uses: 21)
[02:37:09] [ShulkerFix] CHAMALLOOO sold 93366x items [54x SHULKER_BOX, 93312x CRIMSON_ROOTS] from shulker boxes and earned 338,304.6 (multiplier: 1.5, uses: 20)
[03:27:07] CHAMALLOOO sold 996x items [64x DIAMOND_BLOCK, 512x CHEST, 12x IRON_INGOT, 29x OAK_LOG, 375x DIAMOND, 4x COPPER_BLOCK] and earned 15768.36 (multiplier: 1.5, uses: 19)
[04:04:09] [ShulkerFix] gyzoxx sold 93366x items [54x SHULKER_BOX, 93312x CRIMSON_ROOTS] from shulker boxes and earned 315,750.95 (multiplier: 1.4, uses: 4)
[04:06:11] [ShulkerFix] gyzoxx sold 93366x items [54x SHULKER_BOX, 93312x LEAD] from shulker boxes and earned 765,207 (multiplier: 1.5, uses: 2)
[04:06:11] [ShulkerFix] gyzoxx sold 93366x items [54x SHULKER_BOX, 93312x LEAD] from shulker boxes and earned 765,207 (multiplier: 1.5, uses: 1)
[04:08:02] [ShulkerFix] gyzoxx sold 93366x items [54x SHULKER_BOX, 93312x LEAD] from shulker boxes and earned 765,207 (multiplier: 1.5, uses: 0)
[04:28:02] WillBou sold 3403x items [24x COOKIE, 179x CRIMSON_FUNGUS, 3200x CRIMSON_ROOTS] and earned 7278.800000000006 (multiplier: 1.0, uses: 24)
[04:28:10] WillBou sold 37x items [37x CRIMSON_ROOTS] and earned 81.4 (multiplier: 1.0, uses: 23)
[04:28:16] WillBou sold 3449x items [448x CRIMSON_FUNGUS, 2810x CRIMSON_ROOTS, 191x WARPED_FUNGUS] and earned 6853.300000000006 (multiplier: 1.0, uses: 22)
[04:28:22] WillBou sold 3411x items [448x CRIMSON_FUNGUS, 2875x CRIMSON_ROOTS, 88x WARPED_FUNGUS] and earned 6924.200000000006 (multiplier: 1.0, uses: 21)
[04:28:28] WillBou sold 1777x items [1777x CRIMSON_ROOTS] and earned 3909.400000000002 (multiplier: 1.0, uses: 20)
[04:28:48] [ShulkerFix] WillBou sold 8x items [3x SHULKER_BOX, 4x SMOOTH_STONE, 1x CRIMSON_ROOTS] from shulker boxes and earned 1,129 (multiplier: 1.0)
[04:28:48] WillBou sold 136x items [7x DIORITE, 1x OAK_PLANKS, 64x BONE_MEAL, 1x COBBLESTONE, 63x CRIMSON_NYLIUM] and earned 65.93 (multiplier: 1.0, uses: 19)
[04:52:29] [ShulkerFix] CHAMALLOOO sold 91637x items [53x SHULKER_BOX, 91584x CRIMSON_ROOTS] from shulker boxes and earned 332,039.7 (multiplier: 1.5, uses: 18)
[14:11:28] nichloper sold 3456x items [576x PRISMARINE_CRYSTALS, 640x COD, 2240x PRISMARINE_SHARD] and earned 28640.0 (multiplier: 1.0, uses: 14)
[14:11:37] nichloper sold 3456x items [640x PRISMARINE_CRYSTALS, 704x COD, 2112x PRISMARINE_SHARD] and earned 28048.0 (multiplier: 1.0, uses: 13)
[14:11:43] nichloper sold 3456x items [640x PRISMARINE_CRYSTALS, 704x COD, 2112x PRISMARINE_SHARD] and earned 28048.0 (multiplier: 1.0, uses: 12)
[14:11:58] nichloper sold 3456x items [640x PRISMARINE_CRYSTALS, 704x COD, 2112x PRISMARINE_SHARD] and earned 28048.0 (multiplier: 1.0, uses: 11)
[14:12:08] nichloper sold 3456x items [704x PRISMARINE_CRYSTALS, 640x COD, 2112x PRISMARINE_SHARD] and earned 28640.0 (multiplier: 1.0, uses: 10)
[14:12:53] nichloper sold 3455x items [703x PRISMARINE_CRYSTALS, 640x COD, 2112x PRISMARINE_SHARD] and earned 28630.0 (multiplier: 1.0, uses: 9)
[14:12:54] nichloper sold 3456x items [640x PRISMARINE_CRYSTALS, 576x COD, 2240x PRISMARINE_SHARD] and earned 29232.0 (multiplier: 1.0, uses: 24)
[14:13:00] nichloper sold 3456x items [704x PRISMARINE_CRYSTALS, 576x COD, 2176x PRISMARINE_SHARD] and earned 29232.0 (multiplier: 1.0, uses: 8)
[14:13:01] nichloper sold 3450x items [634x PRISMARINE_CRYSTALS, 640x COD, 2176x PRISMARINE_SHARD] and earned 28580.0 (multiplier: 1.0, uses: 23)
[14:13:10] nichloper sold 3456x items [704x PRISMARINE_CRYSTALS, 640x COD, 2112x PRISMARINE_SHARD] and earned 28640.0 (multiplier: 1.0, uses: 7)
[14:13:11] nichloper sold 3456x items [640x PRISMARINE_CRYSTALS, 640x COD, 2176x PRISMARINE_SHARD] and earned 28640.0 (multiplier: 1.0, uses: 22)
[14:13:19] nichloper sold 3456x items [640x PRISMARINE_CRYSTALS, 640x COD, 2176x PRISMARINE_SHARD] and earned 28640.0 (multiplier: 1.0, uses: 6)
[14:13:20] nichloper sold 3456x items [704x PRISMARINE_CRYSTALS, 640x COD, 2112x PRISMARINE_SHARD] and earned 28640.0 (multiplier: 1.0, uses: 21)
[14:16:19] nichloper sold 3442x items [574x PRISMARINE_CRYSTALS, 692x COD, 2176x PRISMARINE_SHARD] and earned 28019.0 (multiplier: 1.0, uses: 5)
[16:08:16] [ShulkerFix] gyzoxx sold 93366x items [54x SHULKER_BOX, 93312x LEAD] from shulker boxes and earned 714,193.19 (multiplier: 1.4, uses: 3)
[16:08:17] [ShulkerFix] gyzoxx sold 93366x items [54x SHULKER_BOX, 93312x LEAD] from shulker boxes and earned 714,193.19 (multiplier: 1.4, uses: 2)
[16:08:18] [ShulkerFix] gyzoxx sold 93366x items [54x SHULKER_BOX, 93312x LEAD] from shulker boxes and earned 714,193.19 (multiplier: 1.4, uses: 1)
[16:08:18] [ShulkerFix] gyzoxx sold 93366x items [54x SHULKER_BOX, 93312x LEAD] from shulker boxes and earned 714,193.19 (multiplier: 1.4, uses: 0)
[16:15:47] [ShulkerFix] gyzoxx sold 51870x items [30x SHULKER_BOX, 51840x CRIMSON_ROOTS] from shulker boxes and earned 150,357.61 (multiplier: 1.2, uses: 24)
[16:15:48] [ShulkerFix] gyzoxx sold 44954x items [26x SHULKER_BOX, 44928x CRIMSON_ROOTS] from shulker boxes and earned 130,309.93 (multiplier: 1.2, uses: 23)
[16:15:50] [ShulkerFix] gyzoxx sold 34580x items [20x SHULKER_BOX, 34560x CRIMSON_ROOTS] from shulker boxes and earned 100,238.4 (multiplier: 1.2, uses: 22)
[16:15:55] [ShulkerFix] gyzoxx sold 34580x items [20x SHULKER_BOX, 34560x CRIMSON_ROOTS] from shulker boxes and earned 100,238.4 (multiplier: 1.2, uses: 21)
[16:49:23] [ShulkerFix] jomami24 sold 93366x items [54x SHULKER_BOX, 93312x LEAD] from shulker boxes and earned 714,193.19 (multiplier: 1.4, uses: 4)
[16:49:23] [ShulkerFix] jomami24 sold 93366x items [54x SHULKER_BOX, 93312x LEAD] from shulker boxes and earned 714,193.19 (multiplier: 1.4, uses: 3)
[16:49:24] [ShulkerFix] jomami24 sold 93366x items [54x SHULKER_BOX, 93312x LEAD] from shulker boxes and earned 714,193.19 (multiplier: 1.4, uses: 2)
[16:49:24] [ShulkerFix] jomami24 sold 93366x items [54x SHULKER_BOX, 93312x LEAD] from shulker boxes and earned 714,193.19 (multiplier: 1.4, uses: 1)
[16:49:25] [ShulkerFix] jomami24 sold 93366x items [54x SHULKER_BOX, 93312x LEAD] from shulker boxes and earned 714,193.19 (multiplier: 1.4, uses: 0)
[16:50:45] [ShulkerFix] jomami24 sold 93366x items [54x SHULKER_BOX, 93312x LEAD] from shulker boxes and earned 714,193.19 (multiplier: 1.4, uses: 9)
[16:50:46] [ShulkerFix] jomami24 sold 93366x items [54x SHULKER_BOX, 93312x LEAD] from shulker boxes and earned 714,193.19 (multiplier: 1.4, uses: 8)
[16:50:46] [ShulkerFix] jomami24 sold 93366x items [54x SHULKER_BOX, 93312x LEAD] from shulker boxes and earned 714,193.19 (multiplier: 1.4, uses: 7)
[16:50:46] [ShulkerFix] jomami24 sold 93366x items [54x SHULKER_BOX, 93312x LEAD] from shulker boxes and earned 714,193.19 (multiplier: 1.4, uses: 6)
[16:50:47] [ShulkerFix] jomami24 sold 93366x items [54x SHULKER_BOX, 93312x LEAD] from shulker boxes and earned 714,193.19 (multiplier: 1.4, uses: 5)
[16:50:48] [ShulkerFix] jomami24 sold 93366x items [54x SHULKER_BOX, 93312x LEAD] from shulker boxes and earned 714,193.19 (multiplier: 1.4, uses: 4)
[16:50:58] [ShulkerFix] jomami24 sold 93366x items [54x SHULKER_BOX, 93312x LEAD] from shulker boxes and earned 714,193.19 (multiplier: 1.4, uses: 3)
[17:34:37] [ShulkerFix] MMG4L sold 93366x items [54x SHULKER_BOX, 93312x CRIMSON_ROOTS] from shulker boxes and earned 338,304.6 (multiplier: 1.5, uses: 24)
[17:34:44] [ShulkerFix] MMG4L sold 93366x items [54x SHULKER_BOX, 93312x CRIMSON_ROOTS] from shulker boxes and earned 338,304.6 (multiplier: 1.5, uses: 23)
[17:34:53] [ShulkerFix] MMG4L sold 93366x items [54x SHULKER_BOX, 93312x CRIMSON_ROOTS] from shulker boxes and earned 338,304.6 (multiplier: 1.5, uses: 22)
[17:35:02] [ShulkerFix] MMG4L sold 93366x items [54x SHULKER_BOX, 93312x CRIMSON_ROOTS] from shulker boxes and earned 338,304.6 (multiplier: 1.5, uses: 21)
[17:35:07] [ShulkerFix] MMG4L sold 93366x items [54x SHULKER_BOX, 93312x CRIMSON_ROOTS] from shulker boxes and earned 338,304.6 (multiplier: 1.5, uses: 20)
[17:35:13] [ShulkerFix] MMG4L sold 93366x items [54x SHULKER_BOX, 93312x CRIMSON_ROOTS] from shulker boxes and earned 338,304.6 (multiplier: 1.5, uses: 19)
[17:35:20] [ShulkerFix] MMG4L sold 93366x items [54x SHULKER_BOX, 93312x CRIMSON_ROOTS] from shulker boxes and earned 338,304.6 (multiplier: 1.5, uses: 18)
[17:35:25] [ShulkerFix] MMG4L sold 93366x items [54x SHULKER_BOX, 93312x CRIMSON_ROOTS] from shulker boxes and earned 338,304.6 (multiplier: 1.5, uses: 17)
[17:35:35] [ShulkerFix] MMG4L sold 93366x items [54x SHULKER_BOX, 93312x CRIMSON_ROOTS] from shulker boxes and earned 338,304.6 (multiplier: 1.5, uses: 16)
[17:35:42] [ShulkerFix] MMG4L sold 93366x items [54x SHULKER_BOX, 93312x CRIMSON_ROOTS] from shulker boxes and earned 338,304.6 (multiplier: 1.5, uses: 15)
[17:35:47] [ShulkerFix] MMG4L sold 93366x items [54x SHULKER_BOX, 93312x CRIMSON_ROOTS] from shulker boxes and earned 338,304.6 (multiplier: 1.5, uses: 14)
[17:35:52] [ShulkerFix] MMG4L sold 93366x items [54x SHULKER_BOX, 93312x CRIMSON_ROOTS] from shulker boxes and earned 338,304.6 (multiplier: 1.5, uses: 13)
[17:35:56] [ShulkerFix] MMG4L sold 93366x items [54x SHULKER_BOX, 93312x CRIMSON_ROOTS] from shulker boxes and earned 338,304.6 (multiplier: 1.5, uses: 12)
[17:36:05] [ShulkerFix] MMG4L sold 93366x items [54x SHULKER_BOX, 93312x CRIMSON_ROOTS] from shulker boxes and earned 338,304.6 (multiplier: 1.5, uses: 11)
[17:36:21] [ShulkerFix] MMG4L sold 93366x items [54x SHULKER_BOX, 93312x CRIMSON_ROOTS] from shulker boxes and earned 338,304.6 (multiplier: 1.5, uses: 10)
[17:36:28] [ShulkerFix] MMG4L sold 93366x items [54x SHULKER_BOX, 93312x CRIMSON_ROOTS] from shulker boxes and earned 338,304.6 (multiplier: 1.5, uses: 9)
[17:37:08] [ShulkerFix] MMG4L sold 93366x items [54x SHULKER_BOX, 93312x CRIMSON_ROOTS] from shulker boxes and earned 338,304.6 (multiplier: 1.5, uses: 8)
[18:30:23] [ShulkerFix] CHAMALLOOO sold 67433x items [41x SHULKER_BOX, 67392x CRIMSON_ROOTS] from shulker boxes and earned 245,456.1 (multiplier: 1.5, uses: 17)
[18:30:23] [ShulkerFix] CHAMALLOOO sold 93366x items [54x SHULKER_BOX, 93312x CRIMSON_ROOTS] from shulker boxes and earned 338,304.6 (multiplier: 1.5, uses: 16)
[18:30:25] [ShulkerFix] CHAMALLOOO sold 93366x items [54x SHULKER_BOX, 93312x CRIMSON_ROOTS] from shulker boxes and earned 338,304.6 (multiplier: 1.5, uses: 15)
[18:34:05] [ShulkerFix] CHAMALLOOO sold 93366x items [54x SHULKER_BOX, 93312x LEAD] from shulker boxes and earned 765,207 (multiplier: 1.5, uses: 14)
[18:34:05] [ShulkerFix] CHAMALLOOO sold 93366x items [54x SHULKER_BOX, 93312x LEAD] from shulker boxes and earned 765,207 (multiplier: 1.5, uses: 13)
[18:34:06] [ShulkerFix] CHAMALLOOO sold 93366x items [54x SHULKER_BOX, 93312x LEAD] from shulker boxes and earned 765,207 (multiplier: 1.5, uses: 12)
[18:52:12] REMIFLASH sold 938x items [938x RESIN_CLUMP] and earned 4690.0 (multiplier: 1.0, uses: 14)
[18:52:56] REMIFLASH sold 520x items [520x RESIN_CLUMP] and earned 2600.0 (multiplier: 1.0, uses: 13)
[18:53:02] REMIFLASH sold 42x items [42x RESIN_CLUMP] and earned 210.0 (multiplier: 1.0, uses: 12)
[21:30:33] [ShulkerFix] jomami24 sold 93366x items [54x SHULKER_BOX, 93312x LEAD] from shulker boxes and earned 510,138 (multiplier: 1.0, uses: 24)
[21:48:05] REMIFLASH sold 1706x items [1706x RESIN_CLUMP] and earned 8530.0 (multiplier: 1.0, uses: 22)
[21:49:53] REMIFLASH sold 1248x items [1248x RESIN_CLUMP] and earned 6240.0 (multiplier: 1.0, uses: 21)
[22:03:56] Its_Jsh sold 32x items [2x COAL_BLOCK, 2x DIAMOND_BLOCK, 2x GOLDEN_CARROT, 4x NETHERITE_BLOCK, 2x ANCIENT_DEBRIS, 20x ENDER_PEARL] and earned 1562.19 (multiplier: 1.5, uses: 21)
[22:04:24] [ShulkerFix] Its_Jsh sold 12104x items [8x SHULKER_BOX, 12096x SEA_PICKLE] from shulker boxes and earned 53,488.8 (multiplier: 1.5, uses: 20)
[22:29:44] [ShulkerFix] gyzoxx sold 93366x items [54x SHULKER_BOX, 93312x LEAD] from shulker boxes and earned 714,193.19 (multiplier: 1.4, uses: 14)
[22:29:45] [ShulkerFix] gyzoxx sold 93366x items [54x SHULKER_BOX, 93312x LEAD] from shulker boxes and earned 714,193.19 (multiplier: 1.4, uses: 13)
[22:29:45] [ShulkerFix] gyzoxx sold 93366x items [54x SHULKER_BOX, 93312x LEAD] from shulker boxes and earned 714,193.19 (multiplier: 1.4, uses: 12)
[22:29:49] [ShulkerFix] gyzoxx sold 93366x items [54x SHULKER_BOX, 93312x LEAD] from shulker boxes and earned 714,193.19 (multiplier: 1.4, uses: 14)
