[03:03:37] magiclight866 sold 260x items [260x DRIED_KELP_BLOCK] and earned 2210.0 (multiplier: 1.0, uses: 16)
[03:03:56] magiclight866 sold 1138x items [1138x KELP] and earned 682.7999999999998 (multiplier: 1.0, uses: 15)
[03:47:21] magiclight866 sold 1255x items [1255x KELP] and earned 752.9999999999998 (multiplier: 1.0, uses: 14)
[03:47:31] magiclight866 sold 15x items [15x KELP] and earned 9.0 (multiplier: 1.0, uses: 13)
[03:47:39] magiclight866 sold 91x items [91x KELP] and earned 54.599999999999994 (multiplier: 1.0, uses: 12)
[03:47:44] magiclight866 sold 2831x items [2831x KELP] and earned 1698.6000000000013 (multiplier: 1.0, uses: 11)
[03:47:49] magiclight866 sold 3456x items [3456x KELP] and earned 2073.600000000002 (multiplier: 1.0, uses: 10)
[03:47:55] magiclight866 sold 3456x items [3456x KELP] and earned 2073.600000000002 (multiplier: 1.0, uses: 9)
[03:48:01] magiclight866 sold 2631x items [2631x KELP] and earned 1578.600000000001 (multiplier: 1.0, uses: 8)
[03:48:06] magiclight866 sold 53x items [53x KELP] and earned 31.799999999999997 (multiplier: 1.0, uses: 7)
[06:49:26] magiclight866 sold 3456x items [3456x BAMBOO] and earned 5633.279999999998 (multiplier: 1.0, uses: 6)
[14:00:33] [ShulkerFix] MMG4L sold 93366x items [54x SHULKER_BOX, 93312x CRIMSON_ROOTS] from shulker boxes and earned 270,643.69 (multiplier: 1.2, uses: 24)
[14:00:41] [ShulkerFix] MMG4L sold 93366x items [54x SHULKER_BOX, 93312x CRIMSON_ROOTS] from shulker boxes and earned 270,643.69 (multiplier: 1.2, uses: 23)
[14:00:47] [ShulkerFix] MMG4L sold 93366x items [54x SHULKER_BOX, 93312x CRIMSON_ROOTS] from shulker boxes and earned 270,643.69 (multiplier: 1.2, uses: 22)
[14:00:51] [ShulkerFix] MMG4L sold 93366x items [54x SHULKER_BOX, 93312x CRIMSON_ROOTS] from shulker boxes and earned 270,643.69 (multiplier: 1.2, uses: 21)
[14:00:53] [ShulkerFix] MMG4L sold 93366x items [54x SHULKER_BOX, 93312x CRIMSON_ROOTS] from shulker boxes and earned 270,643.69 (multiplier: 1.2, uses: 20)
[14:00:58] [ShulkerFix] MMG4L sold 93366x items [54x SHULKER_BOX, 93312x CRIMSON_ROOTS] from shulker boxes and earned 270,643.69 (multiplier: 1.2, uses: 19)
[14:01:37] [ShulkerFix] MMG4L sold 93366x items [54x SHULKER_BOX, 93312x CRIMSON_ROOTS] from shulker boxes and earned 270,643.69 (multiplier: 1.2, uses: 18)
[14:01:43] [ShulkerFix] MMG4L sold 93366x items [54x SHULKER_BOX, 93312x CRIMSON_ROOTS] from shulker boxes and earned 270,643.69 (multiplier: 1.2, uses: 17)
[14:01:46] [ShulkerFix] MMG4L sold 93366x items [54x SHULKER_BOX, 93312x CRIMSON_ROOTS] from shulker boxes and earned 270,643.69 (multiplier: 1.2, uses: 16)
[14:01:51] [ShulkerFix] MMG4L sold 93366x items [54x SHULKER_BOX, 93312x CRIMSON_ROOTS] from shulker boxes and earned 270,643.69 (multiplier: 1.2, uses: 15)
[14:01:54] [ShulkerFix] MMG4L sold 93366x items [54x SHULKER_BOX, 93312x CRIMSON_ROOTS] from shulker boxes and earned 270,643.69 (multiplier: 1.2, uses: 14)
[14:01:57] [ShulkerFix] MMG4L sold 93366x items [54x SHULKER_BOX, 93312x CRIMSON_ROOTS] from shulker boxes and earned 270,643.69 (multiplier: 1.2, uses: 13)
[14:02:02] [ShulkerFix] MMG4L sold 93366x items [54x SHULKER_BOX, 93312x CRIMSON_ROOTS] from shulker boxes and earned 270,643.69 (multiplier: 1.2, uses: 12)
[14:02:18] [ShulkerFix] MMG4L sold 93366x items [54x SHULKER_BOX, 93312x CRIMSON_ROOTS] from shulker boxes and earned 270,643.69 (multiplier: 1.2, uses: 11)
[14:02:33] [ShulkerFix] MMG4L sold 93366x items [54x SHULKER_BOX, 93312x CRIMSON_ROOTS] from shulker boxes and earned 270,643.69 (multiplier: 1.2, uses: 10)
[14:02:34] [ShulkerFix] MMG4L sold 93366x items [54x SHULKER_BOX, 93312x CRIMSON_ROOTS] from shulker boxes and earned 270,643.69 (multiplier: 1.2, uses: 9)
[14:02:35] [ShulkerFix] MMG4L sold 93366x items [54x SHULKER_BOX, 93312x CRIMSON_ROOTS] from shulker boxes and earned 270,643.69 (multiplier: 1.2, uses: 8)
[14:02:35] [ShulkerFix] MMG4L sold 93366x items [54x SHULKER_BOX, 93312x CRIMSON_ROOTS] from shulker boxes and earned 270,643.69 (multiplier: 1.2, uses: 7)
[14:02:36] [ShulkerFix] MMG4L sold 93366x items [54x SHULKER_BOX, 93312x CRIMSON_ROOTS] from shulker boxes and earned 270,643.69 (multiplier: 1.2, uses: 6)
[14:02:38] [ShulkerFix] MMG4L sold 93366x items [54x SHULKER_BOX, 93312x CRIMSON_ROOTS] from shulker boxes and earned 270,643.69 (multiplier: 1.2, uses: 5)
[14:02:38] [ShulkerFix] MMG4L sold 93366x items [54x SHULKER_BOX, 93312x CRIMSON_ROOTS] from shulker boxes and earned 270,643.69 (multiplier: 1.2, uses: 4)
[14:02:39] [ShulkerFix] MMG4L sold 93366x items [54x SHULKER_BOX, 93312x CRIMSON_ROOTS] from shulker boxes and earned 270,643.69 (multiplier: 1.2, uses: 3)
[14:02:40] [ShulkerFix] MMG4L sold 93366x items [54x SHULKER_BOX, 93312x CRIMSON_ROOTS] from shulker boxes and earned 270,643.69 (multiplier: 1.2, uses: 2)
[14:02:42] [ShulkerFix] MMG4L sold 93366x items [54x SHULKER_BOX, 93312x CRIMSON_ROOTS] from shulker boxes and earned 270,643.69 (multiplier: 1.2, uses: 1)
[14:04:05] [ShulkerFix] MMG4L sold 93366x items [54x SHULKER_BOX, 93312x CRIMSON_ROOTS] from shulker boxes and earned 270,643.69 (multiplier: 1.2, uses: 0)
[15:04:14] magiclight866 sold 3131x items [3131x BAMBOO] and earned 5103.53 (multiplier: 1.0, uses: 5)
[15:04:20] magiclight866 sold 3456x items [3456x BAMBOO] and earned 5633.279999999998 (multiplier: 1.0, uses: 4)
[15:04:26] magiclight866 sold 3456x items [3456x BAMBOO] and earned 5633.279999999998 (multiplier: 1.0, uses: 3)
[15:04:33] magiclight866 sold 3158x items [3158x BAMBOO] and earned 5147.539999999999 (multiplier: 1.0, uses: 2)
[15:04:40] magiclight866 sold 3199x items [3199x BAMBOO] and earned 5214.369999999999 (multiplier: 1.0, uses: 1)
[15:04:45] magiclight866 sold 3067x items [3067x BAMBOO] and earned 4999.21 (multiplier: 1.0, uses: 0)
[16:30:15] MMG4L sold 1699x items [1216x IRON_INGOT, 99x DIAMOND, 384x GOLD_INGOT] and earned 4917.899999999999 (multiplier: 1.0, uses: 24)
[21:54:58] .Elcam47 sold 1361x items [103x GLASS_BOTTLE, 110x GUNPOWDER, 78x SUGAR, 110x SPIDER_EYE, 960x REDSTONE] and earned 1619.6400351047519 (multiplier: 1.1, uses: 9)
[21:55:07] .Elcam47 sold 522x items [101x PRISMARINE_CRYSTALS, 94x COD, 327x PRISMARINE_SHARD] and earned 4785.550103724003 (multiplier: 1.1, uses: 8)
